<?xml version="1.0" encoding="UTF-8" ?>
<testsuite tests="10" failures="3" name="jp.bo.bocc.service.impl.TalkPurcServiceImplTest" time="1.511" errors="3" skipped="0">
  <properties>
[...]
</properties>
  <testcase classname="jp.bo.bocc.service.impl.TalkPurcServiceImplTest" name="findTalkPurcByPostIdAndPartnerIdNotFound" time="0.105"/>
  <testcase classname="jp.bo.bocc.service.impl.TalkPurcServiceImplTest" name="testGetAllTalkPurcMsg" time="0.146">
    <error type="java.lang.NullPointerException">java.lang.NullPointerException
	at jp.bo.bocc.service.impl.TalkPurcServiceImplTest.testGetAllTalkPurcMsg(TalkPurcServiceImplTest.java:110)
	at sun.reflect.NativeMethodAccessorImpl.invoke0(Native Method)
	at sun.reflect.NativeMethodAccessorImpl.invoke(NativeMethodAccessorImpl.java:62)
	at sun.reflect.DelegatingMethodAccessorImpl.invoke(DelegatingMethodAccessorImpl.java:43)
	at java.lang.reflect.Method.invoke(Method.java:498)
	at org.junit.runners.model.FrameworkMethod$1.runReflectiveCall(FrameworkMethod.java:50)
	at org.junit.internal.runners.model.ReflectiveCallable.run(ReflectiveCallable.java:12)
	at org.junit.runners.model.FrameworkMethod.invokeExplosively(FrameworkMethod.java:47)
	at org.junit.internal.runners.statements.InvokeMethod.evaluate(InvokeMethod.java:17)
	at org.springframework.test.context.junit4.statements.RunBeforeTestMethodCallbacks.evaluate(RunBeforeTestMethodCallbacks.java:75)
	at org.springframework.test.context.junit4.statements.RunAfterTestMethodCallbacks.evaluate(RunAfterTestMethodCallbacks.java:86)
	at org.springframework.test.context.junit4.statements.SpringRepeat.evaluate(SpringRepeat.java:84)
	at org.junit.runners.ParentRunner.runLeaf(ParentRunner.java:325)
	at org.springframework.test.context.junit4.SpringJUnit4ClassRunner.runChild(SpringJUnit4ClassRunner.java:252)
	at org.springframework.test.context.junit4.SpringJUnit4ClassRunner.runChild(SpringJUnit4ClassRunner.java:94)
	at org.junit.runners.ParentRunner$3.run(ParentRunner.java:290)
	at org.junit.runners.ParentRunner$1.schedule(ParentRunner.java:71)
	at org.junit.runners.ParentRunner.runChildren(ParentRunner.java:288)
	at org.junit.runners.ParentRunner.access$000(ParentRunner.java:58)
	at org.junit.runners.ParentRunner$2.evaluate(ParentRunner.java:268)
	at org.springframework.test.context.junit4.statements.RunBeforeTestClassCallbacks.evaluate(RunBeforeTestClassCallbacks.java:61)
	at org.springframework.test.context.junit4.statements.RunAfterTestClassCallbacks.evaluate(RunAfterTestClassCallbacks.java:70)
	at org.junit.runners.ParentRunner.run(ParentRunner.java:363)
	at org.springframework.test.context.junit4.SpringJUnit4ClassRunner.run(SpringJUnit4ClassRunner.java:191)
	at org.apache.maven.surefire.junit4.JUnit4Provider.execute(JUnit4Provider.java:252)
	at org.apache.maven.surefire.junit4.JUnit4Provider.executeTestSet(JUnit4Provider.java:141)
	at org.apache.maven.surefire.junit4.JUnit4Provider.invoke(JUnit4Provider.java:112)
	at sun.reflect.NativeMethodAccessorImpl.invoke0(Native Method)
	at sun.reflect.NativeMethodAccessorImpl.invoke(NativeMethodAccessorImpl.java:62)
	at sun.reflect.DelegatingMethodAccessorImpl.invoke(DelegatingMethodAccessorImpl.java:43)
	at java.lang.reflect.Method.invoke(Method.java:498)
	at org.apache.maven.surefire.util.ReflectionUtils.invokeMethodWithArray(ReflectionUtils.java:189)
	at org.apache.maven.surefire.booter.ProviderFactory$ProviderProxy.invoke(ProviderFactory.java:165)
	at org.apache.maven.surefire.booter.ProviderFactory.invokeProvider(ProviderFactory.java:85)
	at org.apache.maven.surefire.booter.ForkedBooter.runSuitesInProcess(ForkedBooter.java:115)
	at org.apache.maven.surefire.booter.ForkedBooter.main(ForkedBooter.java:75)
</error>
    <system-out>17/12/05 19:02:32 INFO TransactionContext: Began transaction (1) for test context [DefaultTestContext@727f36dd testClass = TalkPurcServiceImplTest, testInstance = jp.bo.bocc.service.impl.TalkPurcServiceImplTest@2e91cf69, testMethod = testGetAllTalkPurcMsg@TalkPurcServiceImplTest, testException = [null], mergedContextConfiguration = [MergedContextConfiguration@3661b732 testClass = TalkPurcServiceImplTest, locations = &apos;{}&apos;, classes = &apos;{class jp.bo.bocc.system.config.AppConfig}&apos;, contextInitializerClasses = &apos;[]&apos;, activeProfiles = &apos;{app}&apos;, propertySourceLocations = &apos;{}&apos;, propertySourceProperties = &apos;{}&apos;, contextCustomizers = set[[empty]], contextLoader = &apos;org.springframework.test.context.support.DelegatingSmartContextLoader&apos;, parent = [null]]]; transaction manager [org.springframework.orm.jpa.JpaTransactionManager@3fde8f7c]; rollback [true]
Hibernate: select shttalkpur0_.TALK_PURC_ID as TALK_PURC_ID1_21_, shttalkpur0_.CMN_ENTRY_DATE as CMN_ENTRY_DATE2_21_, shttalkpur0_.CMN_ENTRY_USER_NO as CMN_ENTRY_USER_NO3_21_, shttalkpur0_.CMN_ENTRY_USER_TYPE as CMN_ENTRY_USER_TYP4_21_, shttalkpur0_.CMN_DELETE_FLAG as CMN_DELETE_FLAG5_21_, shttalkpur0_.CMN_LAST_UPDT_DATE as CMN_LAST_UPDT_DATE6_21_, shttalkpur0_.CMN_LAST_UPDT_USER_NO as CMN_LAST_UPDT_USER7_21_, shttalkpur0_.CMN_LAST_UPDT_USER_TYPE as CMN_LAST_UPDT_USER8_21_, shttalkpur0_.TALK_PURC_POST_ID as TALK_PURC_POST_ID11_21_, shttalkpur0_.TALK_PURC_PART_ID as TALK_PURC_PART_ID12_21_, shttalkpur0_.TALK_PURC_STATUS as TALK_PURC_STATUS9_21_, shttalkpur0_.TALK_PURC_TEND_TO_SELL_TIME as TALK_PURC_TEND_TO10_21_ from SHT_TALK_PURC shttalkpur0_ where ( shttalkpur0_.CMN_DELETE_FLAG=0) and shttalkpur0_.TALK_PURC_POST_ID=?
17/12/05 19:02:32 INFO TransactionContext: Rolled back transaction for test context [DefaultTestContext@727f36dd testClass = TalkPurcServiceImplTest, testInstance = jp.bo.bocc.service.impl.TalkPurcServiceImplTest@2e91cf69, testMethod = testGetAllTalkPurcMsg@TalkPurcServiceImplTest, testException = java.lang.NullPointerException, mergedContextConfiguration = [MergedContextConfiguration@3661b732 testClass = TalkPurcServiceImplTest, locations = &apos;{}&apos;, classes = &apos;{class jp.bo.bocc.system.config.AppConfig}&apos;, contextInitializerClasses = &apos;[]&apos;, activeProfiles = &apos;{app}&apos;, propertySourceLocations = &apos;{}&apos;, propertySourceProperties = &apos;{}&apos;, contextCustomizers = set[[empty]], contextLoader = &apos;org.springframework.test.context.support.DelegatingSmartContextLoader&apos;, parent = [null]]].
</system-out>
  </testcase>
  <testcase classname="jp.bo.bocc.service.impl.TalkPurcServiceImplTest" name="findTalkPurcByPostIdAndPartnerId" time="0.119">
    <failure type="java.lang.AssertionError">java.lang.AssertionError
	at org.junit.Assert.fail(Assert.java:86)
	at org.junit.Assert.assertTrue(Assert.java:41)
	at org.junit.Assert.assertNotNull(Assert.java:712)
	at org.junit.Assert.assertNotNull(Assert.java:722)
	at jp.bo.bocc.service.impl.TalkPurcServiceImplTest.findTalkPurcByPostIdAndPartnerId(TalkPurcServiceImplTest.java:49)
	at sun.reflect.NativeMethodAccessorImpl.invoke0(Native Method)
	at sun.reflect.NativeMethodAccessorImpl.invoke(NativeMethodAccessorImpl.java:62)
	at sun.reflect.DelegatingMethodAccessorImpl.invoke(DelegatingMethodAccessorImpl.java:43)
	at java.lang.reflect.Method.invoke(Method.java:498)
	at org.junit.runners.model.FrameworkMethod$1.runReflectiveCall(FrameworkMethod.java:50)
	at org.junit.internal.runners.model.ReflectiveCallable.run(ReflectiveCallable.java:12)
	at org.junit.runners.model.FrameworkMethod.invokeExplosively(FrameworkMethod.java:47)
	at org.junit.internal.runners.statements.InvokeMethod.evaluate(InvokeMethod.java:17)
	at org.springframework.test.context.junit4.statements.RunBeforeTestMethodCallbacks.evaluate(RunBeforeTestMethodCallbacks.java:75)
	at org.springframework.test.context.junit4.statements.RunAfterTestMethodCallbacks.evaluate(RunAfterTestMethodCallbacks.java:86)
	at org.springframework.test.context.junit4.statements.SpringRepeat.evaluate(SpringRepeat.java:84)
	at org.junit.runners.ParentRunner.runLeaf(ParentRunner.java:325)
	at org.springframework.test.context.junit4.SpringJUnit4ClassRunner.runChild(SpringJUnit4ClassRunner.java:252)
	at org.springframework.test.context.junit4.SpringJUnit4ClassRunner.runChild(SpringJUnit4ClassRunner.java:94)
	at org.junit.runners.ParentRunner$3.run(ParentRunner.java:290)
	at org.junit.runners.ParentRunner$1.schedule(ParentRunner.java:71)
	at org.junit.runners.ParentRunner.runChildren(ParentRunner.java:288)
	at org.junit.runners.ParentRunner.access$000(ParentRunner.java:58)
	at org.junit.runners.ParentRunner$2.evaluate(ParentRunner.java:268)
	at org.springframework.test.context.junit4.statements.RunBeforeTestClassCallbacks.evaluate(RunBeforeTestClassCallbacks.java:61)
	at org.springframework.test.context.junit4.statements.RunAfterTestClassCallbacks.evaluate(RunAfterTestClassCallbacks.java:70)
	at org.junit.runners.ParentRunner.run(ParentRunner.java:363)
	at org.springframework.test.context.junit4.SpringJUnit4ClassRunner.run(SpringJUnit4ClassRunner.java:191)
	at org.apache.maven.surefire.junit4.JUnit4Provider.execute(JUnit4Provider.java:252)
	at org.apache.maven.surefire.junit4.JUnit4Provider.executeTestSet(JUnit4Provider.java:141)
	at org.apache.maven.surefire.junit4.JUnit4Provider.invoke(JUnit4Provider.java:112)
	at sun.reflect.NativeMethodAccessorImpl.invoke0(Native Method)
	at sun.reflect.NativeMethodAccessorImpl.invoke(NativeMethodAccessorImpl.java:62)
	at sun.reflect.DelegatingMethodAccessorImpl.invoke(DelegatingMethodAccessorImpl.java:43)
	at java.lang.reflect.Method.invoke(Method.java:498)
	at org.apache.maven.surefire.util.ReflectionUtils.invokeMethodWithArray(ReflectionUtils.java:189)
	at org.apache.maven.surefire.booter.ProviderFactory$ProviderProxy.invoke(ProviderFactory.java:165)
	at org.apache.maven.surefire.booter.ProviderFactory.invokeProvider(ProviderFactory.java:85)
	at org.apache.maven.surefire.booter.ForkedBooter.runSuitesInProcess(ForkedBooter.java:115)
	at org.apache.maven.surefire.booter.ForkedBooter.main(ForkedBooter.java:75)
</failure>
    <system-out>17/12/05 19:02:32 INFO TransactionContext: Began transaction (1) for test context [DefaultTestContext@727f36dd testClass = TalkPurcServiceImplTest, testInstance = jp.bo.bocc.service.impl.TalkPurcServiceImplTest@2c224096, testMethod = findTalkPurcByPostIdAndPartnerId@TalkPurcServiceImplTest, testException = [null], mergedContextConfiguration = [MergedContextConfiguration@3661b732 testClass = TalkPurcServiceImplTest, locations = &apos;{}&apos;, classes = &apos;{class jp.bo.bocc.system.config.AppConfig}&apos;, contextInitializerClasses = &apos;[]&apos;, activeProfiles = &apos;{app}&apos;, propertySourceLocations = &apos;{}&apos;, propertySourceProperties = &apos;{}&apos;, contextCustomizers = set[[empty]], contextLoader = &apos;org.springframework.test.context.support.DelegatingSmartContextLoader&apos;, parent = [null]]]; transaction manager [org.springframework.orm.jpa.JpaTransactionManager@3fde8f7c]; rollback [true]
Hibernate: select shttalkpur0_.TALK_PURC_ID as col_0_0_ from SHT_TALK_PURC shttalkpur0_ where ( shttalkpur0_.CMN_DELETE_FLAG=0) and shttalkpur0_.TALK_PURC_POST_ID=? and shttalkpur0_.TALK_PURC_PART_ID=? and ROWNUM&lt;=1
17/12/05 19:02:33 INFO TransactionContext: Rolled back transaction for test context [DefaultTestContext@727f36dd testClass = TalkPurcServiceImplTest, testInstance = jp.bo.bocc.service.impl.TalkPurcServiceImplTest@2c224096, testMethod = findTalkPurcByPostIdAndPartnerId@TalkPurcServiceImplTest, testException = java.lang.AssertionError, mergedContextConfiguration = [MergedContextConfiguration@3661b732 testClass = TalkPurcServiceImplTest, locations = &apos;{}&apos;, classes = &apos;{class jp.bo.bocc.system.config.AppConfig}&apos;, contextInitializerClasses = &apos;[]&apos;, activeProfiles = &apos;{app}&apos;, propertySourceLocations = &apos;{}&apos;, propertySourceProperties = &apos;{}&apos;, contextCustomizers = set[[empty]], contextLoader = &apos;org.springframework.test.context.support.DelegatingSmartContextLoader&apos;, parent = [null]]].
</system-out>
  </testcase>
  <testcase classname="jp.bo.bocc.service.impl.TalkPurcServiceImplTest" name="createTalkPurc" time="0.279">
    <error message="ユーザーがみつかりません。" type="jp.bo.bocc.system.exception.ResourceNotFoundException">jp.bo.bocc.system.exception.ResourceNotFoundException: ユーザーがみつかりません。
	at jp.bo.bocc.service.impl.UserServiceImpl.getUserById(UserServiceImpl.java:189)
	at jp.bo.bocc.service.impl.UserServiceImpl$$FastClassBySpringCGLIB$$3f98627d.invoke(&lt;generated&gt;)
	at org.springframework.cglib.proxy.MethodProxy.invoke(MethodProxy.java:204)
	at org.springframework.aop.framework.CglibAopProxy$CglibMethodInvocation.invokeJoinpoint(CglibAopProxy.java:721)
	at org.springframework.aop.framework.ReflectiveMethodInvocation.proceed(ReflectiveMethodInvocation.java:157)
	at org.springframework.transaction.interceptor.TransactionInterceptor$1.proceedWithInvocation(TransactionInterceptor.java:99)
	at org.springframework.transaction.interceptor.TransactionAspectSupport.invokeWithinTransaction(TransactionAspectSupport.java:282)
	at org.springframework.transaction.interceptor.TransactionInterceptor.invoke(TransactionInterceptor.java:96)
	at org.springframework.aop.framework.ReflectiveMethodInvocation.proceed(ReflectiveMethodInvocation.java:179)
	at org.springframework.aop.framework.CglibAopProxy$DynamicAdvisedInterceptor.intercept(CglibAopProxy.java:656)
	at jp.bo.bocc.service.impl.UserServiceImpl$$EnhancerBySpringCGLIB$$4e33adae.getUserById(&lt;generated&gt;)
	at jp.bo.bocc.service.impl.TalkPurcServiceImpl.createTalkPurc(TalkPurcServiceImpl.java:133)
	at jp.bo.bocc.service.impl.TalkPurcServiceImpl$$FastClassBySpringCGLIB$$441faa6.invoke(&lt;generated&gt;)
	at org.springframework.cglib.proxy.MethodProxy.invoke(MethodProxy.java:204)
	at org.springframework.aop.framework.CglibAopProxy$DynamicAdvisedInterceptor.intercept(CglibAopProxy.java:652)
	at jp.bo.bocc.service.impl.TalkPurcServiceImpl$$EnhancerBySpringCGLIB$$cad857c9.createTalkPurc(&lt;generated&gt;)
	at jp.bo.bocc.service.impl.TalkPurcServiceImplTest.createTalkPurc(TalkPurcServiceImplTest.java:99)
	at sun.reflect.NativeMethodAccessorImpl.invoke0(Native Method)
	at sun.reflect.NativeMethodAccessorImpl.invoke(NativeMethodAccessorImpl.java:62)
	at sun.reflect.DelegatingMethodAccessorImpl.invoke(DelegatingMethodAccessorImpl.java:43)
	at java.lang.reflect.Method.invoke(Method.java:498)
	at org.junit.runners.model.FrameworkMethod$1.runReflectiveCall(FrameworkMethod.java:50)
	at org.junit.internal.runners.model.ReflectiveCallable.run(ReflectiveCallable.java:12)
	at org.junit.runners.model.FrameworkMethod.invokeExplosively(FrameworkMethod.java:47)
	at org.junit.internal.runners.statements.InvokeMethod.evaluate(InvokeMethod.java:17)
	at org.springframework.test.context.junit4.statements.RunBeforeTestMethodCallbacks.evaluate(RunBeforeTestMethodCallbacks.java:75)
	at org.springframework.test.context.junit4.statements.RunAfterTestMethodCallbacks.evaluate(RunAfterTestMethodCallbacks.java:86)
	at org.springframework.test.context.junit4.statements.SpringRepeat.evaluate(SpringRepeat.java:84)
	at org.junit.runners.ParentRunner.runLeaf(ParentRunner.java:325)
	at org.springframework.test.context.junit4.SpringJUnit4ClassRunner.runChild(SpringJUnit4ClassRunner.java:252)
	at org.springframework.test.context.junit4.SpringJUnit4ClassRunner.runChild(SpringJUnit4ClassRunner.java:94)
	at org.junit.runners.ParentRunner$3.run(ParentRunner.java:290)
	at org.junit.runners.ParentRunner$1.schedule(ParentRunner.java:71)
	at org.junit.runners.ParentRunner.runChildren(ParentRunner.java:288)
	at org.junit.runners.ParentRunner.access$000(ParentRunner.java:58)
	at org.junit.runners.ParentRunner$2.evaluate(ParentRunner.java:268)
	at org.springframework.test.context.junit4.statements.RunBeforeTestClassCallbacks.evaluate(RunBeforeTestClassCallbacks.java:61)
	at org.springframework.test.context.junit4.statements.RunAfterTestClassCallbacks.evaluate(RunAfterTestClassCallbacks.java:70)
	at org.junit.runners.ParentRunner.run(ParentRunner.java:363)
	at org.springframework.test.context.junit4.SpringJUnit4ClassRunner.run(SpringJUnit4ClassRunner.java:191)
	at org.apache.maven.surefire.junit4.JUnit4Provider.execute(JUnit4Provider.java:252)
	at org.apache.maven.surefire.junit4.JUnit4Provider.executeTestSet(JUnit4Provider.java:141)
	at org.apache.maven.surefire.junit4.JUnit4Provider.invoke(JUnit4Provider.java:112)
	at sun.reflect.NativeMethodAccessorImpl.invoke0(Native Method)
	at sun.reflect.NativeMethodAccessorImpl.invoke(NativeMethodAccessorImpl.java:62)
	at sun.reflect.DelegatingMethodAccessorImpl.invoke(DelegatingMethodAccessorImpl.java:43)
	at java.lang.reflect.Method.invoke(Method.java:498)
	at org.apache.maven.surefire.util.ReflectionUtils.invokeMethodWithArray(ReflectionUtils.java:189)
	at org.apache.maven.surefire.booter.ProviderFactory$ProviderProxy.invoke(ProviderFactory.java:165)
	at org.apache.maven.surefire.booter.ProviderFactory.invokeProvider(ProviderFactory.java:85)
	at org.apache.maven.surefire.booter.ForkedBooter.runSuitesInProcess(ForkedBooter.java:115)
	at org.apache.maven.surefire.booter.ForkedBooter.main(ForkedBooter.java:75)
</error>
    <system-out>17/12/05 19:02:33 INFO TransactionContext: Began transaction (1) for test context [DefaultTestContext@727f36dd testClass = TalkPurcServiceImplTest, testInstance = jp.bo.bocc.service.impl.TalkPurcServiceImplTest@6a5c2d2d, testMethod = createTalkPurc@TalkPurcServiceImplTest, testException = [null], mergedContextConfiguration = [MergedContextConfiguration@3661b732 testClass = TalkPurcServiceImplTest, locations = &apos;{}&apos;, classes = &apos;{class jp.bo.bocc.system.config.AppConfig}&apos;, contextInitializerClasses = &apos;[]&apos;, activeProfiles = &apos;{app}&apos;, propertySourceLocations = &apos;{}&apos;, propertySourceProperties = &apos;{}&apos;, contextCustomizers = set[[empty]], contextLoader = &apos;org.springframework.test.context.support.DelegatingSmartContextLoader&apos;, parent = [null]]]; transaction manager [org.springframework.orm.jpa.JpaTransactionManager@3fde8f7c]; rollback [false]
Hibernate: select shmpost0_.POST_ID as POST_ID1_4_0_, shmpost0_.CMN_ENTRY_DATE as CMN_ENTRY_DATE2_4_0_, shmpost0_.CMN_ENTRY_USER_NO as CMN_ENTRY_USER_NO3_4_0_, shmpost0_.CMN_ENTRY_USER_TYPE as CMN_ENTRY_USER_TYP4_4_0_, shmpost0_.CMN_DELETE_FLAG as CMN_DELETE_FLAG5_4_0_, shmpost0_.CMN_LAST_UPDT_DATE as CMN_LAST_UPDT_DATE6_4_0_, shmpost0_.CMN_LAST_UPDT_USER_NO as CMN_LAST_UPDT_USER7_4_0_, shmpost0_.CMN_LAST_UPDT_USER_TYPE as CMN_LAST_UPDT_USER8_4_0_, shmpost0_.DESTINATION_PUBLISH_TYPE as DESTINATION_PUBLIS9_4_0_, shmpost0_.GROUP_PUBLISH_ID as GROUP_PUBLISH_ID10_4_0_, shmpost0_.POST_IS_IN_PATROL as POST_IS_IN_PATROL11_4_0_, shmpost0_.POST_PARTNER_ID as POST_PARTNER_ID12_4_0_, shmpost0_.POST_ADDR_TXT as POST_ADDR_TXT13_4_0_, shmpost0_.POST_CATEGORY_ID as POST_CATEGORY_ID27_4_0_, shmpost0_.POST_CTRL_STATUS as POST_CTRL_STATUS14_4_0_, shmpost0_.POST_DESCRIPTION as POST_DESCRIPTION15_4_0_, shmpost0_.POST_HASH_TAG_VAL as POST_HASH_TAG_VAL16_4_0_, shmpost0_.POST_IMAGES as POST_IMAGES17_4_0_, shmpost0_.POST_LIKE_TIMES as POST_LIKE_TIMES18_4_0_, shmpost0_.POST_NAME as POST_NAME19_4_0_, shmpost0_.POST_PRICE as POST_PRICE20_4_0_, shmpost0_.POST_PTRL_STATUS as POST_PTRL_STATUS21_4_0_, shmpost0_.POST_REPORT_TIMES as POST_REPORT_TIMES22_4_0_, shmpost0_.POST_SELL_STATUS as POST_SELL_STATUS23_4_0_, shmpost0_.POST_TYPE as POST_TYPE24_4_0_, shmpost0_.POST_ADDR as POST_ADDR28_4_0_, shmpost0_.POST_USER_ID as POST_USER_ID29_4_0_, shmpost0_.POST_TIME_PATROL as POST_TIME_PATROL25_4_0_, shmpost0_.USER_UPDATE_AT as USER_UPDATE_AT26_4_0_, shmcategor1_.CATEGORY_ID as CATEGORY_ID1_3_1_, shmcategor1_.CMN_ENTRY_DATE as CMN_ENTRY_DATE2_3_1_, shmcategor1_.CMN_ENTRY_USER_NO as CMN_ENTRY_USER_NO3_3_1_, shmcategor1_.CMN_ENTRY_USER_TYPE as CMN_ENTRY_USER_TYP4_3_1_, shmcategor1_.CMN_DELETE_FLAG as CMN_DELETE_FLAG5_3_1_, shmcategor1_.CMN_LAST_UPDT_DATE as CMN_LAST_UPDT_DATE6_3_1_, shmcategor1_.CMN_LAST_UPDT_USER_NO as CMN_LAST_UPDT_USER7_3_1_, shmcategor1_.CMN_LAST_UPDT_USER_TYPE as CMN_LAST_UPDT_USER8_3_1_, shmcategor1_.CATEGORY_NAME as CATEGORY_NAME9_3_1_, shmcategor1_.CATEGORY_PARENT_ID as CATEGORY_PARENT_I10_3_1_, shmcategor1_.IMAGE_REQUIRED as IMAGE_REQUIRED11_3_1_, shmaddr2_.ADDR_ID as ADDR_ID1_0_2_, shmaddr2_.CMN_ENTRY_DATE as CMN_ENTRY_DATE2_0_2_, shmaddr2_.CMN_ENTRY_USER_NO as CMN_ENTRY_USER_NO3_0_2_, shmaddr2_.CMN_ENTRY_USER_TYPE as CMN_ENTRY_USER_TYP4_0_2_, shmaddr2_.CMN_DELETE_FLAG as CMN_DELETE_FLAG5_0_2_, shmaddr2_.CMN_LAST_UPDT_DATE as CMN_LAST_UPDT_DATE6_0_2_, shmaddr2_.CMN_LAST_UPDT_USER_NO as CMN_LAST_UPDT_USER7_0_2_, shmaddr2_.CMN_LAST_UPDT_USER_TYPE as CMN_LAST_UPDT_USER8_0_2_, shmaddr2_.ADDR_PARENT_ID as ADDR_PARENT_ID9_0_2_, shmaddr2_.ADDR_AREA_CODE as ADDR_AREA_CODE10_0_2_, shmaddr2_.ADDR_AREA_NAME as ADDR_AREA_NAME11_0_2_, shmuser3_.USER_ID as USER_ID1_5_3_, shmuser3_.CMN_ENTRY_DATE as CMN_ENTRY_DATE2_5_3_, shmuser3_.CMN_ENTRY_USER_NO as CMN_ENTRY_USER_NO3_5_3_, shmuser3_.CMN_ENTRY_USER_TYPE as CMN_ENTRY_USER_TYP4_5_3_, shmuser3_.CMN_DELETE_FLAG as CMN_DELETE_FLAG5_5_3_, shmuser3_.CMN_LAST_UPDT_DATE as CMN_LAST_UPDT_DATE6_5_3_, shmuser3_.CMN_LAST_UPDT_USER_NO as CMN_LAST_UPDT_USER7_5_3_, shmuser3_.CMN_LAST_UPDT_USER_TYPE as CMN_LAST_UPDT_USER8_5_3_, shmuser3_.USER_ADDRESS_ID as USER_ADDRESS_ID28_5_3_, shmuser3_.USER_AVTR as USER_AVTR29_5_3_, shmuser3_.USER_BSID as USER_BSID9_5_3_, shmuser3_.USER_CAREER as USER_CAREER10_5_3_, shmuser3_.USER_CTRL_STATUS as USER_CTRL_STATUS11_5_3_, shmuser3_.USER_DATE_OF_BIRTH as USER_DATE_OF_BIRT12_5_3_, shmuser3_.USER_DESCR as USER_DESCR13_5_3_, shmuser3_.USER_EMAIL as USER_EMAIL14_5_3_, shmuser3_.USER_FIRST_NAME as USER_FIRST_NAME15_5_3_, shmuser3_.USER_GENDER as USER_GENDER16_5_3_, shmuser3_.USER_IS_IN_PATROL as USER_IS_IN_PATROL17_5_3_, shmuser3_.USER_JOB as USER_JOB18_5_3_, shmuser3_.USER_LAST_NAME as USER_LAST_NAME19_5_3_, shmuser3_.LEFT_DATE as LEFT_DATE20_5_3_, shmuser3_.USER_NICK_NAME as USER_NICK_NAME21_5_3_, shmuser3_.USER_PWD as USER_PWD22_5_3_, shmuser3_.USER_PHONE as USER_PHONE23_5_3_, shmuser3_.USER_PTRL_STATUS as USER_PTRL_STATUS24_5_3_, shmuser3_.USER_STATUS as USER_STATUS25_5_3_, shmuser3_.USER_TIME_PATROL as USER_TIME_PATROL26_5_3_, shmuser3_.USER_UPDATE_AT as USER_UPDATE_AT27_5_3_, shmaddr4_.ADDR_ID as ADDR_ID1_0_4_, shmaddr4_.CMN_ENTRY_DATE as CMN_ENTRY_DATE2_0_4_, shmaddr4_.CMN_ENTRY_USER_NO as CMN_ENTRY_USER_NO3_0_4_, shmaddr4_.CMN_ENTRY_USER_TYPE as CMN_ENTRY_USER_TYP4_0_4_, shmaddr4_.CMN_DELETE_FLAG as CMN_DELETE_FLAG5_0_4_, shmaddr4_.CMN_LAST_UPDT_DATE as CMN_LAST_UPDT_DATE6_0_4_, shmaddr4_.CMN_LAST_UPDT_USER_NO as CMN_LAST_UPDT_USER7_0_4_, shmaddr4_.CMN_LAST_UPDT_USER_TYPE as CMN_LAST_UPDT_USER8_0_4_, shmaddr4_.ADDR_PARENT_ID as ADDR_PARENT_ID9_0_4_, shmaddr4_.ADDR_AREA_CODE as ADDR_AREA_CODE10_0_4_, shmaddr4_.ADDR_AREA_NAME as ADDR_AREA_NAME11_0_4_, shrfile5_.FILE_ID as FILE_ID1_6_5_, shrfile5_.CMN_ENTRY_DATE as CMN_ENTRY_DATE2_6_5_, shrfile5_.CMN_ENTRY_USER_NO as CMN_ENTRY_USER_NO3_6_5_, shrfile5_.CMN_ENTRY_USER_TYPE as CMN_ENTRY_USER_TYP4_6_5_, shrfile5_.CMN_DELETE_FLAG as CMN_DELETE_FLAG5_6_5_, shrfile5_.CMN_LAST_UPDT_DATE as CMN_LAST_UPDT_DATE6_6_5_, shrfile5_.CMN_LAST_UPDT_USER_NO as CMN_LAST_UPDT_USER7_6_5_, shrfile5_.CMN_LAST_UPDT_USER_TYPE as CMN_LAST_UPDT_USER8_6_5_, shrfile5_.FILE_DIR as FILE_DIR9_6_5_, shrfile5_.FILE_EXT as FILE_EXT10_6_5_, shrfile5_.FILE_HEIGHT as FILE_HEIGHT11_6_5_, shrfile5_.FILE_NAME as FILE_NAME12_6_5_, shrfile5_.FILE_ORG_NAME as FILE_ORG_NAME13_6_5_, shrfile5_.FILE_PROVIDER as FILE_PROVIDER14_6_5_, shrfile5_.FILE_SIZE as FILE_SIZE15_6_5_, shrfile5_.FILE_WIDTH as FILE_WIDTH16_6_5_ from SHM_POST shmpost0_ left outer join SHM_CATEGORY shmcategor1_ on shmpost0_.POST_CATEGORY_ID=shmcategor1_.CATEGORY_ID inner join SHM_ADDR shmaddr2_ on shmpost0_.POST_ADDR=shmaddr2_.ADDR_ID left outer join SHM_USER shmuser3_ on shmpost0_.POST_USER_ID=shmuser3_.USER_ID left outer join SHM_ADDR shmaddr4_ on shmuser3_.USER_ADDRESS_ID=shmaddr4_.ADDR_ID left outer join SHR_FILE shrfile5_ on shmuser3_.USER_AVTR=shrfile5_.FILE_ID where shmpost0_.POST_ID=? and ( shmpost0_.CMN_DELETE_FLAG=0)
Hibernate: select shrfile0_.FILE_ID as FILE_ID1_6_0_, shrfile0_.CMN_ENTRY_DATE as CMN_ENTRY_DATE2_6_0_, shrfile0_.CMN_ENTRY_USER_NO as CMN_ENTRY_USER_NO3_6_0_, shrfile0_.CMN_ENTRY_USER_TYPE as CMN_ENTRY_USER_TYP4_6_0_, shrfile0_.CMN_DELETE_FLAG as CMN_DELETE_FLAG5_6_0_, shrfile0_.CMN_LAST_UPDT_DATE as CMN_LAST_UPDT_DATE6_6_0_, shrfile0_.CMN_LAST_UPDT_USER_NO as CMN_LAST_UPDT_USER7_6_0_, shrfile0_.CMN_LAST_UPDT_USER_TYPE as CMN_LAST_UPDT_USER8_6_0_, shrfile0_.FILE_DIR as FILE_DIR9_6_0_, shrfile0_.FILE_EXT as FILE_EXT10_6_0_, shrfile0_.FILE_HEIGHT as FILE_HEIGHT11_6_0_, shrfile0_.FILE_NAME as FILE_NAME12_6_0_, shrfile0_.FILE_ORG_NAME as FILE_ORG_NAME13_6_0_, shrfile0_.FILE_PROVIDER as FILE_PROVIDER14_6_0_, shrfile0_.FILE_SIZE as FILE_SIZE15_6_0_, shrfile0_.FILE_WIDTH as FILE_WIDTH16_6_0_ from SHR_FILE shrfile0_ where shrfile0_.FILE_ID=? and ( shrfile0_.CMN_DELETE_FLAG=0)
Hibernate: select shmuser0_.USER_ID as USER_ID1_5_0_, shmuser0_.CMN_ENTRY_DATE as CMN_ENTRY_DATE2_5_0_, shmuser0_.CMN_ENTRY_USER_NO as CMN_ENTRY_USER_NO3_5_0_, shmuser0_.CMN_ENTRY_USER_TYPE as CMN_ENTRY_USER_TYP4_5_0_, shmuser0_.CMN_DELETE_FLAG as CMN_DELETE_FLAG5_5_0_, shmuser0_.CMN_LAST_UPDT_DATE as CMN_LAST_UPDT_DATE6_5_0_, shmuser0_.CMN_LAST_UPDT_USER_NO as CMN_LAST_UPDT_USER7_5_0_, shmuser0_.CMN_LAST_UPDT_USER_TYPE as CMN_LAST_UPDT_USER8_5_0_, shmuser0_.USER_ADDRESS_ID as USER_ADDRESS_ID28_5_0_, shmuser0_.USER_AVTR as USER_AVTR29_5_0_, shmuser0_.USER_BSID as USER_BSID9_5_0_, shmuser0_.USER_CAREER as USER_CAREER10_5_0_, shmuser0_.USER_CTRL_STATUS as USER_CTRL_STATUS11_5_0_, shmuser0_.USER_DATE_OF_BIRTH as USER_DATE_OF_BIRT12_5_0_, shmuser0_.USER_DESCR as USER_DESCR13_5_0_, shmuser0_.USER_EMAIL as USER_EMAIL14_5_0_, shmuser0_.USER_FIRST_NAME as USER_FIRST_NAME15_5_0_, shmuser0_.USER_GENDER as USER_GENDER16_5_0_, shmuser0_.USER_IS_IN_PATROL as USER_IS_IN_PATROL17_5_0_, shmuser0_.USER_JOB as USER_JOB18_5_0_, shmuser0_.USER_LAST_NAME as USER_LAST_NAME19_5_0_, shmuser0_.LEFT_DATE as LEFT_DATE20_5_0_, shmuser0_.USER_NICK_NAME as USER_NICK_NAME21_5_0_, shmuser0_.USER_PWD as USER_PWD22_5_0_, shmuser0_.USER_PHONE as USER_PHONE23_5_0_, shmuser0_.USER_PTRL_STATUS as USER_PTRL_STATUS24_5_0_, shmuser0_.USER_STATUS as USER_STATUS25_5_0_, shmuser0_.USER_TIME_PATROL as USER_TIME_PATROL26_5_0_, shmuser0_.USER_UPDATE_AT as USER_UPDATE_AT27_5_0_, shmaddr1_.ADDR_ID as ADDR_ID1_0_1_, shmaddr1_.CMN_ENTRY_DATE as CMN_ENTRY_DATE2_0_1_, shmaddr1_.CMN_ENTRY_USER_NO as CMN_ENTRY_USER_NO3_0_1_, shmaddr1_.CMN_ENTRY_USER_TYPE as CMN_ENTRY_USER_TYP4_0_1_, shmaddr1_.CMN_DELETE_FLAG as CMN_DELETE_FLAG5_0_1_, shmaddr1_.CMN_LAST_UPDT_DATE as CMN_LAST_UPDT_DATE6_0_1_, shmaddr1_.CMN_LAST_UPDT_USER_NO as CMN_LAST_UPDT_USER7_0_1_, shmaddr1_.CMN_LAST_UPDT_USER_TYPE as CMN_LAST_UPDT_USER8_0_1_, shmaddr1_.ADDR_PARENT_ID as ADDR_PARENT_ID9_0_1_, shmaddr1_.ADDR_AREA_CODE as ADDR_AREA_CODE10_0_1_, shmaddr1_.ADDR_AREA_NAME as ADDR_AREA_NAME11_0_1_, shrfile2_.FILE_ID as FILE_ID1_6_2_, shrfile2_.CMN_ENTRY_DATE as CMN_ENTRY_DATE2_6_2_, shrfile2_.CMN_ENTRY_USER_NO as CMN_ENTRY_USER_NO3_6_2_, shrfile2_.CMN_ENTRY_USER_TYPE as CMN_ENTRY_USER_TYP4_6_2_, shrfile2_.CMN_DELETE_FLAG as CMN_DELETE_FLAG5_6_2_, shrfile2_.CMN_LAST_UPDT_DATE as CMN_LAST_UPDT_DATE6_6_2_, shrfile2_.CMN_LAST_UPDT_USER_NO as CMN_LAST_UPDT_USER7_6_2_, shrfile2_.CMN_LAST_UPDT_USER_TYPE as CMN_LAST_UPDT_USER8_6_2_, shrfile2_.FILE_DIR as FILE_DIR9_6_2_, shrfile2_.FILE_EXT as FILE_EXT10_6_2_, shrfile2_.FILE_HEIGHT as FILE_HEIGHT11_6_2_, shrfile2_.FILE_NAME as FILE_NAME12_6_2_, shrfile2_.FILE_ORG_NAME as FILE_ORG_NAME13_6_2_, shrfile2_.FILE_PROVIDER as FILE_PROVIDER14_6_2_, shrfile2_.FILE_SIZE as FILE_SIZE15_6_2_, shrfile2_.FILE_WIDTH as FILE_WIDTH16_6_2_ from SHM_USER shmuser0_ left outer join SHM_ADDR shmaddr1_ on shmuser0_.USER_ADDRESS_ID=shmaddr1_.ADDR_ID left outer join SHR_FILE shrfile2_ on shmuser0_.USER_AVTR=shrfile2_.FILE_ID where shmuser0_.USER_ID=? and ( shmuser0_.CMN_DELETE_FLAG=0)
17/12/05 19:02:33 WARN TestContextManager: Caught exception while allowing TestExecutionListener [org.springframework.test.context.transaction.TransactionalTestExecutionListener@7acb5200] to process &apos;after&apos; execution for test: method [public void jp.bo.bocc.service.impl.TalkPurcServiceImplTest.createTalkPurc() throws java.lang.Exception], instance [jp.bo.bocc.service.impl.TalkPurcServiceImplTest@6a5c2d2d], exception [jp.bo.bocc.system.exception.ResourceNotFoundException: ?????????????]
org.springframework.orm.jpa.JpaSystemException: Transaction was marked for rollback only; cannot commit; nested exception is org.hibernate.TransactionException: Transaction was marked for rollback only; cannot commit
	at org.springframework.orm.jpa.vendor.HibernateJpaDialect.convertHibernateAccessException(HibernateJpaDialect.java:333)
	at org.springframework.orm.jpa.vendor.HibernateJpaDialect.translateExceptionIfPossible(HibernateJpaDialect.java:244)
	at org.springframework.orm.jpa.JpaTransactionManager.doCommit(JpaTransactionManager.java:521)
	at org.springframework.transaction.support.AbstractPlatformTransactionManager.processCommit(AbstractPlatformTransactionManager.java:761)
	at org.springframework.transaction.support.AbstractPlatformTransactionManager.commit(AbstractPlatformTransactionManager.java:730)
	at org.springframework.test.context.transaction.TransactionContext.endTransaction(TransactionContext.java:128)
	at org.springframework.test.context.transaction.TransactionalTestExecutionListener.afterTestMethod(TransactionalTestExecutionListener.java:227)
	at org.springframework.test.context.TestContextManager.afterTestMethod(TestContextManager.java:319)
	at org.springframework.test.context.junit4.statements.RunAfterTestMethodCallbacks.evaluate(RunAfterTestMethodCallbacks.java:94)
	at org.springframework.test.context.junit4.statements.SpringRepeat.evaluate(SpringRepeat.java:84)
	at org.junit.runners.ParentRunner.runLeaf(ParentRunner.java:325)
	at org.springframework.test.context.junit4.SpringJUnit4ClassRunner.runChild(SpringJUnit4ClassRunner.java:252)
	at org.springframework.test.context.junit4.SpringJUnit4ClassRunner.runChild(SpringJUnit4ClassRunner.java:94)
	at org.junit.runners.ParentRunner$3.run(ParentRunner.java:290)
	at org.junit.runners.ParentRunner$1.schedule(ParentRunner.java:71)
	at org.junit.runners.ParentRunner.runChildren(ParentRunner.java:288)
	at org.junit.runners.ParentRunner.access$000(ParentRunner.java:58)
	at org.junit.runners.ParentRunner$2.evaluate(ParentRunner.java:268)
	at org.springframework.test.context.junit4.statements.RunBeforeTestClassCallbacks.evaluate(RunBeforeTestClassCallbacks.java:61)
	at org.springframework.test.context.junit4.statements.RunAfterTestClassCallbacks.evaluate(RunAfterTestClassCallbacks.java:70)
	at org.junit.runners.ParentRunner.run(ParentRunner.java:363)
	at org.springframework.test.context.junit4.SpringJUnit4ClassRunner.run(SpringJUnit4ClassRunner.java:191)
	at org.apache.maven.surefire.junit4.JUnit4Provider.execute(JUnit4Provider.java:252)
	at org.apache.maven.surefire.junit4.JUnit4Provider.executeTestSet(JUnit4Provider.java:141)
	at org.apache.maven.surefire.junit4.JUnit4Provider.invoke(JUnit4Provider.java:112)
	at sun.reflect.NativeMethodAccessorImpl.invoke0(Native Method)
	at sun.reflect.NativeMethodAccessorImpl.invoke(NativeMethodAccessorImpl.java:62)
	at sun.reflect.DelegatingMethodAccessorImpl.invoke(DelegatingMethodAccessorImpl.java:43)
	at java.lang.reflect.Method.invoke(Method.java:498)
	at org.apache.maven.surefire.util.ReflectionUtils.invokeMethodWithArray(ReflectionUtils.java:189)
	at org.apache.maven.surefire.booter.ProviderFactory$ProviderProxy.invoke(ProviderFactory.java:165)
	at org.apache.maven.surefire.booter.ProviderFactory.invokeProvider(ProviderFactory.java:85)
	at org.apache.maven.surefire.booter.ForkedBooter.runSuitesInProcess(ForkedBooter.java:115)
	at org.apache.maven.surefire.booter.ForkedBooter.main(ForkedBooter.java:75)
Caused by: org.hibernate.TransactionException: Transaction was marked for rollback only; cannot commit
	at org.hibernate.resource.transaction.backend.jdbc.internal.JdbcResourceLocalTransactionCoordinatorImpl$TransactionDriverControlImpl.commit(JdbcResourceLocalTransactionCoordinatorImpl.java:217)
	at org.hibernate.engine.transaction.internal.TransactionImpl.commit(TransactionImpl.java:68)
	at org.springframework.orm.jpa.JpaTransactionManager.doCommit(JpaTransactionManager.java:517)
	... 31 more
</system-out>
  </testcase>
  <testcase classname="jp.bo.bocc.service.impl.TalkPurcServiceImplTest" name="createTalkPurc" time="0.279">
    <error message="Transaction was marked for rollback only; cannot commit; nested exception is org.hibernate.TransactionException: Transaction was marked for rollback only; cannot commit" type="org.springframework.orm.jpa.JpaSystemException">org.springframework.orm.jpa.JpaSystemException: Transaction was marked for rollback only; cannot commit; nested exception is org.hibernate.TransactionException: Transaction was marked for rollback only; cannot commit
	at org.springframework.orm.jpa.vendor.HibernateJpaDialect.convertHibernateAccessException(HibernateJpaDialect.java:333)
	at org.springframework.orm.jpa.vendor.HibernateJpaDialect.translateExceptionIfPossible(HibernateJpaDialect.java:244)
	at org.springframework.orm.jpa.JpaTransactionManager.doCommit(JpaTransactionManager.java:521)
	at org.springframework.transaction.support.AbstractPlatformTransactionManager.processCommit(AbstractPlatformTransactionManager.java:761)
	at org.springframework.transaction.support.AbstractPlatformTransactionManager.commit(AbstractPlatformTransactionManager.java:730)
	at org.springframework.test.context.transaction.TransactionContext.endTransaction(TransactionContext.java:128)
	at org.springframework.test.context.transaction.TransactionalTestExecutionListener.afterTestMethod(TransactionalTestExecutionListener.java:227)
	at org.springframework.test.context.TestContextManager.afterTestMethod(TestContextManager.java:319)
	at org.springframework.test.context.junit4.statements.RunAfterTestMethodCallbacks.evaluate(RunAfterTestMethodCallbacks.java:94)
	at org.springframework.test.context.junit4.statements.SpringRepeat.evaluate(SpringRepeat.java:84)
	at org.junit.runners.ParentRunner.runLeaf(ParentRunner.java:325)
	at org.springframework.test.context.junit4.SpringJUnit4ClassRunner.runChild(SpringJUnit4ClassRunner.java:252)
	at org.springframework.test.context.junit4.SpringJUnit4ClassRunner.runChild(SpringJUnit4ClassRunner.java:94)
	at org.junit.runners.ParentRunner$3.run(ParentRunner.java:290)
	at org.junit.runners.ParentRunner$1.schedule(ParentRunner.java:71)
	at org.junit.runners.ParentRunner.runChildren(ParentRunner.java:288)
	at org.junit.runners.ParentRunner.access$000(ParentRunner.java:58)
	at org.junit.runners.ParentRunner$2.evaluate(ParentRunner.java:268)
	at org.springframework.test.context.junit4.statements.RunBeforeTestClassCallbacks.evaluate(RunBeforeTestClassCallbacks.java:61)
	at org.springframework.test.context.junit4.statements.RunAfterTestClassCallbacks.evaluate(RunAfterTestClassCallbacks.java:70)
	at org.junit.runners.ParentRunner.run(ParentRunner.java:363)
	at org.springframework.test.context.junit4.SpringJUnit4ClassRunner.run(SpringJUnit4ClassRunner.java:191)
	at org.apache.maven.surefire.junit4.JUnit4Provider.execute(JUnit4Provider.java:252)
	at org.apache.maven.surefire.junit4.JUnit4Provider.executeTestSet(JUnit4Provider.java:141)
	at org.apache.maven.surefire.junit4.JUnit4Provider.invoke(JUnit4Provider.java:112)
	at sun.reflect.NativeMethodAccessorImpl.invoke0(Native Method)
	at sun.reflect.NativeMethodAccessorImpl.invoke(NativeMethodAccessorImpl.java:62)
	at sun.reflect.DelegatingMethodAccessorImpl.invoke(DelegatingMethodAccessorImpl.java:43)
	at java.lang.reflect.Method.invoke(Method.java:498)
	at org.apache.maven.surefire.util.ReflectionUtils.invokeMethodWithArray(ReflectionUtils.java:189)
	at org.apache.maven.surefire.booter.ProviderFactory$ProviderProxy.invoke(ProviderFactory.java:165)
	at org.apache.maven.surefire.booter.ProviderFactory.invokeProvider(ProviderFactory.java:85)
	at org.apache.maven.surefire.booter.ForkedBooter.runSuitesInProcess(ForkedBooter.java:115)
	at org.apache.maven.surefire.booter.ForkedBooter.main(ForkedBooter.java:75)
Caused by: org.hibernate.TransactionException: Transaction was marked for rollback only; cannot commit
	at org.hibernate.resource.transaction.backend.jdbc.internal.JdbcResourceLocalTransactionCoordinatorImpl$TransactionDriverControlImpl.commit(JdbcResourceLocalTransactionCoordinatorImpl.java:217)
	at org.hibernate.engine.transaction.internal.TransactionImpl.commit(TransactionImpl.java:68)
	at org.springframework.orm.jpa.JpaTransactionManager.doCommit(JpaTransactionManager.java:517)
	... 31 more
</error>
  </testcase>
  <testcase classname="jp.bo.bocc.service.impl.TalkPurcServiceImplTest" name="isFirstPurchaseFalse" time="0.128">
    <failure type="java.lang.AssertionError">java.lang.AssertionError
	at org.junit.Assert.fail(Assert.java:86)
	at org.junit.Assert.assertTrue(Assert.java:41)
	at org.junit.Assert.assertFalse(Assert.java:64)
	at org.junit.Assert.assertFalse(Assert.java:74)
	at jp.bo.bocc.service.impl.TalkPurcServiceImplTest.isFirstPurchaseFalse(TalkPurcServiceImplTest.java:81)
	at sun.reflect.NativeMethodAccessorImpl.invoke0(Native Method)
	at sun.reflect.NativeMethodAccessorImpl.invoke(NativeMethodAccessorImpl.java:62)
	at sun.reflect.DelegatingMethodAccessorImpl.invoke(DelegatingMethodAccessorImpl.java:43)
	at java.lang.reflect.Method.invoke(Method.java:498)
	at org.junit.runners.model.FrameworkMethod$1.runReflectiveCall(FrameworkMethod.java:50)
	at org.junit.internal.runners.model.ReflectiveCallable.run(ReflectiveCallable.java:12)
	at org.junit.runners.model.FrameworkMethod.invokeExplosively(FrameworkMethod.java:47)
	at org.junit.internal.runners.statements.InvokeMethod.evaluate(InvokeMethod.java:17)
	at org.springframework.test.context.junit4.statements.RunBeforeTestMethodCallbacks.evaluate(RunBeforeTestMethodCallbacks.java:75)
	at org.springframework.test.context.junit4.statements.RunAfterTestMethodCallbacks.evaluate(RunAfterTestMethodCallbacks.java:86)
	at org.springframework.test.context.junit4.statements.SpringRepeat.evaluate(SpringRepeat.java:84)
	at org.junit.runners.ParentRunner.runLeaf(ParentRunner.java:325)
	at org.springframework.test.context.junit4.SpringJUnit4ClassRunner.runChild(SpringJUnit4ClassRunner.java:252)
	at org.springframework.test.context.junit4.SpringJUnit4ClassRunner.runChild(SpringJUnit4ClassRunner.java:94)
	at org.junit.runners.ParentRunner$3.run(ParentRunner.java:290)
	at org.junit.runners.ParentRunner$1.schedule(ParentRunner.java:71)
	at org.junit.runners.ParentRunner.runChildren(ParentRunner.java:288)
	at org.junit.runners.ParentRunner.access$000(ParentRunner.java:58)
	at org.junit.runners.ParentRunner$2.evaluate(ParentRunner.java:268)
	at org.springframework.test.context.junit4.statements.RunBeforeTestClassCallbacks.evaluate(RunBeforeTestClassCallbacks.java:61)
	at org.springframework.test.context.junit4.statements.RunAfterTestClassCallbacks.evaluate(RunAfterTestClassCallbacks.java:70)
	at org.junit.runners.ParentRunner.run(ParentRunner.java:363)
	at org.springframework.test.context.junit4.SpringJUnit4ClassRunner.run(SpringJUnit4ClassRunner.java:191)
	at org.apache.maven.surefire.junit4.JUnit4Provider.execute(JUnit4Provider.java:252)
	at org.apache.maven.surefire.junit4.JUnit4Provider.executeTestSet(JUnit4Provider.java:141)
	at org.apache.maven.surefire.junit4.JUnit4Provider.invoke(JUnit4Provider.java:112)
	at sun.reflect.NativeMethodAccessorImpl.invoke0(Native Method)
	at sun.reflect.NativeMethodAccessorImpl.invoke(NativeMethodAccessorImpl.java:62)
	at sun.reflect.DelegatingMethodAccessorImpl.invoke(DelegatingMethodAccessorImpl.java:43)
	at java.lang.reflect.Method.invoke(Method.java:498)
	at org.apache.maven.surefire.util.ReflectionUtils.invokeMethodWithArray(ReflectionUtils.java:189)
	at org.apache.maven.surefire.booter.ProviderFactory$ProviderProxy.invoke(ProviderFactory.java:165)
	at org.apache.maven.surefire.booter.ProviderFactory.invokeProvider(ProviderFactory.java:85)
	at org.apache.maven.surefire.booter.ForkedBooter.runSuitesInProcess(ForkedBooter.java:115)
	at org.apache.maven.surefire.booter.ForkedBooter.main(ForkedBooter.java:75)
</failure>
    <system-out>17/12/05 19:02:33 INFO TransactionContext: Began transaction (1) for test context [DefaultTestContext@727f36dd testClass = TalkPurcServiceImplTest, testInstance = jp.bo.bocc.service.impl.TalkPurcServiceImplTest@5ebfe7fa, testMethod = isFirstPurchaseFalse@TalkPurcServiceImplTest, testException = [null], mergedContextConfiguration = [MergedContextConfiguration@3661b732 testClass = TalkPurcServiceImplTest, locations = &apos;{}&apos;, classes = &apos;{class jp.bo.bocc.system.config.AppConfig}&apos;, contextInitializerClasses = &apos;[]&apos;, activeProfiles = &apos;{app}&apos;, propertySourceLocations = &apos;{}&apos;, propertySourceProperties = &apos;{}&apos;, contextCustomizers = set[[empty]], contextLoader = &apos;org.springframework.test.context.support.DelegatingSmartContextLoader&apos;, parent = [null]]]; transaction manager [org.springframework.orm.jpa.JpaTransactionManager@3fde8f7c]; rollback [true]
Hibernate: select shttalkpur0_.TALK_PURC_ID as col_0_0_ from SHT_TALK_PURC shttalkpur0_ where ( shttalkpur0_.CMN_DELETE_FLAG=0) and shttalkpur0_.TALK_PURC_POST_ID=? and shttalkpur0_.TALK_PURC_PART_ID=? and ROWNUM&lt;=1
17/12/05 19:02:33 INFO TransactionContext: Rolled back transaction for test context [DefaultTestContext@727f36dd testClass = TalkPurcServiceImplTest, testInstance = jp.bo.bocc.service.impl.TalkPurcServiceImplTest@5ebfe7fa, testMethod = isFirstPurchaseFalse@TalkPurcServiceImplTest, testException = java.lang.AssertionError, mergedContextConfiguration = [MergedContextConfiguration@3661b732 testClass = TalkPurcServiceImplTest, locations = &apos;{}&apos;, classes = &apos;{class jp.bo.bocc.system.config.AppConfig}&apos;, contextInitializerClasses = &apos;[]&apos;, activeProfiles = &apos;{app}&apos;, propertySourceLocations = &apos;{}&apos;, propertySourceProperties = &apos;{}&apos;, contextCustomizers = set[[empty]], contextLoader = &apos;org.springframework.test.context.support.DelegatingSmartContextLoader&apos;, parent = [null]]].
</system-out>
  </testcase>
  <testcase classname="jp.bo.bocc.service.impl.TalkPurcServiceImplTest" name="findPartnerInTalkPurc" time="0.129">
    <failure type="java.lang.AssertionError">java.lang.AssertionError
	at org.junit.Assert.fail(Assert.java:86)
	at org.junit.Assert.assertTrue(Assert.java:41)
	at org.junit.Assert.assertNotNull(Assert.java:712)
	at org.junit.Assert.assertNotNull(Assert.java:722)
	at jp.bo.bocc.service.impl.TalkPurcServiceImplTest.findPartnerInTalkPurc(TalkPurcServiceImplTest.java:128)
	at sun.reflect.NativeMethodAccessorImpl.invoke0(Native Method)
	at sun.reflect.NativeMethodAccessorImpl.invoke(NativeMethodAccessorImpl.java:62)
	at sun.reflect.DelegatingMethodAccessorImpl.invoke(DelegatingMethodAccessorImpl.java:43)
	at java.lang.reflect.Method.invoke(Method.java:498)
	at org.junit.runners.model.FrameworkMethod$1.runReflectiveCall(FrameworkMethod.java:50)
	at org.junit.internal.runners.model.ReflectiveCallable.run(ReflectiveCallable.java:12)
	at org.junit.runners.model.FrameworkMethod.invokeExplosively(FrameworkMethod.java:47)
	at org.junit.internal.runners.statements.InvokeMethod.evaluate(InvokeMethod.java:17)
	at org.springframework.test.context.junit4.statements.RunBeforeTestMethodCallbacks.evaluate(RunBeforeTestMethodCallbacks.java:75)
	at org.springframework.test.context.junit4.statements.RunAfterTestMethodCallbacks.evaluate(RunAfterTestMethodCallbacks.java:86)
	at org.springframework.test.context.junit4.statements.SpringRepeat.evaluate(SpringRepeat.java:84)
	at org.junit.runners.ParentRunner.runLeaf(ParentRunner.java:325)
	at org.springframework.test.context.junit4.SpringJUnit4ClassRunner.runChild(SpringJUnit4ClassRunner.java:252)
	at org.springframework.test.context.junit4.SpringJUnit4ClassRunner.runChild(SpringJUnit4ClassRunner.java:94)
	at org.junit.runners.ParentRunner$3.run(ParentRunner.java:290)
	at org.junit.runners.ParentRunner$1.schedule(ParentRunner.java:71)
	at org.junit.runners.ParentRunner.runChildren(ParentRunner.java:288)
	at org.junit.runners.ParentRunner.access$000(ParentRunner.java:58)
	at org.junit.runners.ParentRunner$2.evaluate(ParentRunner.java:268)
	at org.springframework.test.context.junit4.statements.RunBeforeTestClassCallbacks.evaluate(RunBeforeTestClassCallbacks.java:61)
	at org.springframework.test.context.junit4.statements.RunAfterTestClassCallbacks.evaluate(RunAfterTestClassCallbacks.java:70)
	at org.junit.runners.ParentRunner.run(ParentRunner.java:363)
	at org.springframework.test.context.junit4.SpringJUnit4ClassRunner.run(SpringJUnit4ClassRunner.java:191)
	at org.apache.maven.surefire.junit4.JUnit4Provider.execute(JUnit4Provider.java:252)
	at org.apache.maven.surefire.junit4.JUnit4Provider.executeTestSet(JUnit4Provider.java:141)
	at org.apache.maven.surefire.junit4.JUnit4Provider.invoke(JUnit4Provider.java:112)
	at sun.reflect.NativeMethodAccessorImpl.invoke0(Native Method)
	at sun.reflect.NativeMethodAccessorImpl.invoke(NativeMethodAccessorImpl.java:62)
	at sun.reflect.DelegatingMethodAccessorImpl.invoke(DelegatingMethodAccessorImpl.java:43)
	at java.lang.reflect.Method.invoke(Method.java:498)
	at org.apache.maven.surefire.util.ReflectionUtils.invokeMethodWithArray(ReflectionUtils.java:189)
	at org.apache.maven.surefire.booter.ProviderFactory$ProviderProxy.invoke(ProviderFactory.java:165)
	at org.apache.maven.surefire.booter.ProviderFactory.invokeProvider(ProviderFactory.java:85)
	at org.apache.maven.surefire.booter.ForkedBooter.runSuitesInProcess(ForkedBooter.java:115)
	at org.apache.maven.surefire.booter.ForkedBooter.main(ForkedBooter.java:75)
</failure>
    <system-out>17/12/05 19:02:33 INFO TransactionContext: Began transaction (1) for test context [DefaultTestContext@727f36dd testClass = TalkPurcServiceImplTest, testInstance = jp.bo.bocc.service.impl.TalkPurcServiceImplTest@77881b7a, testMethod = findPartnerInTalkPurc@TalkPurcServiceImplTest, testException = [null], mergedContextConfiguration = [MergedContextConfiguration@3661b732 testClass = TalkPurcServiceImplTest, locations = &apos;{}&apos;, classes = &apos;{class jp.bo.bocc.system.config.AppConfig}&apos;, contextInitializerClasses = &apos;[]&apos;, activeProfiles = &apos;{app}&apos;, propertySourceLocations = &apos;{}&apos;, propertySourceProperties = &apos;{}&apos;, contextCustomizers = set[[empty]], contextLoader = &apos;org.springframework.test.context.support.DelegatingSmartContextLoader&apos;, parent = [null]]]; transaction manager [org.springframework.orm.jpa.JpaTransactionManager@3fde8f7c]; rollback [true]
Hibernate: select shmuser1_.USER_ID as USER_ID1_5_, shmuser1_.CMN_ENTRY_DATE as CMN_ENTRY_DATE2_5_, shmuser1_.CMN_ENTRY_USER_NO as CMN_ENTRY_USER_NO3_5_, shmuser1_.CMN_ENTRY_USER_TYPE as CMN_ENTRY_USER_TYP4_5_, shmuser1_.CMN_DELETE_FLAG as CMN_DELETE_FLAG5_5_, shmuser1_.CMN_LAST_UPDT_DATE as CMN_LAST_UPDT_DATE6_5_, shmuser1_.CMN_LAST_UPDT_USER_NO as CMN_LAST_UPDT_USER7_5_, shmuser1_.CMN_LAST_UPDT_USER_TYPE as CMN_LAST_UPDT_USER8_5_, shmuser1_.USER_ADDRESS_ID as USER_ADDRESS_ID28_5_, shmuser1_.USER_AVTR as USER_AVTR29_5_, shmuser1_.USER_BSID as USER_BSID9_5_, shmuser1_.USER_CAREER as USER_CAREER10_5_, shmuser1_.USER_CTRL_STATUS as USER_CTRL_STATUS11_5_, shmuser1_.USER_DATE_OF_BIRTH as USER_DATE_OF_BIRT12_5_, shmuser1_.USER_DESCR as USER_DESCR13_5_, shmuser1_.USER_EMAIL as USER_EMAIL14_5_, shmuser1_.USER_FIRST_NAME as USER_FIRST_NAME15_5_, shmuser1_.USER_GENDER as USER_GENDER16_5_, shmuser1_.USER_IS_IN_PATROL as USER_IS_IN_PATROL17_5_, shmuser1_.USER_JOB as USER_JOB18_5_, shmuser1_.USER_LAST_NAME as USER_LAST_NAME19_5_, shmuser1_.LEFT_DATE as LEFT_DATE20_5_, shmuser1_.USER_NICK_NAME as USER_NICK_NAME21_5_, shmuser1_.USER_PWD as USER_PWD22_5_, shmuser1_.USER_PHONE as USER_PHONE23_5_, shmuser1_.USER_PTRL_STATUS as USER_PTRL_STATUS24_5_, shmuser1_.USER_STATUS as USER_STATUS25_5_, shmuser1_.USER_TIME_PATROL as USER_TIME_PATROL26_5_, shmuser1_.USER_UPDATE_AT as USER_UPDATE_AT27_5_ from SHT_TALK_PURC shttalkpur0_ inner join SHM_USER shmuser1_ on shttalkpur0_.TALK_PURC_PART_ID=shmuser1_.USER_ID where ( shttalkpur0_.CMN_DELETE_FLAG=0) and shttalkpur0_.TALK_PURC_ID=?
17/12/05 19:02:33 INFO TransactionContext: Rolled back transaction for test context [DefaultTestContext@727f36dd testClass = TalkPurcServiceImplTest, testInstance = jp.bo.bocc.service.impl.TalkPurcServiceImplTest@77881b7a, testMethod = findPartnerInTalkPurc@TalkPurcServiceImplTest, testException = java.lang.AssertionError, mergedContextConfiguration = [MergedContextConfiguration@3661b732 testClass = TalkPurcServiceImplTest, locations = &apos;{}&apos;, classes = &apos;{class jp.bo.bocc.system.config.AppConfig}&apos;, contextInitializerClasses = &apos;[]&apos;, activeProfiles = &apos;{app}&apos;, propertySourceLocations = &apos;{}&apos;, propertySourceProperties = &apos;{}&apos;, contextCustomizers = set[[empty]], contextLoader = &apos;org.springframework.test.context.support.DelegatingSmartContextLoader&apos;, parent = [null]]].
</system-out>
  </testcase>
  <testcase classname="jp.bo.bocc.service.impl.TalkPurcServiceImplTest" name="isFirstPurchaseTrue" time="0.131"/>
  <testcase classname="jp.bo.bocc.service.impl.TalkPurcServiceImplTest" name="testCountTalkHaveNewMsgByPostId" time="0.062"/>
  <testcase classname="jp.bo.bocc.service.impl.TalkPurcServiceImplTest" name="countNewMsgNumberByPostId" time="0.133"/>
</testsuite>