<?xml version="1.0" encoding="UTF-8" ?>
<testsuite tests="2" failures="0" name="jp.bo.bocc.service.impl.StorageServiceImplTest" time="0.127" errors="2" skipped="0">
  <properties>
[...]
</properties>
  <testcase classname="jp.bo.bocc.service.impl.StorageServiceImplTest" name="testFileSize" time="0.06">
    <error message="投稿内容を更新することができませんでした。" type="jp.bo.bocc.system.exception.InternalServerErrorException">jp.bo.bocc.system.exception.InternalServerErrorException: 投稿内容を更新することができませんでした。
	at jp.bo.bocc.service.impl.StorageServiceImpl.setPermissionForFile(StorageServiceImpl.java:112)
	at jp.bo.bocc.service.impl.StorageServiceImpl$$FastClassBySpringCGLIB$$5219747.invoke(&lt;generated&gt;)
	at org.springframework.cglib.proxy.MethodProxy.invoke(MethodProxy.java:204)
	at org.springframework.aop.framework.CglibAopProxy$CglibMethodInvocation.invokeJoinpoint(CglibAopProxy.java:721)
	at org.springframework.aop.framework.ReflectiveMethodInvocation.proceed(ReflectiveMethodInvocation.java:157)
	at org.springframework.transaction.interceptor.TransactionInterceptor$1.proceedWithInvocation(TransactionInterceptor.java:99)
	at org.springframework.transaction.interceptor.TransactionAspectSupport.invokeWithinTransaction(TransactionAspectSupport.java:282)
	at org.springframework.transaction.interceptor.TransactionInterceptor.invoke(TransactionInterceptor.java:96)
	at org.springframework.aop.framework.ReflectiveMethodInvocation.proceed(ReflectiveMethodInvocation.java:179)
	at org.springframework.aop.framework.CglibAopProxy$DynamicAdvisedInterceptor.intercept(CglibAopProxy.java:656)
	at jp.bo.bocc.service.impl.StorageServiceImpl$$EnhancerBySpringCGLIB$$ece99a4c.setPermissionForFile(&lt;generated&gt;)
	at jp.bo.bocc.service.impl.StorageServiceImplTest.testFileSize(StorageServiceImplTest.java:56)
	at sun.reflect.NativeMethodAccessorImpl.invoke0(Native Method)
	at sun.reflect.NativeMethodAccessorImpl.invoke(NativeMethodAccessorImpl.java:62)
	at sun.reflect.DelegatingMethodAccessorImpl.invoke(DelegatingMethodAccessorImpl.java:43)
	at java.lang.reflect.Method.invoke(Method.java:498)
	at org.junit.runners.model.FrameworkMethod$1.runReflectiveCall(FrameworkMethod.java:50)
	at org.junit.internal.runners.model.ReflectiveCallable.run(ReflectiveCallable.java:12)
	at org.junit.runners.model.FrameworkMethod.invokeExplosively(FrameworkMethod.java:47)
	at org.junit.internal.runners.statements.InvokeMethod.evaluate(InvokeMethod.java:17)
	at org.springframework.test.context.junit4.statements.RunBeforeTestMethodCallbacks.evaluate(RunBeforeTestMethodCallbacks.java:75)
	at org.springframework.test.context.junit4.statements.RunAfterTestMethodCallbacks.evaluate(RunAfterTestMethodCallbacks.java:86)
	at org.springframework.test.context.junit4.statements.SpringRepeat.evaluate(SpringRepeat.java:84)
	at org.junit.runners.ParentRunner.runLeaf(ParentRunner.java:325)
	at org.springframework.test.context.junit4.SpringJUnit4ClassRunner.runChild(SpringJUnit4ClassRunner.java:252)
	at org.springframework.test.context.junit4.SpringJUnit4ClassRunner.runChild(SpringJUnit4ClassRunner.java:94)
	at org.junit.runners.ParentRunner$3.run(ParentRunner.java:290)
	at org.junit.runners.ParentRunner$1.schedule(ParentRunner.java:71)
	at org.junit.runners.ParentRunner.runChildren(ParentRunner.java:288)
	at org.junit.runners.ParentRunner.access$000(ParentRunner.java:58)
	at org.junit.runners.ParentRunner$2.evaluate(ParentRunner.java:268)
	at org.springframework.test.context.junit4.statements.RunBeforeTestClassCallbacks.evaluate(RunBeforeTestClassCallbacks.java:61)
	at org.springframework.test.context.junit4.statements.RunAfterTestClassCallbacks.evaluate(RunAfterTestClassCallbacks.java:70)
	at org.junit.runners.ParentRunner.run(ParentRunner.java:363)
	at org.springframework.test.context.junit4.SpringJUnit4ClassRunner.run(SpringJUnit4ClassRunner.java:191)
	at org.apache.maven.surefire.junit4.JUnit4Provider.execute(JUnit4Provider.java:252)
	at org.apache.maven.surefire.junit4.JUnit4Provider.executeTestSet(JUnit4Provider.java:141)
	at org.apache.maven.surefire.junit4.JUnit4Provider.invoke(JUnit4Provider.java:112)
	at sun.reflect.NativeMethodAccessorImpl.invoke0(Native Method)
	at sun.reflect.NativeMethodAccessorImpl.invoke(NativeMethodAccessorImpl.java:62)
	at sun.reflect.DelegatingMethodAccessorImpl.invoke(DelegatingMethodAccessorImpl.java:43)
	at java.lang.reflect.Method.invoke(Method.java:498)
	at org.apache.maven.surefire.util.ReflectionUtils.invokeMethodWithArray(ReflectionUtils.java:189)
	at org.apache.maven.surefire.booter.ProviderFactory$ProviderProxy.invoke(ProviderFactory.java:165)
	at org.apache.maven.surefire.booter.ProviderFactory.invokeProvider(ProviderFactory.java:85)
	at org.apache.maven.surefire.booter.ForkedBooter.runSuitesInProcess(ForkedBooter.java:115)
	at org.apache.maven.surefire.booter.ForkedBooter.main(ForkedBooter.java:75)
Caused by: java.io.IOException: The system cannot find the path specified
	at java.io.WinNTFileSystem.createFileExclusively(Native Method)
	at java.io.File.createNewFile(File.java:1012)
	at jp.bo.bocc.service.impl.StorageServiceImpl.setPermissionForFile(StorageServiceImpl.java:66)
	... 46 more
</error>
    <system-out>17/12/05 19:02:31 INFO DefaultTestContextBootstrapper: Loaded default TestExecutionListener class names from location [META-INF/spring.factories]: [org.springframework.test.context.web.ServletTestExecutionListener, org.springframework.test.context.support.DirtiesContextBeforeModesTestExecutionListener, org.springframework.test.context.support.DependencyInjectionTestExecutionListener, org.springframework.test.context.support.DirtiesContextTestExecutionListener, org.springframework.test.context.transaction.TransactionalTestExecutionListener, org.springframework.test.context.jdbc.SqlScriptsTestExecutionListener]
17/12/05 19:02:31 INFO DefaultTestContextBootstrapper: Using TestExecutionListeners: [org.springframework.test.context.web.ServletTestExecutionListener@5c5c784c, org.springframework.test.context.support.DirtiesContextBeforeModesTestExecutionListener@6a299b9d, org.springframework.test.context.support.DependencyInjectionTestExecutionListener@363fe35a, org.springframework.test.context.support.DirtiesContextTestExecutionListener@a2fb8a5, org.springframework.test.context.transaction.TransactionalTestExecutionListener@350e3fb4, org.springframework.test.context.jdbc.SqlScriptsTestExecutionListener@13ddaffb]
17/12/05 19:02:31 INFO TransactionContext: Began transaction (1) for test context [DefaultTestContext@40fee459 testClass = StorageServiceImplTest, testInstance = jp.bo.bocc.service.impl.StorageServiceImplTest@bcd9ed6, testMethod = testFileSize@StorageServiceImplTest, testException = [null], mergedContextConfiguration = [MergedContextConfiguration@5a31abe9 testClass = StorageServiceImplTest, locations = &apos;{}&apos;, classes = &apos;{class jp.bo.bocc.system.config.AppConfig}&apos;, contextInitializerClasses = &apos;[]&apos;, activeProfiles = &apos;{app}&apos;, propertySourceLocations = &apos;{}&apos;, propertySourceProperties = &apos;{}&apos;, contextCustomizers = set[[empty]], contextLoader = &apos;org.springframework.test.context.support.DelegatingSmartContextLoader&apos;, parent = [null]]]; transaction manager [org.springframework.orm.jpa.JpaTransactionManager@3fde8f7c]; rollback [true]
17/12/05 19:02:31 INFO TransactionContext: Rolled back transaction for test context [DefaultTestContext@40fee459 testClass = StorageServiceImplTest, testInstance = jp.bo.bocc.service.impl.StorageServiceImplTest@bcd9ed6, testMethod = testFileSize@StorageServiceImplTest, testException = jp.bo.bocc.system.exception.InternalServerErrorException: ?????????????????????, mergedContextConfiguration = [MergedContextConfiguration@5a31abe9 testClass = StorageServiceImplTest, locations = &apos;{}&apos;, classes = &apos;{class jp.bo.bocc.system.config.AppConfig}&apos;, contextInitializerClasses = &apos;[]&apos;, activeProfiles = &apos;{app}&apos;, propertySourceLocations = &apos;{}&apos;, propertySourceProperties = &apos;{}&apos;, contextCustomizers = set[[empty]], contextLoader = &apos;org.springframework.test.context.support.DelegatingSmartContextLoader&apos;, parent = [null]]].
</system-out>
  </testcase>
  <testcase classname="jp.bo.bocc.service.impl.StorageServiceImplTest" name="testStoreAndGet" time="0.067">
    <error message="投稿内容を更新することができませんでした。" type="jp.bo.bocc.system.exception.InternalServerErrorException">jp.bo.bocc.system.exception.InternalServerErrorException: 投稿内容を更新することができませんでした。
	at jp.bo.bocc.service.impl.StorageServiceImpl.setPermissionForFile(StorageServiceImpl.java:112)
	at jp.bo.bocc.service.impl.StorageServiceImpl$$FastClassBySpringCGLIB$$5219747.invoke(&lt;generated&gt;)
	at org.springframework.cglib.proxy.MethodProxy.invoke(MethodProxy.java:204)
	at org.springframework.aop.framework.CglibAopProxy$CglibMethodInvocation.invokeJoinpoint(CglibAopProxy.java:721)
	at org.springframework.aop.framework.ReflectiveMethodInvocation.proceed(ReflectiveMethodInvocation.java:157)
	at org.springframework.transaction.interceptor.TransactionInterceptor$1.proceedWithInvocation(TransactionInterceptor.java:99)
	at org.springframework.transaction.interceptor.TransactionAspectSupport.invokeWithinTransaction(TransactionAspectSupport.java:282)
	at org.springframework.transaction.interceptor.TransactionInterceptor.invoke(TransactionInterceptor.java:96)
	at org.springframework.aop.framework.ReflectiveMethodInvocation.proceed(ReflectiveMethodInvocation.java:179)
	at org.springframework.aop.framework.CglibAopProxy$DynamicAdvisedInterceptor.intercept(CglibAopProxy.java:656)
	at jp.bo.bocc.service.impl.StorageServiceImpl$$EnhancerBySpringCGLIB$$ece99a4c.setPermissionForFile(&lt;generated&gt;)
	at jp.bo.bocc.service.impl.StorageServiceImplTest.testStoreAndGet(StorageServiceImplTest.java:40)
	at sun.reflect.NativeMethodAccessorImpl.invoke0(Native Method)
	at sun.reflect.NativeMethodAccessorImpl.invoke(NativeMethodAccessorImpl.java:62)
	at sun.reflect.DelegatingMethodAccessorImpl.invoke(DelegatingMethodAccessorImpl.java:43)
	at java.lang.reflect.Method.invoke(Method.java:498)
	at org.junit.runners.model.FrameworkMethod$1.runReflectiveCall(FrameworkMethod.java:50)
	at org.junit.internal.runners.model.ReflectiveCallable.run(ReflectiveCallable.java:12)
	at org.junit.runners.model.FrameworkMethod.invokeExplosively(FrameworkMethod.java:47)
	at org.junit.internal.runners.statements.InvokeMethod.evaluate(InvokeMethod.java:17)
	at org.springframework.test.context.junit4.statements.RunBeforeTestMethodCallbacks.evaluate(RunBeforeTestMethodCallbacks.java:75)
	at org.springframework.test.context.junit4.statements.RunAfterTestMethodCallbacks.evaluate(RunAfterTestMethodCallbacks.java:86)
	at org.springframework.test.context.junit4.statements.SpringRepeat.evaluate(SpringRepeat.java:84)
	at org.junit.runners.ParentRunner.runLeaf(ParentRunner.java:325)
	at org.springframework.test.context.junit4.SpringJUnit4ClassRunner.runChild(SpringJUnit4ClassRunner.java:252)
	at org.springframework.test.context.junit4.SpringJUnit4ClassRunner.runChild(SpringJUnit4ClassRunner.java:94)
	at org.junit.runners.ParentRunner$3.run(ParentRunner.java:290)
	at org.junit.runners.ParentRunner$1.schedule(ParentRunner.java:71)
	at org.junit.runners.ParentRunner.runChildren(ParentRunner.java:288)
	at org.junit.runners.ParentRunner.access$000(ParentRunner.java:58)
	at org.junit.runners.ParentRunner$2.evaluate(ParentRunner.java:268)
	at org.springframework.test.context.junit4.statements.RunBeforeTestClassCallbacks.evaluate(RunBeforeTestClassCallbacks.java:61)
	at org.springframework.test.context.junit4.statements.RunAfterTestClassCallbacks.evaluate(RunAfterTestClassCallbacks.java:70)
	at org.junit.runners.ParentRunner.run(ParentRunner.java:363)
	at org.springframework.test.context.junit4.SpringJUnit4ClassRunner.run(SpringJUnit4ClassRunner.java:191)
	at org.apache.maven.surefire.junit4.JUnit4Provider.execute(JUnit4Provider.java:252)
	at org.apache.maven.surefire.junit4.JUnit4Provider.executeTestSet(JUnit4Provider.java:141)
	at org.apache.maven.surefire.junit4.JUnit4Provider.invoke(JUnit4Provider.java:112)
	at sun.reflect.NativeMethodAccessorImpl.invoke0(Native Method)
	at sun.reflect.NativeMethodAccessorImpl.invoke(NativeMethodAccessorImpl.java:62)
	at sun.reflect.DelegatingMethodAccessorImpl.invoke(DelegatingMethodAccessorImpl.java:43)
	at java.lang.reflect.Method.invoke(Method.java:498)
	at org.apache.maven.surefire.util.ReflectionUtils.invokeMethodWithArray(ReflectionUtils.java:189)
	at org.apache.maven.surefire.booter.ProviderFactory$ProviderProxy.invoke(ProviderFactory.java:165)
	at org.apache.maven.surefire.booter.ProviderFactory.invokeProvider(ProviderFactory.java:85)
	at org.apache.maven.surefire.booter.ForkedBooter.runSuitesInProcess(ForkedBooter.java:115)
	at org.apache.maven.surefire.booter.ForkedBooter.main(ForkedBooter.java:75)
Caused by: java.io.IOException: The system cannot find the path specified
	at java.io.WinNTFileSystem.createFileExclusively(Native Method)
	at java.io.File.createNewFile(File.java:1012)
	at jp.bo.bocc.service.impl.StorageServiceImpl.setPermissionForFile(StorageServiceImpl.java:66)
	... 46 more
</error>
    <system-out>17/12/05 19:02:31 INFO TransactionContext: Began transaction (1) for test context [DefaultTestContext@40fee459 testClass = StorageServiceImplTest, testInstance = jp.bo.bocc.service.impl.StorageServiceImplTest@43fbc2bf, testMethod = testStoreAndGet@StorageServiceImplTest, testException = [null], mergedContextConfiguration = [MergedContextConfiguration@5a31abe9 testClass = StorageServiceImplTest, locations = &apos;{}&apos;, classes = &apos;{class jp.bo.bocc.system.config.AppConfig}&apos;, contextInitializerClasses = &apos;[]&apos;, activeProfiles = &apos;{app}&apos;, propertySourceLocations = &apos;{}&apos;, propertySourceProperties = &apos;{}&apos;, contextCustomizers = set[[empty]], contextLoader = &apos;org.springframework.test.context.support.DelegatingSmartContextLoader&apos;, parent = [null]]]; transaction manager [org.springframework.orm.jpa.JpaTransactionManager@3fde8f7c]; rollback [true]
17/12/05 19:02:31 INFO TransactionContext: Rolled back transaction for test context [DefaultTestContext@40fee459 testClass = StorageServiceImplTest, testInstance = jp.bo.bocc.service.impl.StorageServiceImplTest@43fbc2bf, testMethod = testStoreAndGet@StorageServiceImplTest, testException = jp.bo.bocc.system.exception.InternalServerErrorException: ?????????????????????, mergedContextConfiguration = [MergedContextConfiguration@5a31abe9 testClass = StorageServiceImplTest, locations = &apos;{}&apos;, classes = &apos;{class jp.bo.bocc.system.config.AppConfig}&apos;, contextInitializerClasses = &apos;[]&apos;, activeProfiles = &apos;{app}&apos;, propertySourceLocations = &apos;{}&apos;, propertySourceProperties = &apos;{}&apos;, contextCustomizers = set[[empty]], contextLoader = &apos;org.springframework.test.context.support.DelegatingSmartContextLoader&apos;, parent = [null]]].
</system-out>
  </testcase>
</testsuite>