<?xml version="1.0" encoding="UTF-8" ?>
<testsuite tests="24" failures="4" name="jp.bo.bocc.service.impl.UserServiceImplTest" time="22.48" errors="9" skipped="0">
  <properties>
[...]
</properties>
  <testcase classname="jp.bo.bocc.service.impl.UserServiceImplTest" name="testGetUserDeviceToken" time="1.112"/>
  <testcase classname="jp.bo.bocc.service.impl.UserServiceImplTest" name="testGetUserListForPatrolSiteSearchReport" time="0.218"/>
  <testcase classname="jp.bo.bocc.service.impl.UserServiceImplTest" name="testGetUserListForPatrolSite1" time="0.32">
    <failure type="java.lang.AssertionError">java.lang.AssertionError
	at org.junit.Assert.fail(Assert.java:86)
	at org.junit.Assert.assertTrue(Assert.java:41)
	at org.junit.Assert.assertTrue(Assert.java:52)
	at jp.bo.bocc.service.impl.UserServiceImplTest.testGetUserListForPatrolSite1(UserServiceImplTest.java:276)
	at sun.reflect.NativeMethodAccessorImpl.invoke0(Native Method)
	at sun.reflect.NativeMethodAccessorImpl.invoke(NativeMethodAccessorImpl.java:62)
	at sun.reflect.DelegatingMethodAccessorImpl.invoke(DelegatingMethodAccessorImpl.java:43)
	at java.lang.reflect.Method.invoke(Method.java:498)
	at org.junit.runners.model.FrameworkMethod$1.runReflectiveCall(FrameworkMethod.java:50)
	at org.junit.internal.runners.model.ReflectiveCallable.run(ReflectiveCallable.java:12)
	at org.junit.runners.model.FrameworkMethod.invokeExplosively(FrameworkMethod.java:47)
	at org.junit.internal.runners.statements.InvokeMethod.evaluate(InvokeMethod.java:17)
	at org.springframework.test.context.junit4.statements.RunBeforeTestMethodCallbacks.evaluate(RunBeforeTestMethodCallbacks.java:75)
	at org.springframework.test.context.junit4.statements.RunAfterTestMethodCallbacks.evaluate(RunAfterTestMethodCallbacks.java:86)
	at org.springframework.test.context.junit4.statements.SpringRepeat.evaluate(SpringRepeat.java:84)
	at org.junit.runners.ParentRunner.runLeaf(ParentRunner.java:325)
	at org.springframework.test.context.junit4.SpringJUnit4ClassRunner.runChild(SpringJUnit4ClassRunner.java:252)
	at org.springframework.test.context.junit4.SpringJUnit4ClassRunner.runChild(SpringJUnit4ClassRunner.java:94)
	at org.junit.runners.ParentRunner$3.run(ParentRunner.java:290)
	at org.junit.runners.ParentRunner$1.schedule(ParentRunner.java:71)
	at org.junit.runners.ParentRunner.runChildren(ParentRunner.java:288)
	at org.junit.runners.ParentRunner.access$000(ParentRunner.java:58)
	at org.junit.runners.ParentRunner$2.evaluate(ParentRunner.java:268)
	at org.springframework.test.context.junit4.statements.RunBeforeTestClassCallbacks.evaluate(RunBeforeTestClassCallbacks.java:61)
	at org.springframework.test.context.junit4.statements.RunAfterTestClassCallbacks.evaluate(RunAfterTestClassCallbacks.java:70)
	at org.junit.runners.ParentRunner.run(ParentRunner.java:363)
	at org.springframework.test.context.junit4.SpringJUnit4ClassRunner.run(SpringJUnit4ClassRunner.java:191)
	at org.apache.maven.surefire.junit4.JUnit4Provider.execute(JUnit4Provider.java:252)
	at org.apache.maven.surefire.junit4.JUnit4Provider.executeTestSet(JUnit4Provider.java:141)
	at org.apache.maven.surefire.junit4.JUnit4Provider.invoke(JUnit4Provider.java:112)
	at sun.reflect.NativeMethodAccessorImpl.invoke0(Native Method)
	at sun.reflect.NativeMethodAccessorImpl.invoke(NativeMethodAccessorImpl.java:62)
	at sun.reflect.DelegatingMethodAccessorImpl.invoke(DelegatingMethodAccessorImpl.java:43)
	at java.lang.reflect.Method.invoke(Method.java:498)
	at org.apache.maven.surefire.util.ReflectionUtils.invokeMethodWithArray(ReflectionUtils.java:189)
	at org.apache.maven.surefire.booter.ProviderFactory$ProviderProxy.invoke(ProviderFactory.java:165)
	at org.apache.maven.surefire.booter.ProviderFactory.invokeProvider(ProviderFactory.java:85)
	at org.apache.maven.surefire.booter.ForkedBooter.runSuitesInProcess(ForkedBooter.java:115)
	at org.apache.maven.surefire.booter.ForkedBooter.main(ForkedBooter.java:75)
</failure>
    <system-out>17/12/05 16:45:00 INFO TransactionContext: Began transaction (1) for test context [DefaultTestContext@3398ed12 testClass = UserServiceImplTest, testInstance = jp.bo.bocc.service.impl.UserServiceImplTest@556e4588, testMethod = testGetUserListForPatrolSite1@UserServiceImplTest, testException = [null], mergedContextConfiguration = [MergedContextConfiguration@80b6098 testClass = UserServiceImplTest, locations = &apos;{}&apos;, classes = &apos;{class jp.bo.bocc.system.config.TestConfig}&apos;, contextInitializerClasses = &apos;[]&apos;, activeProfiles = &apos;{app, test}&apos;, propertySourceLocations = &apos;{}&apos;, propertySourceProperties = &apos;{}&apos;, contextCustomizers = set[[empty]], contextLoader = &apos;org.springframework.test.context.support.DelegatingSmartContextLoader&apos;, parent = [null]]]; transaction manager [org.springframework.orm.jpa.JpaTransactionManager@285ac40b]; rollback [true]
Hibernate: SELECT su.USER_ID, su.USER_AVTR, su.USER_NICK_NAME, su.USER_PTRL_STATUS, su.CMN_LAST_UPDT_DATE, su.USER_CTRL_STATUS, su.USER_TIME_PATROL, su.USER_UPDATE_AT FROM SHM_USER su WHERE su.USER_STATUS IN (4) AND su.CMN_DELETE_FLAG = 0 AND (su.USER_IS_IN_PATROL is null or su.USER_IS_IN_PATROL = 0)  AND su.USER_UPDATE_AT BETWEEN ? AND ?  ORDER BY su.USER_UPDATE_AT DESC 
Hibernate: select * from ( SELECT su.USER_ID, su.USER_AVTR, su.USER_NICK_NAME, su.USER_PTRL_STATUS, su.CMN_LAST_UPDT_DATE, su.USER_CTRL_STATUS, su.USER_TIME_PATROL, su.USER_UPDATE_AT FROM SHM_USER su WHERE su.USER_STATUS IN (4) AND su.CMN_DELETE_FLAG = 0 AND (su.USER_IS_IN_PATROL is null or su.USER_IS_IN_PATROL = 0)  AND su.USER_UPDATE_AT BETWEEN ? AND ?  ORDER BY su.USER_UPDATE_AT DESC ) where rownum &lt;= ?
17/12/05 16:45:00 INFO TransactionContext: Rolled back transaction for test context [DefaultTestContext@3398ed12 testClass = UserServiceImplTest, testInstance = jp.bo.bocc.service.impl.UserServiceImplTest@556e4588, testMethod = testGetUserListForPatrolSite1@UserServiceImplTest, testException = java.lang.AssertionError, mergedContextConfiguration = [MergedContextConfiguration@80b6098 testClass = UserServiceImplTest, locations = &apos;{}&apos;, classes = &apos;{class jp.bo.bocc.system.config.TestConfig}&apos;, contextInitializerClasses = &apos;[]&apos;, activeProfiles = &apos;{app, test}&apos;, propertySourceLocations = &apos;{}&apos;, propertySourceProperties = &apos;{}&apos;, contextCustomizers = set[[empty]], contextLoader = &apos;org.springframework.test.context.support.DelegatingSmartContextLoader&apos;, parent = [null]]].
</system-out>
  </testcase>
  <testcase classname="jp.bo.bocc.service.impl.UserServiceImplTest" name="unLikePost" time="0.164">
    <error message="ユーザーがみつかりません。" type="jp.bo.bocc.system.exception.ResourceNotFoundException">jp.bo.bocc.system.exception.ResourceNotFoundException: ユーザーがみつかりません。
	at jp.bo.bocc.service.impl.UserServiceImpl.getUserById(UserServiceImpl.java:189)
	at jp.bo.bocc.service.impl.UserServiceImpl.likePost(UserServiceImpl.java:1345)
	at jp.bo.bocc.service.impl.UserServiceImpl$$FastClassBySpringCGLIB$$3f98627d.invoke(&lt;generated&gt;)
	at org.springframework.cglib.proxy.MethodProxy.invoke(MethodProxy.java:204)
	at org.springframework.aop.framework.CglibAopProxy$CglibMethodInvocation.invokeJoinpoint(CglibAopProxy.java:721)
	at org.springframework.aop.framework.ReflectiveMethodInvocation.proceed(ReflectiveMethodInvocation.java:157)
	at org.springframework.transaction.interceptor.TransactionInterceptor$1.proceedWithInvocation(TransactionInterceptor.java:99)
	at org.springframework.transaction.interceptor.TransactionAspectSupport.invokeWithinTransaction(TransactionAspectSupport.java:282)
	at org.springframework.transaction.interceptor.TransactionInterceptor.invoke(TransactionInterceptor.java:96)
	at org.springframework.aop.framework.ReflectiveMethodInvocation.proceed(ReflectiveMethodInvocation.java:179)
	at org.springframework.aop.framework.CglibAopProxy$DynamicAdvisedInterceptor.intercept(CglibAopProxy.java:656)
	at jp.bo.bocc.service.impl.UserServiceImpl$$EnhancerBySpringCGLIB$$4e33adae.likePost(&lt;generated&gt;)
	at jp.bo.bocc.service.impl.UserServiceImplTest.unLikePost(UserServiceImplTest.java:200)
	at sun.reflect.NativeMethodAccessorImpl.invoke0(Native Method)
	at sun.reflect.NativeMethodAccessorImpl.invoke(NativeMethodAccessorImpl.java:62)
	at sun.reflect.DelegatingMethodAccessorImpl.invoke(DelegatingMethodAccessorImpl.java:43)
	at java.lang.reflect.Method.invoke(Method.java:498)
	at org.junit.runners.model.FrameworkMethod$1.runReflectiveCall(FrameworkMethod.java:50)
	at org.junit.internal.runners.model.ReflectiveCallable.run(ReflectiveCallable.java:12)
	at org.junit.runners.model.FrameworkMethod.invokeExplosively(FrameworkMethod.java:47)
	at org.junit.internal.runners.statements.InvokeMethod.evaluate(InvokeMethod.java:17)
	at org.springframework.test.context.junit4.statements.RunBeforeTestMethodCallbacks.evaluate(RunBeforeTestMethodCallbacks.java:75)
	at org.springframework.test.context.junit4.statements.RunAfterTestMethodCallbacks.evaluate(RunAfterTestMethodCallbacks.java:86)
	at org.springframework.test.context.junit4.statements.SpringRepeat.evaluate(SpringRepeat.java:84)
	at org.junit.runners.ParentRunner.runLeaf(ParentRunner.java:325)
	at org.springframework.test.context.junit4.SpringJUnit4ClassRunner.runChild(SpringJUnit4ClassRunner.java:252)
	at org.springframework.test.context.junit4.SpringJUnit4ClassRunner.runChild(SpringJUnit4ClassRunner.java:94)
	at org.junit.runners.ParentRunner$3.run(ParentRunner.java:290)
	at org.junit.runners.ParentRunner$1.schedule(ParentRunner.java:71)
	at org.junit.runners.ParentRunner.runChildren(ParentRunner.java:288)
	at org.junit.runners.ParentRunner.access$000(ParentRunner.java:58)
	at org.junit.runners.ParentRunner$2.evaluate(ParentRunner.java:268)
	at org.springframework.test.context.junit4.statements.RunBeforeTestClassCallbacks.evaluate(RunBeforeTestClassCallbacks.java:61)
	at org.springframework.test.context.junit4.statements.RunAfterTestClassCallbacks.evaluate(RunAfterTestClassCallbacks.java:70)
	at org.junit.runners.ParentRunner.run(ParentRunner.java:363)
	at org.springframework.test.context.junit4.SpringJUnit4ClassRunner.run(SpringJUnit4ClassRunner.java:191)
	at org.apache.maven.surefire.junit4.JUnit4Provider.execute(JUnit4Provider.java:252)
	at org.apache.maven.surefire.junit4.JUnit4Provider.executeTestSet(JUnit4Provider.java:141)
	at org.apache.maven.surefire.junit4.JUnit4Provider.invoke(JUnit4Provider.java:112)
	at sun.reflect.NativeMethodAccessorImpl.invoke0(Native Method)
	at sun.reflect.NativeMethodAccessorImpl.invoke(NativeMethodAccessorImpl.java:62)
	at sun.reflect.DelegatingMethodAccessorImpl.invoke(DelegatingMethodAccessorImpl.java:43)
	at java.lang.reflect.Method.invoke(Method.java:498)
	at org.apache.maven.surefire.util.ReflectionUtils.invokeMethodWithArray(ReflectionUtils.java:189)
	at org.apache.maven.surefire.booter.ProviderFactory$ProviderProxy.invoke(ProviderFactory.java:165)
	at org.apache.maven.surefire.booter.ProviderFactory.invokeProvider(ProviderFactory.java:85)
	at org.apache.maven.surefire.booter.ForkedBooter.runSuitesInProcess(ForkedBooter.java:115)
	at org.apache.maven.surefire.booter.ForkedBooter.main(ForkedBooter.java:75)
</error>
    <system-out>17/12/05 16:45:00 INFO TransactionContext: Began transaction (1) for test context [DefaultTestContext@3398ed12 testClass = UserServiceImplTest, testInstance = jp.bo.bocc.service.impl.UserServiceImplTest@1d0fc0bc, testMethod = unLikePost@UserServiceImplTest, testException = [null], mergedContextConfiguration = [MergedContextConfiguration@80b6098 testClass = UserServiceImplTest, locations = &apos;{}&apos;, classes = &apos;{class jp.bo.bocc.system.config.TestConfig}&apos;, contextInitializerClasses = &apos;[]&apos;, activeProfiles = &apos;{app, test}&apos;, propertySourceLocations = &apos;{}&apos;, propertySourceProperties = &apos;{}&apos;, contextCustomizers = set[[empty]], contextLoader = &apos;org.springframework.test.context.support.DelegatingSmartContextLoader&apos;, parent = [null]]]; transaction manager [org.springframework.orm.jpa.JpaTransactionManager@285ac40b]; rollback [true]
Hibernate: select shmuser0_.USER_ID as USER_ID1_5_0_, shmuser0_.CMN_ENTRY_DATE as CMN_ENTRY_DATE2_5_0_, shmuser0_.CMN_ENTRY_USER_NO as CMN_ENTRY_USER_NO3_5_0_, shmuser0_.CMN_ENTRY_USER_TYPE as CMN_ENTRY_USER_TYP4_5_0_, shmuser0_.CMN_DELETE_FLAG as CMN_DELETE_FLAG5_5_0_, shmuser0_.CMN_LAST_UPDT_DATE as CMN_LAST_UPDT_DATE6_5_0_, shmuser0_.CMN_LAST_UPDT_USER_NO as CMN_LAST_UPDT_USER7_5_0_, shmuser0_.CMN_LAST_UPDT_USER_TYPE as CMN_LAST_UPDT_USER8_5_0_, shmuser0_.USER_ADDRESS_ID as USER_ADDRESS_ID28_5_0_, shmuser0_.USER_AVTR as USER_AVTR29_5_0_, shmuser0_.USER_BSID as USER_BSID9_5_0_, shmuser0_.USER_CAREER as USER_CAREER10_5_0_, shmuser0_.USER_CTRL_STATUS as USER_CTRL_STATUS11_5_0_, shmuser0_.USER_DATE_OF_BIRTH as USER_DATE_OF_BIRT12_5_0_, shmuser0_.USER_DESCR as USER_DESCR13_5_0_, shmuser0_.USER_EMAIL as USER_EMAIL14_5_0_, shmuser0_.USER_FIRST_NAME as USER_FIRST_NAME15_5_0_, shmuser0_.USER_GENDER as USER_GENDER16_5_0_, shmuser0_.USER_IS_IN_PATROL as USER_IS_IN_PATROL17_5_0_, shmuser0_.USER_JOB as USER_JOB18_5_0_, shmuser0_.USER_LAST_NAME as USER_LAST_NAME19_5_0_, shmuser0_.LEFT_DATE as LEFT_DATE20_5_0_, shmuser0_.USER_NICK_NAME as USER_NICK_NAME21_5_0_, shmuser0_.USER_PWD as USER_PWD22_5_0_, shmuser0_.USER_PHONE as USER_PHONE23_5_0_, shmuser0_.USER_PTRL_STATUS as USER_PTRL_STATUS24_5_0_, shmuser0_.USER_STATUS as USER_STATUS25_5_0_, shmuser0_.USER_TIME_PATROL as USER_TIME_PATROL26_5_0_, shmuser0_.USER_UPDATE_AT as USER_UPDATE_AT27_5_0_, shmaddr1_.ADDR_ID as ADDR_ID1_0_1_, shmaddr1_.CMN_ENTRY_DATE as CMN_ENTRY_DATE2_0_1_, shmaddr1_.CMN_ENTRY_USER_NO as CMN_ENTRY_USER_NO3_0_1_, shmaddr1_.CMN_ENTRY_USER_TYPE as CMN_ENTRY_USER_TYP4_0_1_, shmaddr1_.CMN_DELETE_FLAG as CMN_DELETE_FLAG5_0_1_, shmaddr1_.CMN_LAST_UPDT_DATE as CMN_LAST_UPDT_DATE6_0_1_, shmaddr1_.CMN_LAST_UPDT_USER_NO as CMN_LAST_UPDT_USER7_0_1_, shmaddr1_.CMN_LAST_UPDT_USER_TYPE as CMN_LAST_UPDT_USER8_0_1_, shmaddr1_.ADDR_PARENT_ID as ADDR_PARENT_ID9_0_1_, shmaddr1_.ADDR_AREA_CODE as ADDR_AREA_CODE10_0_1_, shmaddr1_.ADDR_AREA_NAME as ADDR_AREA_NAME11_0_1_, shrfile2_.FILE_ID as FILE_ID1_6_2_, shrfile2_.CMN_ENTRY_DATE as CMN_ENTRY_DATE2_6_2_, shrfile2_.CMN_ENTRY_USER_NO as CMN_ENTRY_USER_NO3_6_2_, shrfile2_.CMN_ENTRY_USER_TYPE as CMN_ENTRY_USER_TYP4_6_2_, shrfile2_.CMN_DELETE_FLAG as CMN_DELETE_FLAG5_6_2_, shrfile2_.CMN_LAST_UPDT_DATE as CMN_LAST_UPDT_DATE6_6_2_, shrfile2_.CMN_LAST_UPDT_USER_NO as CMN_LAST_UPDT_USER7_6_2_, shrfile2_.CMN_LAST_UPDT_USER_TYPE as CMN_LAST_UPDT_USER8_6_2_, shrfile2_.FILE_DIR as FILE_DIR9_6_2_, shrfile2_.FILE_EXT as FILE_EXT10_6_2_, shrfile2_.FILE_HEIGHT as FILE_HEIGHT11_6_2_, shrfile2_.FILE_NAME as FILE_NAME12_6_2_, shrfile2_.FILE_ORG_NAME as FILE_ORG_NAME13_6_2_, shrfile2_.FILE_PROVIDER as FILE_PROVIDER14_6_2_, shrfile2_.FILE_SIZE as FILE_SIZE15_6_2_, shrfile2_.FILE_WIDTH as FILE_WIDTH16_6_2_ from SHM_USER shmuser0_ left outer join SHM_ADDR shmaddr1_ on shmuser0_.USER_ADDRESS_ID=shmaddr1_.ADDR_ID left outer join SHR_FILE shrfile2_ on shmuser0_.USER_AVTR=shrfile2_.FILE_ID where shmuser0_.USER_ID=? and ( shmuser0_.CMN_DELETE_FLAG=0)
17/12/05 16:45:01 INFO TransactionContext: Rolled back transaction for test context [DefaultTestContext@3398ed12 testClass = UserServiceImplTest, testInstance = jp.bo.bocc.service.impl.UserServiceImplTest@1d0fc0bc, testMethod = unLikePost@UserServiceImplTest, testException = jp.bo.bocc.system.exception.ResourceNotFoundException: ?????????????, mergedContextConfiguration = [MergedContextConfiguration@80b6098 testClass = UserServiceImplTest, locations = &apos;{}&apos;, classes = &apos;{class jp.bo.bocc.system.config.TestConfig}&apos;, contextInitializerClasses = &apos;[]&apos;, activeProfiles = &apos;{app, test}&apos;, propertySourceLocations = &apos;{}&apos;, propertySourceProperties = &apos;{}&apos;, contextCustomizers = set[[empty]], contextLoader = &apos;org.springframework.test.context.support.DelegatingSmartContextLoader&apos;, parent = [null]]].
</system-out>
  </testcase>
  <testcase classname="jp.bo.bocc.service.impl.UserServiceImplTest" name="testVerifyBsAccount" time="2.955"/>
  <testcase classname="jp.bo.bocc.service.impl.UserServiceImplTest" name="testnewPhoneNumber" time="0.137">
    <error message="ユーザーがみつかりません。" type="jp.bo.bocc.system.exception.ResourceNotFoundException">jp.bo.bocc.system.exception.ResourceNotFoundException: ユーザーがみつかりません。
	at jp.bo.bocc.service.impl.UserServiceImpl.getUserById(UserServiceImpl.java:189)
	at jp.bo.bocc.service.impl.UserServiceImpl$$FastClassBySpringCGLIB$$3f98627d.invoke(&lt;generated&gt;)
	at org.springframework.cglib.proxy.MethodProxy.invoke(MethodProxy.java:204)
	at org.springframework.aop.framework.CglibAopProxy$CglibMethodInvocation.invokeJoinpoint(CglibAopProxy.java:721)
	at org.springframework.aop.framework.ReflectiveMethodInvocation.proceed(ReflectiveMethodInvocation.java:157)
	at org.springframework.transaction.interceptor.TransactionInterceptor$1.proceedWithInvocation(TransactionInterceptor.java:99)
	at org.springframework.transaction.interceptor.TransactionAspectSupport.invokeWithinTransaction(TransactionAspectSupport.java:282)
	at org.springframework.transaction.interceptor.TransactionInterceptor.invoke(TransactionInterceptor.java:96)
	at org.springframework.aop.framework.ReflectiveMethodInvocation.proceed(ReflectiveMethodInvocation.java:179)
	at org.springframework.aop.framework.CglibAopProxy$DynamicAdvisedInterceptor.intercept(CglibAopProxy.java:656)
	at jp.bo.bocc.service.impl.UserServiceImpl$$EnhancerBySpringCGLIB$$4e33adae.getUserById(&lt;generated&gt;)
	at jp.bo.bocc.service.impl.UserServiceImplTest.testnewPhoneNumber(UserServiceImplTest.java:303)
	at sun.reflect.NativeMethodAccessorImpl.invoke0(Native Method)
	at sun.reflect.NativeMethodAccessorImpl.invoke(NativeMethodAccessorImpl.java:62)
	at sun.reflect.DelegatingMethodAccessorImpl.invoke(DelegatingMethodAccessorImpl.java:43)
	at java.lang.reflect.Method.invoke(Method.java:498)
	at org.junit.runners.model.FrameworkMethod$1.runReflectiveCall(FrameworkMethod.java:50)
	at org.junit.internal.runners.model.ReflectiveCallable.run(ReflectiveCallable.java:12)
	at org.junit.runners.model.FrameworkMethod.invokeExplosively(FrameworkMethod.java:47)
	at org.junit.internal.runners.statements.InvokeMethod.evaluate(InvokeMethod.java:17)
	at org.springframework.test.context.junit4.statements.RunBeforeTestMethodCallbacks.evaluate(RunBeforeTestMethodCallbacks.java:75)
	at org.springframework.test.context.junit4.statements.RunAfterTestMethodCallbacks.evaluate(RunAfterTestMethodCallbacks.java:86)
	at org.springframework.test.context.junit4.statements.SpringRepeat.evaluate(SpringRepeat.java:84)
	at org.junit.runners.ParentRunner.runLeaf(ParentRunner.java:325)
	at org.springframework.test.context.junit4.SpringJUnit4ClassRunner.runChild(SpringJUnit4ClassRunner.java:252)
	at org.springframework.test.context.junit4.SpringJUnit4ClassRunner.runChild(SpringJUnit4ClassRunner.java:94)
	at org.junit.runners.ParentRunner$3.run(ParentRunner.java:290)
	at org.junit.runners.ParentRunner$1.schedule(ParentRunner.java:71)
	at org.junit.runners.ParentRunner.runChildren(ParentRunner.java:288)
	at org.junit.runners.ParentRunner.access$000(ParentRunner.java:58)
	at org.junit.runners.ParentRunner$2.evaluate(ParentRunner.java:268)
	at org.springframework.test.context.junit4.statements.RunBeforeTestClassCallbacks.evaluate(RunBeforeTestClassCallbacks.java:61)
	at org.springframework.test.context.junit4.statements.RunAfterTestClassCallbacks.evaluate(RunAfterTestClassCallbacks.java:70)
	at org.junit.runners.ParentRunner.run(ParentRunner.java:363)
	at org.springframework.test.context.junit4.SpringJUnit4ClassRunner.run(SpringJUnit4ClassRunner.java:191)
	at org.apache.maven.surefire.junit4.JUnit4Provider.execute(JUnit4Provider.java:252)
	at org.apache.maven.surefire.junit4.JUnit4Provider.executeTestSet(JUnit4Provider.java:141)
	at org.apache.maven.surefire.junit4.JUnit4Provider.invoke(JUnit4Provider.java:112)
	at sun.reflect.NativeMethodAccessorImpl.invoke0(Native Method)
	at sun.reflect.NativeMethodAccessorImpl.invoke(NativeMethodAccessorImpl.java:62)
	at sun.reflect.DelegatingMethodAccessorImpl.invoke(DelegatingMethodAccessorImpl.java:43)
	at java.lang.reflect.Method.invoke(Method.java:498)
	at org.apache.maven.surefire.util.ReflectionUtils.invokeMethodWithArray(ReflectionUtils.java:189)
	at org.apache.maven.surefire.booter.ProviderFactory$ProviderProxy.invoke(ProviderFactory.java:165)
	at org.apache.maven.surefire.booter.ProviderFactory.invokeProvider(ProviderFactory.java:85)
	at org.apache.maven.surefire.booter.ForkedBooter.runSuitesInProcess(ForkedBooter.java:115)
	at org.apache.maven.surefire.booter.ForkedBooter.main(ForkedBooter.java:75)
</error>
    <system-out>17/12/05 16:45:04 INFO TransactionContext: Began transaction (1) for test context [DefaultTestContext@3398ed12 testClass = UserServiceImplTest, testInstance = jp.bo.bocc.service.impl.UserServiceImplTest@3ec52163, testMethod = testnewPhoneNumber@UserServiceImplTest, testException = [null], mergedContextConfiguration = [MergedContextConfiguration@80b6098 testClass = UserServiceImplTest, locations = &apos;{}&apos;, classes = &apos;{class jp.bo.bocc.system.config.TestConfig}&apos;, contextInitializerClasses = &apos;[]&apos;, activeProfiles = &apos;{app, test}&apos;, propertySourceLocations = &apos;{}&apos;, propertySourceProperties = &apos;{}&apos;, contextCustomizers = set[[empty]], contextLoader = &apos;org.springframework.test.context.support.DelegatingSmartContextLoader&apos;, parent = [null]]]; transaction manager [org.springframework.orm.jpa.JpaTransactionManager@285ac40b]; rollback [true]
Hibernate: select shmuser0_.USER_ID as USER_ID1_5_0_, shmuser0_.CMN_ENTRY_DATE as CMN_ENTRY_DATE2_5_0_, shmuser0_.CMN_ENTRY_USER_NO as CMN_ENTRY_USER_NO3_5_0_, shmuser0_.CMN_ENTRY_USER_TYPE as CMN_ENTRY_USER_TYP4_5_0_, shmuser0_.CMN_DELETE_FLAG as CMN_DELETE_FLAG5_5_0_, shmuser0_.CMN_LAST_UPDT_DATE as CMN_LAST_UPDT_DATE6_5_0_, shmuser0_.CMN_LAST_UPDT_USER_NO as CMN_LAST_UPDT_USER7_5_0_, shmuser0_.CMN_LAST_UPDT_USER_TYPE as CMN_LAST_UPDT_USER8_5_0_, shmuser0_.USER_ADDRESS_ID as USER_ADDRESS_ID28_5_0_, shmuser0_.USER_AVTR as USER_AVTR29_5_0_, shmuser0_.USER_BSID as USER_BSID9_5_0_, shmuser0_.USER_CAREER as USER_CAREER10_5_0_, shmuser0_.USER_CTRL_STATUS as USER_CTRL_STATUS11_5_0_, shmuser0_.USER_DATE_OF_BIRTH as USER_DATE_OF_BIRT12_5_0_, shmuser0_.USER_DESCR as USER_DESCR13_5_0_, shmuser0_.USER_EMAIL as USER_EMAIL14_5_0_, shmuser0_.USER_FIRST_NAME as USER_FIRST_NAME15_5_0_, shmuser0_.USER_GENDER as USER_GENDER16_5_0_, shmuser0_.USER_IS_IN_PATROL as USER_IS_IN_PATROL17_5_0_, shmuser0_.USER_JOB as USER_JOB18_5_0_, shmuser0_.USER_LAST_NAME as USER_LAST_NAME19_5_0_, shmuser0_.LEFT_DATE as LEFT_DATE20_5_0_, shmuser0_.USER_NICK_NAME as USER_NICK_NAME21_5_0_, shmuser0_.USER_PWD as USER_PWD22_5_0_, shmuser0_.USER_PHONE as USER_PHONE23_5_0_, shmuser0_.USER_PTRL_STATUS as USER_PTRL_STATUS24_5_0_, shmuser0_.USER_STATUS as USER_STATUS25_5_0_, shmuser0_.USER_TIME_PATROL as USER_TIME_PATROL26_5_0_, shmuser0_.USER_UPDATE_AT as USER_UPDATE_AT27_5_0_, shmaddr1_.ADDR_ID as ADDR_ID1_0_1_, shmaddr1_.CMN_ENTRY_DATE as CMN_ENTRY_DATE2_0_1_, shmaddr1_.CMN_ENTRY_USER_NO as CMN_ENTRY_USER_NO3_0_1_, shmaddr1_.CMN_ENTRY_USER_TYPE as CMN_ENTRY_USER_TYP4_0_1_, shmaddr1_.CMN_DELETE_FLAG as CMN_DELETE_FLAG5_0_1_, shmaddr1_.CMN_LAST_UPDT_DATE as CMN_LAST_UPDT_DATE6_0_1_, shmaddr1_.CMN_LAST_UPDT_USER_NO as CMN_LAST_UPDT_USER7_0_1_, shmaddr1_.CMN_LAST_UPDT_USER_TYPE as CMN_LAST_UPDT_USER8_0_1_, shmaddr1_.ADDR_PARENT_ID as ADDR_PARENT_ID9_0_1_, shmaddr1_.ADDR_AREA_CODE as ADDR_AREA_CODE10_0_1_, shmaddr1_.ADDR_AREA_NAME as ADDR_AREA_NAME11_0_1_, shrfile2_.FILE_ID as FILE_ID1_6_2_, shrfile2_.CMN_ENTRY_DATE as CMN_ENTRY_DATE2_6_2_, shrfile2_.CMN_ENTRY_USER_NO as CMN_ENTRY_USER_NO3_6_2_, shrfile2_.CMN_ENTRY_USER_TYPE as CMN_ENTRY_USER_TYP4_6_2_, shrfile2_.CMN_DELETE_FLAG as CMN_DELETE_FLAG5_6_2_, shrfile2_.CMN_LAST_UPDT_DATE as CMN_LAST_UPDT_DATE6_6_2_, shrfile2_.CMN_LAST_UPDT_USER_NO as CMN_LAST_UPDT_USER7_6_2_, shrfile2_.CMN_LAST_UPDT_USER_TYPE as CMN_LAST_UPDT_USER8_6_2_, shrfile2_.FILE_DIR as FILE_DIR9_6_2_, shrfile2_.FILE_EXT as FILE_EXT10_6_2_, shrfile2_.FILE_HEIGHT as FILE_HEIGHT11_6_2_, shrfile2_.FILE_NAME as FILE_NAME12_6_2_, shrfile2_.FILE_ORG_NAME as FILE_ORG_NAME13_6_2_, shrfile2_.FILE_PROVIDER as FILE_PROVIDER14_6_2_, shrfile2_.FILE_SIZE as FILE_SIZE15_6_2_, shrfile2_.FILE_WIDTH as FILE_WIDTH16_6_2_ from SHM_USER shmuser0_ left outer join SHM_ADDR shmaddr1_ on shmuser0_.USER_ADDRESS_ID=shmaddr1_.ADDR_ID left outer join SHR_FILE shrfile2_ on shmuser0_.USER_AVTR=shrfile2_.FILE_ID where shmuser0_.USER_ID=? and ( shmuser0_.CMN_DELETE_FLAG=0)
17/12/05 16:45:04 INFO TransactionContext: Rolled back transaction for test context [DefaultTestContext@3398ed12 testClass = UserServiceImplTest, testInstance = jp.bo.bocc.service.impl.UserServiceImplTest@3ec52163, testMethod = testnewPhoneNumber@UserServiceImplTest, testException = jp.bo.bocc.system.exception.ResourceNotFoundException: ?????????????, mergedContextConfiguration = [MergedContextConfiguration@80b6098 testClass = UserServiceImplTest, locations = &apos;{}&apos;, classes = &apos;{class jp.bo.bocc.system.config.TestConfig}&apos;, contextInitializerClasses = &apos;[]&apos;, activeProfiles = &apos;{app, test}&apos;, propertySourceLocations = &apos;{}&apos;, propertySourceProperties = &apos;{}&apos;, contextCustomizers = set[[empty]], contextLoader = &apos;org.springframework.test.context.support.DelegatingSmartContextLoader&apos;, parent = [null]]].
</system-out>
  </testcase>
  <testcase classname="jp.bo.bocc.service.impl.UserServiceImplTest" name="testValidatePassword" time="0.099"/>
  <testcase classname="jp.bo.bocc.service.impl.UserServiceImplTest" name="testActivateEmail" time="1.6"/>
  <testcase classname="jp.bo.bocc.service.impl.UserServiceImplTest" name="testNewRegistrationFailConflictEmail" time="0.625"/>
  <testcase classname="jp.bo.bocc.service.impl.UserServiceImplTest" name="testNewRegistrationFailBSIDLimit" time="4.746">
    <failure message="Expected exception: jp.bo.bocc.system.exception.ForbiddenException" type="java.lang.AssertionError">java.lang.AssertionError: Expected exception: jp.bo.bocc.system.exception.ForbiddenException
	at org.junit.internal.runners.statements.ExpectException.evaluate(ExpectException.java:32)
	at org.springframework.test.context.junit4.statements.RunBeforeTestMethodCallbacks.evaluate(RunBeforeTestMethodCallbacks.java:75)
	at org.springframework.test.context.junit4.statements.RunAfterTestMethodCallbacks.evaluate(RunAfterTestMethodCallbacks.java:86)
	at org.springframework.test.context.junit4.statements.SpringRepeat.evaluate(SpringRepeat.java:84)
	at org.junit.runners.ParentRunner.runLeaf(ParentRunner.java:325)
	at org.springframework.test.context.junit4.SpringJUnit4ClassRunner.runChild(SpringJUnit4ClassRunner.java:252)
	at org.springframework.test.context.junit4.SpringJUnit4ClassRunner.runChild(SpringJUnit4ClassRunner.java:94)
	at org.junit.runners.ParentRunner$3.run(ParentRunner.java:290)
	at org.junit.runners.ParentRunner$1.schedule(ParentRunner.java:71)
	at org.junit.runners.ParentRunner.runChildren(ParentRunner.java:288)
	at org.junit.runners.ParentRunner.access$000(ParentRunner.java:58)
	at org.junit.runners.ParentRunner$2.evaluate(ParentRunner.java:268)
	at org.springframework.test.context.junit4.statements.RunBeforeTestClassCallbacks.evaluate(RunBeforeTestClassCallbacks.java:61)
	at org.springframework.test.context.junit4.statements.RunAfterTestClassCallbacks.evaluate(RunAfterTestClassCallbacks.java:70)
	at org.junit.runners.ParentRunner.run(ParentRunner.java:363)
	at org.springframework.test.context.junit4.SpringJUnit4ClassRunner.run(SpringJUnit4ClassRunner.java:191)
	at org.apache.maven.surefire.junit4.JUnit4Provider.execute(JUnit4Provider.java:252)
	at org.apache.maven.surefire.junit4.JUnit4Provider.executeTestSet(JUnit4Provider.java:141)
	at org.apache.maven.surefire.junit4.JUnit4Provider.invoke(JUnit4Provider.java:112)
	at sun.reflect.NativeMethodAccessorImpl.invoke0(Native Method)
	at sun.reflect.NativeMethodAccessorImpl.invoke(NativeMethodAccessorImpl.java:62)
	at sun.reflect.DelegatingMethodAccessorImpl.invoke(DelegatingMethodAccessorImpl.java:43)
	at java.lang.reflect.Method.invoke(Method.java:498)
	at org.apache.maven.surefire.util.ReflectionUtils.invokeMethodWithArray(ReflectionUtils.java:189)
	at org.apache.maven.surefire.booter.ProviderFactory$ProviderProxy.invoke(ProviderFactory.java:165)
	at org.apache.maven.surefire.booter.ProviderFactory.invokeProvider(ProviderFactory.java:85)
	at org.apache.maven.surefire.booter.ForkedBooter.runSuitesInProcess(ForkedBooter.java:115)
	at org.apache.maven.surefire.booter.ForkedBooter.main(ForkedBooter.java:75)
</failure>
    <system-out>17/12/05 16:45:06 INFO TransactionContext: Began transaction (1) for test context [DefaultTestContext@3398ed12 testClass = UserServiceImplTest, testInstance = jp.bo.bocc.service.impl.UserServiceImplTest@6aed4a23, testMethod = testNewRegistrationFailBSIDLimit@UserServiceImplTest, testException = [null], mergedContextConfiguration = [MergedContextConfiguration@80b6098 testClass = UserServiceImplTest, locations = &apos;{}&apos;, classes = &apos;{class jp.bo.bocc.system.config.TestConfig}&apos;, contextInitializerClasses = &apos;[]&apos;, activeProfiles = &apos;{app, test}&apos;, propertySourceLocations = &apos;{}&apos;, propertySourceProperties = &apos;{}&apos;, contextCustomizers = set[[empty]], contextLoader = &apos;org.springframework.test.context.support.DelegatingSmartContextLoader&apos;, parent = [null]]]; transaction manager [org.springframework.orm.jpa.JpaTransactionManager@285ac40b]; rollback [true]
Hibernate: select SHM_USER_SEQ.nextval from dual
Hibernate: select SHM_USER_SEQ.nextval from dual
17/12/05 16:45:06 ERROR MailServiceImpl: ERROR: Can not sent email. Error: Mail server connection failed; nested exception is javax.mail.MessagingException: Could not connect to SMTP host: 172.31.25.32, port: 25;
  nested exception is:
	java.net.ConnectException: Connection timed out: connect. Failed messages: javax.mail.MessagingException: Could not connect to SMTP host: 172.31.25.32, port: 25;
  nested exception is:
	java.net.ConnectException: Connection timed out: connect
17/12/05 16:45:06 ERROR MailServiceImpl: ERROR: Can not sent email. Error: Mail server connection failed; nested exception is javax.mail.MessagingException: Could not connect to SMTP host: 172.31.25.32, port: 25;
  nested exception is:
	java.net.ConnectException: Connection timed out: connect. Failed messages: javax.mail.MessagingException: Could not connect to SMTP host: 172.31.25.32, port: 25;
  nested exception is:
	java.net.ConnectException: Connection timed out: connect
17/12/05 16:45:06 INFO MailServiceImpl: END: sent email from: workermarket@dev-smtp.hblab.vn. To: ownerpost@gmail.com
17/12/05 16:45:06 INFO MailServiceImpl: END: sent email from: workermarket@dev-smtp.hblab.vn. To: ownerpost@gmail.com
17/12/05 16:45:06 INFO MailServiceImpl: END: send email for talk purc. 
17/12/05 16:45:06 INFO MailServiceImpl: END: send email for talk purc. 
Hibernate: select SHM_USER_SEQ.nextval from dual
Hibernate: select SHM_USER_SEQ.nextval from dual
Hibernate: select SHM_USER_SEQ.nextval from dual
Hibernate: select SHM_USER_SEQ.nextval from dual
Hibernate: select SHM_USER_SEQ.nextval from dual
Hibernate: select SHM_USER_SEQ.nextval from dual
Hibernate: select SHM_USER_SEQ.nextval from dual
Hibernate: select SHM_USER_SEQ.nextval from dual
Hibernate: insert into SHM_USER (CMN_ENTRY_DATE, CMN_ENTRY_USER_NO, CMN_ENTRY_USER_TYPE, CMN_DELETE_FLAG, CMN_LAST_UPDT_DATE, CMN_LAST_UPDT_USER_NO, CMN_LAST_UPDT_USER_TYPE, USER_BSID, USER_EMAIL, USER_STATUS, USER_UPDATE_AT, USER_ID) values (?, ?, ?, ?, ?, ?, ?, ?, ?, ?, ?, ?)
Hibernate: insert into SHM_USER (CMN_ENTRY_DATE, CMN_ENTRY_USER_NO, CMN_ENTRY_USER_TYPE, CMN_DELETE_FLAG, CMN_LAST_UPDT_DATE, CMN_LAST_UPDT_USER_NO, CMN_LAST_UPDT_USER_TYPE, USER_BSID, USER_EMAIL, USER_STATUS, USER_UPDATE_AT, USER_ID) values (?, ?, ?, ?, ?, ?, ?, ?, ?, ?, ?, ?)
Hibernate: insert into SHM_USER (CMN_ENTRY_DATE, CMN_ENTRY_USER_NO, CMN_ENTRY_USER_TYPE, CMN_DELETE_FLAG, CMN_LAST_UPDT_DATE, CMN_LAST_UPDT_USER_NO, CMN_LAST_UPDT_USER_TYPE, USER_BSID, USER_EMAIL, USER_STATUS, USER_UPDATE_AT, USER_ID) values (?, ?, ?, ?, ?, ?, ?, ?, ?, ?, ?, ?)
Hibernate: insert into SHM_USER (CMN_ENTRY_DATE, CMN_ENTRY_USER_NO, CMN_ENTRY_USER_TYPE, CMN_DELETE_FLAG, CMN_LAST_UPDT_DATE, CMN_LAST_UPDT_USER_NO, CMN_LAST_UPDT_USER_TYPE, USER_BSID, USER_EMAIL, USER_STATUS, USER_UPDATE_AT, USER_ID) values (?, ?, ?, ?, ?, ?, ?, ?, ?, ?, ?, ?)
Hibernate: insert into SHM_USER (CMN_ENTRY_DATE, CMN_ENTRY_USER_NO, CMN_ENTRY_USER_TYPE, CMN_DELETE_FLAG, CMN_LAST_UPDT_DATE, CMN_LAST_UPDT_USER_NO, CMN_LAST_UPDT_USER_TYPE, USER_BSID, USER_EMAIL, USER_STATUS, USER_UPDATE_AT, USER_ID) values (?, ?, ?, ?, ?, ?, ?, ?, ?, ?, ?, ?)
Hibernate: insert into SHM_USER (CMN_ENTRY_DATE, CMN_ENTRY_USER_NO, CMN_ENTRY_USER_TYPE, CMN_DELETE_FLAG, CMN_LAST_UPDT_DATE, CMN_LAST_UPDT_USER_NO, CMN_LAST_UPDT_USER_TYPE, USER_BSID, USER_EMAIL, USER_STATUS, USER_UPDATE_AT, USER_ID) values (?, ?, ?, ?, ?, ?, ?, ?, ?, ?, ?, ?)
Hibernate: insert into SHM_USER (CMN_ENTRY_DATE, CMN_ENTRY_USER_NO, CMN_ENTRY_USER_TYPE, CMN_DELETE_FLAG, CMN_LAST_UPDT_DATE, CMN_LAST_UPDT_USER_NO, CMN_LAST_UPDT_USER_TYPE, USER_BSID, USER_EMAIL, USER_STATUS, USER_UPDATE_AT, USER_ID) values (?, ?, ?, ?, ?, ?, ?, ?, ?, ?, ?, ?)
Hibernate: insert into SHM_USER (CMN_ENTRY_DATE, CMN_ENTRY_USER_NO, CMN_ENTRY_USER_TYPE, CMN_DELETE_FLAG, CMN_LAST_UPDT_DATE, CMN_LAST_UPDT_USER_NO, CMN_LAST_UPDT_USER_TYPE, USER_BSID, USER_EMAIL, USER_STATUS, USER_UPDATE_AT, USER_ID) values (?, ?, ?, ?, ?, ?, ?, ?, ?, ?, ?, ?)
Hibernate: insert into SHM_USER (CMN_ENTRY_DATE, CMN_ENTRY_USER_NO, CMN_ENTRY_USER_TYPE, CMN_DELETE_FLAG, CMN_LAST_UPDT_DATE, CMN_LAST_UPDT_USER_NO, CMN_LAST_UPDT_USER_TYPE, USER_BSID, USER_EMAIL, USER_STATUS, USER_UPDATE_AT, USER_ID) values (?, ?, ?, ?, ?, ?, ?, ?, ?, ?, ?, ?)
Hibernate: insert into SHM_USER (CMN_ENTRY_DATE, CMN_ENTRY_USER_NO, CMN_ENTRY_USER_TYPE, CMN_DELETE_FLAG, CMN_LAST_UPDT_DATE, CMN_LAST_UPDT_USER_NO, CMN_LAST_UPDT_USER_TYPE, USER_BSID, USER_EMAIL, USER_STATUS, USER_UPDATE_AT, USER_ID) values (?, ?, ?, ?, ?, ?, ?, ?, ?, ?, ?, ?)
Hibernate: update SHM_USER set CMN_LAST_UPDT_DATE=?, CMN_LAST_UPDT_USER_NO=? where USER_ID=?
Hibernate: update SHM_USER set CMN_LAST_UPDT_DATE=?, CMN_LAST_UPDT_USER_NO=? where USER_ID=?
Hibernate: update SHM_USER set CMN_LAST_UPDT_DATE=?, CMN_LAST_UPDT_USER_NO=? where USER_ID=?
Hibernate: update SHM_USER set CMN_LAST_UPDT_DATE=?, CMN_LAST_UPDT_USER_NO=? where USER_ID=?
Hibernate: update SHM_USER set CMN_LAST_UPDT_DATE=?, CMN_LAST_UPDT_USER_NO=? where USER_ID=?
Hibernate: update SHM_USER set CMN_LAST_UPDT_DATE=?, CMN_LAST_UPDT_USER_NO=? where USER_ID=?
Hibernate: update SHM_USER set CMN_LAST_UPDT_DATE=?, CMN_LAST_UPDT_USER_NO=? where USER_ID=?
Hibernate: update SHM_USER set CMN_LAST_UPDT_DATE=?, CMN_LAST_UPDT_USER_NO=? where USER_ID=?
Hibernate: update SHM_USER set CMN_LAST_UPDT_DATE=?, CMN_LAST_UPDT_USER_NO=? where USER_ID=?
Hibernate: update SHM_USER set CMN_LAST_UPDT_DATE=?, CMN_LAST_UPDT_USER_NO=? where USER_ID=?
Hibernate: select shmuser0_.USER_ID as USER_ID1_5_, shmuser0_.CMN_ENTRY_DATE as CMN_ENTRY_DATE2_5_, shmuser0_.CMN_ENTRY_USER_NO as CMN_ENTRY_USER_NO3_5_, shmuser0_.CMN_ENTRY_USER_TYPE as CMN_ENTRY_USER_TYP4_5_, shmuser0_.CMN_DELETE_FLAG as CMN_DELETE_FLAG5_5_, shmuser0_.CMN_LAST_UPDT_DATE as CMN_LAST_UPDT_DATE6_5_, shmuser0_.CMN_LAST_UPDT_USER_NO as CMN_LAST_UPDT_USER7_5_, shmuser0_.CMN_LAST_UPDT_USER_TYPE as CMN_LAST_UPDT_USER8_5_, shmuser0_.USER_ADDRESS_ID as USER_ADDRESS_ID28_5_, shmuser0_.USER_AVTR as USER_AVTR29_5_, shmuser0_.USER_BSID as USER_BSID9_5_, shmuser0_.USER_CAREER as USER_CAREER10_5_, shmuser0_.USER_CTRL_STATUS as USER_CTRL_STATUS11_5_, shmuser0_.USER_DATE_OF_BIRTH as USER_DATE_OF_BIRT12_5_, shmuser0_.USER_DESCR as USER_DESCR13_5_, shmuser0_.USER_EMAIL as USER_EMAIL14_5_, shmuser0_.USER_FIRST_NAME as USER_FIRST_NAME15_5_, shmuser0_.USER_GENDER as USER_GENDER16_5_, shmuser0_.USER_IS_IN_PATROL as USER_IS_IN_PATROL17_5_, shmuser0_.USER_JOB as USER_JOB18_5_, shmuser0_.USER_LAST_NAME as USER_LAST_NAME19_5_, shmuser0_.LEFT_DATE as LEFT_DATE20_5_, shmuser0_.USER_NICK_NAME as USER_NICK_NAME21_5_, shmuser0_.USER_PWD as USER_PWD22_5_, shmuser0_.USER_PHONE as USER_PHONE23_5_, shmuser0_.USER_PTRL_STATUS as USER_PTRL_STATUS24_5_, shmuser0_.USER_STATUS as USER_STATUS25_5_, shmuser0_.USER_TIME_PATROL as USER_TIME_PATROL26_5_, shmuser0_.USER_UPDATE_AT as USER_UPDATE_AT27_5_ from SHM_USER shmuser0_ where ( shmuser0_.CMN_DELETE_FLAG=0) and shmuser0_.USER_EMAIL=?
Hibernate: update SHM_USER set CMN_LAST_UPDT_DATE=?, CMN_LAST_UPDT_USER_NO=? where USER_ID=?
Hibernate: update SHM_USER set CMN_LAST_UPDT_DATE=?, CMN_LAST_UPDT_USER_NO=? where USER_ID=?
Hibernate: update SHM_USER set CMN_LAST_UPDT_DATE=?, CMN_LAST_UPDT_USER_NO=? where USER_ID=?
Hibernate: update SHM_USER set CMN_LAST_UPDT_DATE=?, CMN_LAST_UPDT_USER_NO=? where USER_ID=?
Hibernate: update SHM_USER set CMN_LAST_UPDT_DATE=?, CMN_LAST_UPDT_USER_NO=? where USER_ID=?
Hibernate: update SHM_USER set CMN_LAST_UPDT_DATE=?, CMN_LAST_UPDT_USER_NO=? where USER_ID=?
Hibernate: update SHM_USER set CMN_LAST_UPDT_DATE=?, CMN_LAST_UPDT_USER_NO=? where USER_ID=?
Hibernate: update SHM_USER set CMN_LAST_UPDT_DATE=?, CMN_LAST_UPDT_USER_NO=? where USER_ID=?
Hibernate: update SHM_USER set CMN_LAST_UPDT_DATE=?, CMN_LAST_UPDT_USER_NO=? where USER_ID=?
Hibernate: update SHM_USER set CMN_LAST_UPDT_DATE=?, CMN_LAST_UPDT_USER_NO=? where USER_ID=?
Hibernate: select shmuser0_.USER_ID as USER_ID1_5_, shmuser0_.CMN_ENTRY_DATE as CMN_ENTRY_DATE2_5_, shmuser0_.CMN_ENTRY_USER_NO as CMN_ENTRY_USER_NO3_5_, shmuser0_.CMN_ENTRY_USER_TYPE as CMN_ENTRY_USER_TYP4_5_, shmuser0_.CMN_DELETE_FLAG as CMN_DELETE_FLAG5_5_, shmuser0_.CMN_LAST_UPDT_DATE as CMN_LAST_UPDT_DATE6_5_, shmuser0_.CMN_LAST_UPDT_USER_NO as CMN_LAST_UPDT_USER7_5_, shmuser0_.CMN_LAST_UPDT_USER_TYPE as CMN_LAST_UPDT_USER8_5_, shmuser0_.USER_ADDRESS_ID as USER_ADDRESS_ID28_5_, shmuser0_.USER_AVTR as USER_AVTR29_5_, shmuser0_.USER_BSID as USER_BSID9_5_, shmuser0_.USER_CAREER as USER_CAREER10_5_, shmuser0_.USER_CTRL_STATUS as USER_CTRL_STATUS11_5_, shmuser0_.USER_DATE_OF_BIRTH as USER_DATE_OF_BIRT12_5_, shmuser0_.USER_DESCR as USER_DESCR13_5_, shmuser0_.USER_EMAIL as USER_EMAIL14_5_, shmuser0_.USER_FIRST_NAME as USER_FIRST_NAME15_5_, shmuser0_.USER_GENDER as USER_GENDER16_5_, shmuser0_.USER_IS_IN_PATROL as USER_IS_IN_PATROL17_5_, shmuser0_.USER_JOB as USER_JOB18_5_, shmuser0_.USER_LAST_NAME as USER_LAST_NAME19_5_, shmuser0_.LEFT_DATE as LEFT_DATE20_5_, shmuser0_.USER_NICK_NAME as USER_NICK_NAME21_5_, shmuser0_.USER_PWD as USER_PWD22_5_, shmuser0_.USER_PHONE as USER_PHONE23_5_, shmuser0_.USER_PTRL_STATUS as USER_PTRL_STATUS24_5_, shmuser0_.USER_STATUS as USER_STATUS25_5_, shmuser0_.USER_TIME_PATROL as USER_TIME_PATROL26_5_, shmuser0_.USER_UPDATE_AT as USER_UPDATE_AT27_5_ from SHM_USER shmuser0_ where ( shmuser0_.CMN_DELETE_FLAG=0) and shmuser0_.USER_BSID=?
Hibernate: select SHM_USER_SEQ.nextval from dual
Hibernate: select shtusertok0_.TOKEN_ID as TOKEN_ID1_30_0_, shtusertok0_.CMN_ENTRY_DATE as CMN_ENTRY_DATE2_30_0_, shtusertok0_.CMN_ENTRY_USER_NO as CMN_ENTRY_USER_NO3_30_0_, shtusertok0_.CMN_ENTRY_USER_TYPE as CMN_ENTRY_USER_TYP4_30_0_, shtusertok0_.CMN_DELETE_FLAG as CMN_DELETE_FLAG5_30_0_, shtusertok0_.CMN_LAST_UPDT_DATE as CMN_LAST_UPDT_DATE6_30_0_, shtusertok0_.CMN_LAST_UPDT_USER_NO as CMN_LAST_UPDT_USER7_30_0_, shtusertok0_.CMN_LAST_UPDT_USER_TYPE as CMN_LAST_UPDT_USER8_30_0_, shtusertok0_.TOKEN_EXPIRE_IN as TOKEN_EXPIRE_IN9_30_0_, shtusertok0_.TOKEN_TYPE as TOKEN_TYPE10_30_0_, shtusertok0_.USER_ID as USER_ID11_30_0_, CASE WHEN (CURRENT_DATE - shtusertok0_.CMN_ENTRY_DATE) * 86400 &lt; shtusertok0_.TOKEN_EXPIRE_IN OR shtusertok0_.TOKEN_EXPIRE_IN &lt; 0 THEN 0 ELSE 1 END as formula3_0_ from SHT_USER_TOKEN shtusertok0_ where shtusertok0_.TOKEN_ID=? and ( shtusertok0_.CMN_DELETE_FLAG=0) 
17/12/05 16:45:09 INFO service: Email activation token: 3c449ba2784a6891d1551eb268a59d79856924567759f4e22ca7abba5a817
17/12/05 16:45:09 INFO service: Email activation token: 3c449ba2784a6891d1551eb268a59d79856924567759f4e22ca7abba5a817
17/12/05 16:45:09 INFO MailServiceImpl: BEGIN: sending email from: workermarket@dev-smtp.hblab.vn. To: st.john@example.com
17/12/05 16:45:09 INFO MailServiceImpl: BEGIN: sending email from: workermarket@dev-smtp.hblab.vn. To: st.john@example.com
17/12/05 16:45:09 INFO MailServiceImpl: END: sent email from: workermarket@dev-smtp.hblab.vn. To: st.john@example.com
17/12/05 16:45:09 INFO MailServiceImpl: END: sent email from: workermarket@dev-smtp.hblab.vn. To: st.john@example.com
Hibernate: insert into SHM_USER (CMN_ENTRY_DATE, CMN_ENTRY_USER_NO, CMN_ENTRY_USER_TYPE, CMN_DELETE_FLAG, CMN_LAST_UPDT_DATE, CMN_LAST_UPDT_USER_NO, CMN_LAST_UPDT_USER_TYPE, USER_BSID, USER_EMAIL, USER_STATUS, USER_UPDATE_AT, USER_ID) values (?, ?, ?, ?, ?, ?, ?, ?, ?, ?, ?, ?)
Hibernate: insert into SHT_USER_TOKEN (CMN_ENTRY_DATE, CMN_ENTRY_USER_NO, CMN_ENTRY_USER_TYPE, CMN_DELETE_FLAG, CMN_LAST_UPDT_DATE, CMN_LAST_UPDT_USER_NO, CMN_LAST_UPDT_USER_TYPE, TOKEN_EXPIRE_IN, TOKEN_TYPE, USER_ID, TOKEN_ID) values (?, ?, ?, ?, ?, ?, ?, ?, ?, ?, ?)
Hibernate: update SHM_USER set CMN_LAST_UPDT_DATE=?, CMN_LAST_UPDT_USER_NO=? where USER_ID=?
Hibernate: update SHM_USER set CMN_LAST_UPDT_DATE=?, CMN_LAST_UPDT_USER_NO=? where USER_ID=?
Hibernate: update SHM_USER set CMN_LAST_UPDT_DATE=?, CMN_LAST_UPDT_USER_NO=? where USER_ID=?
Hibernate: update SHM_USER set CMN_LAST_UPDT_DATE=?, CMN_LAST_UPDT_USER_NO=? where USER_ID=?
Hibernate: update SHM_USER set CMN_LAST_UPDT_DATE=?, CMN_LAST_UPDT_USER_NO=? where USER_ID=?
Hibernate: update SHM_USER set CMN_LAST_UPDT_DATE=?, CMN_LAST_UPDT_USER_NO=? where USER_ID=?
Hibernate: update SHM_USER set CMN_LAST_UPDT_DATE=?, CMN_LAST_UPDT_USER_NO=? where USER_ID=?
Hibernate: update SHM_USER set CMN_LAST_UPDT_DATE=?, CMN_LAST_UPDT_USER_NO=? where USER_ID=?
Hibernate: update SHM_USER set CMN_LAST_UPDT_DATE=?, CMN_LAST_UPDT_USER_NO=? where USER_ID=?
Hibernate: update SHM_USER set CMN_LAST_UPDT_DATE=?, CMN_LAST_UPDT_USER_NO=? where USER_ID=?
Hibernate: update SHM_USER set CMN_LAST_UPDT_DATE=?, CMN_LAST_UPDT_USER_NO=? where USER_ID=?
Hibernate: update SHT_USER_TOKEN set CMN_LAST_UPDT_DATE=?, CMN_LAST_UPDT_USER_NO=? where TOKEN_ID=?
Hibernate: select shtusertok0_.TOKEN_ID as TOKEN_ID1_30_, shtusertok0_.CMN_ENTRY_DATE as CMN_ENTRY_DATE2_30_, shtusertok0_.CMN_ENTRY_USER_NO as CMN_ENTRY_USER_NO3_30_, shtusertok0_.CMN_ENTRY_USER_TYPE as CMN_ENTRY_USER_TYP4_30_, shtusertok0_.CMN_DELETE_FLAG as CMN_DELETE_FLAG5_30_, shtusertok0_.CMN_LAST_UPDT_DATE as CMN_LAST_UPDT_DATE6_30_, shtusertok0_.CMN_LAST_UPDT_USER_NO as CMN_LAST_UPDT_USER7_30_, shtusertok0_.CMN_LAST_UPDT_USER_TYPE as CMN_LAST_UPDT_USER8_30_, shtusertok0_.TOKEN_EXPIRE_IN as TOKEN_EXPIRE_IN9_30_, shtusertok0_.TOKEN_TYPE as TOKEN_TYPE10_30_, shtusertok0_.USER_ID as USER_ID11_30_, CASE WHEN (CURRENT_DATE - shtusertok0_.CMN_ENTRY_DATE) * 86400 &lt; shtusertok0_.TOKEN_EXPIRE_IN OR shtusertok0_.TOKEN_EXPIRE_IN &lt; 0 THEN 0 ELSE 1 END as formula3_ from SHT_USER_TOKEN shtusertok0_ left outer join SHM_USER shmuser1_ on shtusertok0_.USER_ID=shmuser1_.USER_ID where ( shtusertok0_.CMN_DELETE_FLAG=0) and shmuser1_.USER_ID=? and shtusertok0_.TOKEN_TYPE=?
Hibernate: select shtusertok0_.TOKEN_ID as TOKEN_ID1_30_0_, shtusertok0_.CMN_ENTRY_DATE as CMN_ENTRY_DATE2_30_0_, shtusertok0_.CMN_ENTRY_USER_NO as CMN_ENTRY_USER_NO3_30_0_, shtusertok0_.CMN_ENTRY_USER_TYPE as CMN_ENTRY_USER_TYP4_30_0_, shtusertok0_.CMN_DELETE_FLAG as CMN_DELETE_FLAG5_30_0_, shtusertok0_.CMN_LAST_UPDT_DATE as CMN_LAST_UPDT_DATE6_30_0_, shtusertok0_.CMN_LAST_UPDT_USER_NO as CMN_LAST_UPDT_USER7_30_0_, shtusertok0_.CMN_LAST_UPDT_USER_TYPE as CMN_LAST_UPDT_USER8_30_0_, shtusertok0_.TOKEN_EXPIRE_IN as TOKEN_EXPIRE_IN9_30_0_, shtusertok0_.TOKEN_TYPE as TOKEN_TYPE10_30_0_, shtusertok0_.USER_ID as USER_ID11_30_0_, CASE WHEN (CURRENT_DATE - shtusertok0_.CMN_ENTRY_DATE) * 86400 &lt; shtusertok0_.TOKEN_EXPIRE_IN OR shtusertok0_.TOKEN_EXPIRE_IN &lt; 0 THEN 0 ELSE 1 END as formula3_0_ from SHT_USER_TOKEN shtusertok0_ where shtusertok0_.TOKEN_ID=? and ( shtusertok0_.CMN_DELETE_FLAG=0) 
17/12/05 16:45:11 INFO TransactionContext: Rolled back transaction for test context [DefaultTestContext@3398ed12 testClass = UserServiceImplTest, testInstance = jp.bo.bocc.service.impl.UserServiceImplTest@6aed4a23, testMethod = testNewRegistrationFailBSIDLimit@UserServiceImplTest, testException = java.lang.AssertionError: Expected exception: jp.bo.bocc.system.exception.ForbiddenException, mergedContextConfiguration = [MergedContextConfiguration@80b6098 testClass = UserServiceImplTest, locations = &apos;{}&apos;, classes = &apos;{class jp.bo.bocc.system.config.TestConfig}&apos;, contextInitializerClasses = &apos;[]&apos;, activeProfiles = &apos;{app, test}&apos;, propertySourceLocations = &apos;{}&apos;, propertySourceProperties = &apos;{}&apos;, contextCustomizers = set[[empty]], contextLoader = &apos;org.springframework.test.context.support.DelegatingSmartContextLoader&apos;, parent = [null]]].
</system-out>
  </testcase>
  <testcase classname="jp.bo.bocc.service.impl.UserServiceImplTest" name="testSendEmail" time="0.09"/>
  <testcase classname="jp.bo.bocc.service.impl.UserServiceImplTest" name="testNewRegistrationSuccess" time="5.8"/>
  <testcase classname="jp.bo.bocc.service.impl.UserServiceImplTest" name="likePost" time="0.206">
    <error message="ユーザーがみつかりません。" type="jp.bo.bocc.system.exception.ResourceNotFoundException">jp.bo.bocc.system.exception.ResourceNotFoundException: ユーザーがみつかりません。
	at jp.bo.bocc.service.impl.UserServiceImpl.getUserById(UserServiceImpl.java:189)
	at jp.bo.bocc.service.impl.UserServiceImpl.likePost(UserServiceImpl.java:1345)
	at jp.bo.bocc.service.impl.UserServiceImpl$$FastClassBySpringCGLIB$$3f98627d.invoke(&lt;generated&gt;)
	at org.springframework.cglib.proxy.MethodProxy.invoke(MethodProxy.java:204)
	at org.springframework.aop.framework.CglibAopProxy$CglibMethodInvocation.invokeJoinpoint(CglibAopProxy.java:721)
	at org.springframework.aop.framework.ReflectiveMethodInvocation.proceed(ReflectiveMethodInvocation.java:157)
	at org.springframework.transaction.interceptor.TransactionInterceptor$1.proceedWithInvocation(TransactionInterceptor.java:99)
	at org.springframework.transaction.interceptor.TransactionAspectSupport.invokeWithinTransaction(TransactionAspectSupport.java:282)
	at org.springframework.transaction.interceptor.TransactionInterceptor.invoke(TransactionInterceptor.java:96)
	at org.springframework.aop.framework.ReflectiveMethodInvocation.proceed(ReflectiveMethodInvocation.java:179)
	at org.springframework.aop.framework.CglibAopProxy$DynamicAdvisedInterceptor.intercept(CglibAopProxy.java:656)
	at jp.bo.bocc.service.impl.UserServiceImpl$$EnhancerBySpringCGLIB$$4e33adae.likePost(&lt;generated&gt;)
	at jp.bo.bocc.service.impl.UserServiceImplTest.likePost(UserServiceImplTest.java:187)
	at sun.reflect.NativeMethodAccessorImpl.invoke0(Native Method)
	at sun.reflect.NativeMethodAccessorImpl.invoke(NativeMethodAccessorImpl.java:62)
	at sun.reflect.DelegatingMethodAccessorImpl.invoke(DelegatingMethodAccessorImpl.java:43)
	at java.lang.reflect.Method.invoke(Method.java:498)
	at org.junit.runners.model.FrameworkMethod$1.runReflectiveCall(FrameworkMethod.java:50)
	at org.junit.internal.runners.model.ReflectiveCallable.run(ReflectiveCallable.java:12)
	at org.junit.runners.model.FrameworkMethod.invokeExplosively(FrameworkMethod.java:47)
	at org.junit.internal.runners.statements.InvokeMethod.evaluate(InvokeMethod.java:17)
	at org.springframework.test.context.junit4.statements.RunBeforeTestMethodCallbacks.evaluate(RunBeforeTestMethodCallbacks.java:75)
	at org.springframework.test.context.junit4.statements.RunAfterTestMethodCallbacks.evaluate(RunAfterTestMethodCallbacks.java:86)
	at org.springframework.test.context.junit4.statements.SpringRepeat.evaluate(SpringRepeat.java:84)
	at org.junit.runners.ParentRunner.runLeaf(ParentRunner.java:325)
	at org.springframework.test.context.junit4.SpringJUnit4ClassRunner.runChild(SpringJUnit4ClassRunner.java:252)
	at org.springframework.test.context.junit4.SpringJUnit4ClassRunner.runChild(SpringJUnit4ClassRunner.java:94)
	at org.junit.runners.ParentRunner$3.run(ParentRunner.java:290)
	at org.junit.runners.ParentRunner$1.schedule(ParentRunner.java:71)
	at org.junit.runners.ParentRunner.runChildren(ParentRunner.java:288)
	at org.junit.runners.ParentRunner.access$000(ParentRunner.java:58)
	at org.junit.runners.ParentRunner$2.evaluate(ParentRunner.java:268)
	at org.springframework.test.context.junit4.statements.RunBeforeTestClassCallbacks.evaluate(RunBeforeTestClassCallbacks.java:61)
	at org.springframework.test.context.junit4.statements.RunAfterTestClassCallbacks.evaluate(RunAfterTestClassCallbacks.java:70)
	at org.junit.runners.ParentRunner.run(ParentRunner.java:363)
	at org.springframework.test.context.junit4.SpringJUnit4ClassRunner.run(SpringJUnit4ClassRunner.java:191)
	at org.apache.maven.surefire.junit4.JUnit4Provider.execute(JUnit4Provider.java:252)
	at org.apache.maven.surefire.junit4.JUnit4Provider.executeTestSet(JUnit4Provider.java:141)
	at org.apache.maven.surefire.junit4.JUnit4Provider.invoke(JUnit4Provider.java:112)
	at sun.reflect.NativeMethodAccessorImpl.invoke0(Native Method)
	at sun.reflect.NativeMethodAccessorImpl.invoke(NativeMethodAccessorImpl.java:62)
	at sun.reflect.DelegatingMethodAccessorImpl.invoke(DelegatingMethodAccessorImpl.java:43)
	at java.lang.reflect.Method.invoke(Method.java:498)
	at org.apache.maven.surefire.util.ReflectionUtils.invokeMethodWithArray(ReflectionUtils.java:189)
	at org.apache.maven.surefire.booter.ProviderFactory$ProviderProxy.invoke(ProviderFactory.java:165)
	at org.apache.maven.surefire.booter.ProviderFactory.invokeProvider(ProviderFactory.java:85)
	at org.apache.maven.surefire.booter.ForkedBooter.runSuitesInProcess(ForkedBooter.java:115)
	at org.apache.maven.surefire.booter.ForkedBooter.main(ForkedBooter.java:75)
</error>
    <system-out>17/12/05 16:45:17 INFO TransactionContext: Began transaction (1) for test context [DefaultTestContext@3398ed12 testClass = UserServiceImplTest, testInstance = jp.bo.bocc.service.impl.UserServiceImplTest@3013e1e8, testMethod = likePost@UserServiceImplTest, testException = [null], mergedContextConfiguration = [MergedContextConfiguration@80b6098 testClass = UserServiceImplTest, locations = &apos;{}&apos;, classes = &apos;{class jp.bo.bocc.system.config.TestConfig}&apos;, contextInitializerClasses = &apos;[]&apos;, activeProfiles = &apos;{app, test}&apos;, propertySourceLocations = &apos;{}&apos;, propertySourceProperties = &apos;{}&apos;, contextCustomizers = set[[empty]], contextLoader = &apos;org.springframework.test.context.support.DelegatingSmartContextLoader&apos;, parent = [null]]]; transaction manager [org.springframework.orm.jpa.JpaTransactionManager@285ac40b]; rollback [true]
Hibernate: select shmuser0_.USER_ID as USER_ID1_5_0_, shmuser0_.CMN_ENTRY_DATE as CMN_ENTRY_DATE2_5_0_, shmuser0_.CMN_ENTRY_USER_NO as CMN_ENTRY_USER_NO3_5_0_, shmuser0_.CMN_ENTRY_USER_TYPE as CMN_ENTRY_USER_TYP4_5_0_, shmuser0_.CMN_DELETE_FLAG as CMN_DELETE_FLAG5_5_0_, shmuser0_.CMN_LAST_UPDT_DATE as CMN_LAST_UPDT_DATE6_5_0_, shmuser0_.CMN_LAST_UPDT_USER_NO as CMN_LAST_UPDT_USER7_5_0_, shmuser0_.CMN_LAST_UPDT_USER_TYPE as CMN_LAST_UPDT_USER8_5_0_, shmuser0_.USER_ADDRESS_ID as USER_ADDRESS_ID28_5_0_, shmuser0_.USER_AVTR as USER_AVTR29_5_0_, shmuser0_.USER_BSID as USER_BSID9_5_0_, shmuser0_.USER_CAREER as USER_CAREER10_5_0_, shmuser0_.USER_CTRL_STATUS as USER_CTRL_STATUS11_5_0_, shmuser0_.USER_DATE_OF_BIRTH as USER_DATE_OF_BIRT12_5_0_, shmuser0_.USER_DESCR as USER_DESCR13_5_0_, shmuser0_.USER_EMAIL as USER_EMAIL14_5_0_, shmuser0_.USER_FIRST_NAME as USER_FIRST_NAME15_5_0_, shmuser0_.USER_GENDER as USER_GENDER16_5_0_, shmuser0_.USER_IS_IN_PATROL as USER_IS_IN_PATROL17_5_0_, shmuser0_.USER_JOB as USER_JOB18_5_0_, shmuser0_.USER_LAST_NAME as USER_LAST_NAME19_5_0_, shmuser0_.LEFT_DATE as LEFT_DATE20_5_0_, shmuser0_.USER_NICK_NAME as USER_NICK_NAME21_5_0_, shmuser0_.USER_PWD as USER_PWD22_5_0_, shmuser0_.USER_PHONE as USER_PHONE23_5_0_, shmuser0_.USER_PTRL_STATUS as USER_PTRL_STATUS24_5_0_, shmuser0_.USER_STATUS as USER_STATUS25_5_0_, shmuser0_.USER_TIME_PATROL as USER_TIME_PATROL26_5_0_, shmuser0_.USER_UPDATE_AT as USER_UPDATE_AT27_5_0_, shmaddr1_.ADDR_ID as ADDR_ID1_0_1_, shmaddr1_.CMN_ENTRY_DATE as CMN_ENTRY_DATE2_0_1_, shmaddr1_.CMN_ENTRY_USER_NO as CMN_ENTRY_USER_NO3_0_1_, shmaddr1_.CMN_ENTRY_USER_TYPE as CMN_ENTRY_USER_TYP4_0_1_, shmaddr1_.CMN_DELETE_FLAG as CMN_DELETE_FLAG5_0_1_, shmaddr1_.CMN_LAST_UPDT_DATE as CMN_LAST_UPDT_DATE6_0_1_, shmaddr1_.CMN_LAST_UPDT_USER_NO as CMN_LAST_UPDT_USER7_0_1_, shmaddr1_.CMN_LAST_UPDT_USER_TYPE as CMN_LAST_UPDT_USER8_0_1_, shmaddr1_.ADDR_PARENT_ID as ADDR_PARENT_ID9_0_1_, shmaddr1_.ADDR_AREA_CODE as ADDR_AREA_CODE10_0_1_, shmaddr1_.ADDR_AREA_NAME as ADDR_AREA_NAME11_0_1_, shrfile2_.FILE_ID as FILE_ID1_6_2_, shrfile2_.CMN_ENTRY_DATE as CMN_ENTRY_DATE2_6_2_, shrfile2_.CMN_ENTRY_USER_NO as CMN_ENTRY_USER_NO3_6_2_, shrfile2_.CMN_ENTRY_USER_TYPE as CMN_ENTRY_USER_TYP4_6_2_, shrfile2_.CMN_DELETE_FLAG as CMN_DELETE_FLAG5_6_2_, shrfile2_.CMN_LAST_UPDT_DATE as CMN_LAST_UPDT_DATE6_6_2_, shrfile2_.CMN_LAST_UPDT_USER_NO as CMN_LAST_UPDT_USER7_6_2_, shrfile2_.CMN_LAST_UPDT_USER_TYPE as CMN_LAST_UPDT_USER8_6_2_, shrfile2_.FILE_DIR as FILE_DIR9_6_2_, shrfile2_.FILE_EXT as FILE_EXT10_6_2_, shrfile2_.FILE_HEIGHT as FILE_HEIGHT11_6_2_, shrfile2_.FILE_NAME as FILE_NAME12_6_2_, shrfile2_.FILE_ORG_NAME as FILE_ORG_NAME13_6_2_, shrfile2_.FILE_PROVIDER as FILE_PROVIDER14_6_2_, shrfile2_.FILE_SIZE as FILE_SIZE15_6_2_, shrfile2_.FILE_WIDTH as FILE_WIDTH16_6_2_ from SHM_USER shmuser0_ left outer join SHM_ADDR shmaddr1_ on shmuser0_.USER_ADDRESS_ID=shmaddr1_.ADDR_ID left outer join SHR_FILE shrfile2_ on shmuser0_.USER_AVTR=shrfile2_.FILE_ID where shmuser0_.USER_ID=? and ( shmuser0_.CMN_DELETE_FLAG=0)
17/12/05 16:45:17 INFO TransactionContext: Rolled back transaction for test context [DefaultTestContext@3398ed12 testClass = UserServiceImplTest, testInstance = jp.bo.bocc.service.impl.UserServiceImplTest@3013e1e8, testMethod = likePost@UserServiceImplTest, testException = jp.bo.bocc.system.exception.ResourceNotFoundException: ?????????????, mergedContextConfiguration = [MergedContextConfiguration@80b6098 testClass = UserServiceImplTest, locations = &apos;{}&apos;, classes = &apos;{class jp.bo.bocc.system.config.TestConfig}&apos;, contextInitializerClasses = &apos;[]&apos;, activeProfiles = &apos;{app, test}&apos;, propertySourceLocations = &apos;{}&apos;, propertySourceProperties = &apos;{}&apos;, contextCustomizers = set[[empty]], contextLoader = &apos;org.springframework.test.context.support.DelegatingSmartContextLoader&apos;, parent = [null]]].
</system-out>
  </testcase>
  <testcase classname="jp.bo.bocc.service.impl.UserServiceImplTest" name="testNewRegistration" time="1.031"/>
  <testcase classname="jp.bo.bocc.service.impl.UserServiceImplTest" name="testBlockuser" time="0.314">
    <error message="No entity found for query; nested exception is javax.persistence.NoResultException: No entity found for query" type="org.springframework.dao.EmptyResultDataAccessException">org.springframework.dao.EmptyResultDataAccessException: No entity found for query; nested exception is javax.persistence.NoResultException: No entity found for query
	at org.springframework.orm.jpa.EntityManagerFactoryUtils.convertJpaAccessExceptionIfPossible(EntityManagerFactoryUtils.java:392)
	at org.springframework.orm.jpa.vendor.HibernateJpaDialect.translateExceptionIfPossible(HibernateJpaDialect.java:246)
	at org.springframework.orm.jpa.AbstractEntityManagerFactoryBean.translateExceptionIfPossible(AbstractEntityManagerFactoryBean.java:491)
	at org.springframework.dao.support.ChainedPersistenceExceptionTranslator.translateExceptionIfPossible(ChainedPersistenceExceptionTranslator.java:59)
	at org.springframework.dao.support.DataAccessUtils.translateIfNecessary(DataAccessUtils.java:213)
	at org.springframework.dao.support.PersistenceExceptionTranslationInterceptor.invoke(PersistenceExceptionTranslationInterceptor.java:147)
	at org.springframework.aop.framework.ReflectiveMethodInvocation.proceed(ReflectiveMethodInvocation.java:179)
	at org.springframework.data.jpa.repository.support.CrudMethodMetadataPostProcessor$CrudMethodMetadataPopulatingMethodInterceptor.invoke(CrudMethodMetadataPostProcessor.java:133)
	at org.springframework.aop.framework.ReflectiveMethodInvocation.proceed(ReflectiveMethodInvocation.java:179)
	at org.springframework.aop.interceptor.ExposeInvocationInterceptor.invoke(ExposeInvocationInterceptor.java:92)
	at org.springframework.aop.framework.ReflectiveMethodInvocation.proceed(ReflectiveMethodInvocation.java:179)
	at org.springframework.aop.framework.JdkDynamicAopProxy.invoke(JdkDynamicAopProxy.java:213)
	at com.sun.proxy.$Proxy108.getTalkPurcById(Unknown Source)
	at jp.bo.bocc.service.impl.TalkPurcServiceImpl.getTalkPurcById(TalkPurcServiceImpl.java:293)
	at jp.bo.bocc.service.impl.TalkPurcServiceImpl$$FastClassBySpringCGLIB$$441faa6.invoke(&lt;generated&gt;)
	at org.springframework.cglib.proxy.MethodProxy.invoke(MethodProxy.java:204)
	at org.springframework.aop.framework.CglibAopProxy$CglibMethodInvocation.invokeJoinpoint(CglibAopProxy.java:721)
	at org.springframework.aop.framework.ReflectiveMethodInvocation.proceed(ReflectiveMethodInvocation.java:157)
	at org.springframework.transaction.interceptor.TransactionInterceptor$1.proceedWithInvocation(TransactionInterceptor.java:99)
	at org.springframework.transaction.interceptor.TransactionAspectSupport.invokeWithinTransaction(TransactionAspectSupport.java:282)
	at org.springframework.transaction.interceptor.TransactionInterceptor.invoke(TransactionInterceptor.java:96)
	at org.springframework.aop.framework.ReflectiveMethodInvocation.proceed(ReflectiveMethodInvocation.java:179)
	at org.springframework.aop.framework.CglibAopProxy$DynamicAdvisedInterceptor.intercept(CglibAopProxy.java:656)
	at jp.bo.bocc.service.impl.TalkPurcServiceImpl$$EnhancerBySpringCGLIB$$cad857c9.getTalkPurcById(&lt;generated&gt;)
	at jp.bo.bocc.service.impl.UserServiceImpl.blockUser(UserServiceImpl.java:1426)
	at jp.bo.bocc.service.impl.UserServiceImpl$$FastClassBySpringCGLIB$$3f98627d.invoke(&lt;generated&gt;)
	at org.springframework.cglib.proxy.MethodProxy.invoke(MethodProxy.java:204)
	at org.springframework.aop.framework.CglibAopProxy$CglibMethodInvocation.invokeJoinpoint(CglibAopProxy.java:721)
	at org.springframework.aop.framework.ReflectiveMethodInvocation.proceed(ReflectiveMethodInvocation.java:157)
	at org.springframework.transaction.interceptor.TransactionInterceptor$1.proceedWithInvocation(TransactionInterceptor.java:99)
	at org.springframework.transaction.interceptor.TransactionAspectSupport.invokeWithinTransaction(TransactionAspectSupport.java:282)
	at org.springframework.transaction.interceptor.TransactionInterceptor.invoke(TransactionInterceptor.java:96)
	at org.springframework.aop.framework.ReflectiveMethodInvocation.proceed(ReflectiveMethodInvocation.java:179)
	at org.springframework.aop.framework.CglibAopProxy$DynamicAdvisedInterceptor.intercept(CglibAopProxy.java:656)
	at jp.bo.bocc.service.impl.UserServiceImpl$$EnhancerBySpringCGLIB$$4e33adae.blockUser(&lt;generated&gt;)
	at jp.bo.bocc.service.impl.UserServiceImplTest.testBlockuser(UserServiceImplTest.java:214)
	at sun.reflect.NativeMethodAccessorImpl.invoke0(Native Method)
	at sun.reflect.NativeMethodAccessorImpl.invoke(NativeMethodAccessorImpl.java:62)
	at sun.reflect.DelegatingMethodAccessorImpl.invoke(DelegatingMethodAccessorImpl.java:43)
	at java.lang.reflect.Method.invoke(Method.java:498)
	at org.junit.runners.model.FrameworkMethod$1.runReflectiveCall(FrameworkMethod.java:50)
	at org.junit.internal.runners.model.ReflectiveCallable.run(ReflectiveCallable.java:12)
	at org.junit.runners.model.FrameworkMethod.invokeExplosively(FrameworkMethod.java:47)
	at org.junit.internal.runners.statements.InvokeMethod.evaluate(InvokeMethod.java:17)
	at org.springframework.test.context.junit4.statements.RunBeforeTestMethodCallbacks.evaluate(RunBeforeTestMethodCallbacks.java:75)
	at org.springframework.test.context.junit4.statements.RunAfterTestMethodCallbacks.evaluate(RunAfterTestMethodCallbacks.java:86)
	at org.springframework.test.context.junit4.statements.SpringRepeat.evaluate(SpringRepeat.java:84)
	at org.junit.runners.ParentRunner.runLeaf(ParentRunner.java:325)
	at org.springframework.test.context.junit4.SpringJUnit4ClassRunner.runChild(SpringJUnit4ClassRunner.java:252)
	at org.springframework.test.context.junit4.SpringJUnit4ClassRunner.runChild(SpringJUnit4ClassRunner.java:94)
	at org.junit.runners.ParentRunner$3.run(ParentRunner.java:290)
	at org.junit.runners.ParentRunner$1.schedule(ParentRunner.java:71)
	at org.junit.runners.ParentRunner.runChildren(ParentRunner.java:288)
	at org.junit.runners.ParentRunner.access$000(ParentRunner.java:58)
	at org.junit.runners.ParentRunner$2.evaluate(ParentRunner.java:268)
	at org.springframework.test.context.junit4.statements.RunBeforeTestClassCallbacks.evaluate(RunBeforeTestClassCallbacks.java:61)
	at org.springframework.test.context.junit4.statements.RunAfterTestClassCallbacks.evaluate(RunAfterTestClassCallbacks.java:70)
	at org.junit.runners.ParentRunner.run(ParentRunner.java:363)
	at org.springframework.test.context.junit4.SpringJUnit4ClassRunner.run(SpringJUnit4ClassRunner.java:191)
	at org.apache.maven.surefire.junit4.JUnit4Provider.execute(JUnit4Provider.java:252)
	at org.apache.maven.surefire.junit4.JUnit4Provider.executeTestSet(JUnit4Provider.java:141)
	at org.apache.maven.surefire.junit4.JUnit4Provider.invoke(JUnit4Provider.java:112)
	at sun.reflect.NativeMethodAccessorImpl.invoke0(Native Method)
	at sun.reflect.NativeMethodAccessorImpl.invoke(NativeMethodAccessorImpl.java:62)
	at sun.reflect.DelegatingMethodAccessorImpl.invoke(DelegatingMethodAccessorImpl.java:43)
	at java.lang.reflect.Method.invoke(Method.java:498)
	at org.apache.maven.surefire.util.ReflectionUtils.invokeMethodWithArray(ReflectionUtils.java:189)
	at org.apache.maven.surefire.booter.ProviderFactory$ProviderProxy.invoke(ProviderFactory.java:165)
	at org.apache.maven.surefire.booter.ProviderFactory.invokeProvider(ProviderFactory.java:85)
	at org.apache.maven.surefire.booter.ForkedBooter.runSuitesInProcess(ForkedBooter.java:115)
	at org.apache.maven.surefire.booter.ForkedBooter.main(ForkedBooter.java:75)
Caused by: javax.persistence.NoResultException: No entity found for query
	at org.hibernate.query.internal.AbstractProducedQuery.getSingleResult(AbstractProducedQuery.java:1461)
	at jp.bo.bocc.repository.TalkPurcRepositoryImpl.getTalkPurcById(TalkPurcRepositoryImpl.java:50)
	at jp.bo.bocc.repository.TalkPurcRepositoryImpl$$FastClassBySpringCGLIB$$fb53c808.invoke(&lt;generated&gt;)
	at org.springframework.cglib.proxy.MethodProxy.invoke(MethodProxy.java:204)
	at org.springframework.aop.framework.CglibAopProxy$DynamicAdvisedInterceptor.intercept(CglibAopProxy.java:652)
	at jp.bo.bocc.repository.TalkPurcRepositoryImpl$$EnhancerBySpringCGLIB$$30a02d2f.getTalkPurcById(&lt;generated&gt;)
	at sun.reflect.NativeMethodAccessorImpl.invoke0(Native Method)
	at sun.reflect.NativeMethodAccessorImpl.invoke(NativeMethodAccessorImpl.java:62)
	at sun.reflect.DelegatingMethodAccessorImpl.invoke(DelegatingMethodAccessorImpl.java:43)
	at java.lang.reflect.Method.invoke(Method.java:498)
	at org.springframework.data.repository.core.support.RepositoryFactorySupport$QueryExecutorMethodInterceptor.executeMethodOn(RepositoryFactorySupport.java:503)
	at org.springframework.data.repository.core.support.RepositoryFactorySupport$QueryExecutorMethodInterceptor.doInvoke(RepositoryFactorySupport.java:478)
	at org.springframework.data.repository.core.support.RepositoryFactorySupport$QueryExecutorMethodInterceptor.invoke(RepositoryFactorySupport.java:460)
	at org.springframework.aop.framework.ReflectiveMethodInvocation.proceed(ReflectiveMethodInvocation.java:179)
	at org.springframework.data.projection.DefaultMethodInvokingMethodInterceptor.invoke(DefaultMethodInvokingMethodInterceptor.java:61)
	at org.springframework.aop.framework.ReflectiveMethodInvocation.proceed(ReflectiveMethodInvocation.java:179)
	at org.springframework.transaction.interceptor.TransactionInterceptor$1.proceedWithInvocation(TransactionInterceptor.java:99)
	at org.springframework.transaction.interceptor.TransactionAspectSupport.invokeWithinTransaction(TransactionAspectSupport.java:282)
	at org.springframework.transaction.interceptor.TransactionInterceptor.invoke(TransactionInterceptor.java:96)
	at org.springframework.aop.framework.ReflectiveMethodInvocation.proceed(ReflectiveMethodInvocation.java:179)
	at org.springframework.dao.support.PersistenceExceptionTranslationInterceptor.invoke(PersistenceExceptionTranslationInterceptor.java:136)
	... 65 more
</error>
    <system-out>17/12/05 16:45:18 INFO TransactionContext: Began transaction (1) for test context [DefaultTestContext@3398ed12 testClass = UserServiceImplTest, testInstance = jp.bo.bocc.service.impl.UserServiceImplTest@5183131d, testMethod = testBlockuser@UserServiceImplTest, testException = [null], mergedContextConfiguration = [MergedContextConfiguration@80b6098 testClass = UserServiceImplTest, locations = &apos;{}&apos;, classes = &apos;{class jp.bo.bocc.system.config.TestConfig}&apos;, contextInitializerClasses = &apos;[]&apos;, activeProfiles = &apos;{app, test}&apos;, propertySourceLocations = &apos;{}&apos;, propertySourceProperties = &apos;{}&apos;, contextCustomizers = set[[empty]], contextLoader = &apos;org.springframework.test.context.support.DelegatingSmartContextLoader&apos;, parent = [null]]]; transaction manager [org.springframework.orm.jpa.JpaTransactionManager@285ac40b]; rollback [false]
Hibernate: select shmuser1_.USER_ID as USER_ID1_5_, shmuser1_.CMN_ENTRY_DATE as CMN_ENTRY_DATE2_5_, shmuser1_.CMN_ENTRY_USER_NO as CMN_ENTRY_USER_NO3_5_, shmuser1_.CMN_ENTRY_USER_TYPE as CMN_ENTRY_USER_TYP4_5_, shmuser1_.CMN_DELETE_FLAG as CMN_DELETE_FLAG5_5_, shmuser1_.CMN_LAST_UPDT_DATE as CMN_LAST_UPDT_DATE6_5_, shmuser1_.CMN_LAST_UPDT_USER_NO as CMN_LAST_UPDT_USER7_5_, shmuser1_.CMN_LAST_UPDT_USER_TYPE as CMN_LAST_UPDT_USER8_5_, shmuser1_.USER_ADDRESS_ID as USER_ADDRESS_ID28_5_, shmuser1_.USER_AVTR as USER_AVTR29_5_, shmuser1_.USER_BSID as USER_BSID9_5_, shmuser1_.USER_CAREER as USER_CAREER10_5_, shmuser1_.USER_CTRL_STATUS as USER_CTRL_STATUS11_5_, shmuser1_.USER_DATE_OF_BIRTH as USER_DATE_OF_BIRT12_5_, shmuser1_.USER_DESCR as USER_DESCR13_5_, shmuser1_.USER_EMAIL as USER_EMAIL14_5_, shmuser1_.USER_FIRST_NAME as USER_FIRST_NAME15_5_, shmuser1_.USER_GENDER as USER_GENDER16_5_, shmuser1_.USER_IS_IN_PATROL as USER_IS_IN_PATROL17_5_, shmuser1_.USER_JOB as USER_JOB18_5_, shmuser1_.USER_LAST_NAME as USER_LAST_NAME19_5_, shmuser1_.LEFT_DATE as LEFT_DATE20_5_, shmuser1_.USER_NICK_NAME as USER_NICK_NAME21_5_, shmuser1_.USER_PWD as USER_PWD22_5_, shmuser1_.USER_PHONE as USER_PHONE23_5_, shmuser1_.USER_PTRL_STATUS as USER_PTRL_STATUS24_5_, shmuser1_.USER_STATUS as USER_STATUS25_5_, shmuser1_.USER_TIME_PATROL as USER_TIME_PATROL26_5_, shmuser1_.USER_UPDATE_AT as USER_UPDATE_AT27_5_ from SHT_TALK_PURC shttalkpur0_ inner join SHM_USER shmuser1_ on shttalkpur0_.TALK_PURC_PART_ID=shmuser1_.USER_ID where ( shttalkpur0_.CMN_DELETE_FLAG=0) and shttalkpur0_.TALK_PURC_ID=?
Hibernate: select shttalkpur0_.TALK_PURC_ID as TALK_PURC_ID1_21_, shttalkpur0_.CMN_ENTRY_DATE as CMN_ENTRY_DATE2_21_, shttalkpur0_.CMN_ENTRY_USER_NO as CMN_ENTRY_USER_NO3_21_, shttalkpur0_.CMN_ENTRY_USER_TYPE as CMN_ENTRY_USER_TYP4_21_, shttalkpur0_.CMN_DELETE_FLAG as CMN_DELETE_FLAG5_21_, shttalkpur0_.CMN_LAST_UPDT_DATE as CMN_LAST_UPDT_DATE6_21_, shttalkpur0_.CMN_LAST_UPDT_USER_NO as CMN_LAST_UPDT_USER7_21_, shttalkpur0_.CMN_LAST_UPDT_USER_TYPE as CMN_LAST_UPDT_USER8_21_, shttalkpur0_.TALK_PURC_POST_ID as TALK_PURC_POST_ID11_21_, shttalkpur0_.TALK_PURC_PART_ID as TALK_PURC_PART_ID12_21_, shttalkpur0_.TALK_PURC_STATUS as TALK_PURC_STATUS9_21_, shttalkpur0_.TALK_PURC_TEND_TO_SELL_TIME as TALK_PURC_TEND_TO10_21_ from SHT_TALK_PURC shttalkpur0_ where ( shttalkpur0_.CMN_DELETE_FLAG=0) and shttalkpur0_.TALK_PURC_ID=?
17/12/05 16:45:18 WARN TestContextManager: Caught exception while allowing TestExecutionListener [org.springframework.test.context.transaction.TransactionalTestExecutionListener@5d98364c] to process &apos;after&apos; execution for test: method [public void jp.bo.bocc.service.impl.UserServiceImplTest.testBlockuser()], instance [jp.bo.bocc.service.impl.UserServiceImplTest@5183131d], exception [org.springframework.dao.EmptyResultDataAccessException: No entity found for query; nested exception is javax.persistence.NoResultException: No entity found for query]
org.springframework.orm.jpa.JpaSystemException: Transaction was marked for rollback only; cannot commit; nested exception is org.hibernate.TransactionException: Transaction was marked for rollback only; cannot commit
	at org.springframework.orm.jpa.vendor.HibernateJpaDialect.convertHibernateAccessException(HibernateJpaDialect.java:333)
	at org.springframework.orm.jpa.vendor.HibernateJpaDialect.translateExceptionIfPossible(HibernateJpaDialect.java:244)
	at org.springframework.orm.jpa.JpaTransactionManager.doCommit(JpaTransactionManager.java:521)
	at org.springframework.transaction.support.AbstractPlatformTransactionManager.processCommit(AbstractPlatformTransactionManager.java:761)
	at org.springframework.transaction.support.AbstractPlatformTransactionManager.commit(AbstractPlatformTransactionManager.java:730)
	at org.springframework.test.context.transaction.TransactionContext.endTransaction(TransactionContext.java:128)
	at org.springframework.test.context.transaction.TransactionalTestExecutionListener.afterTestMethod(TransactionalTestExecutionListener.java:227)
	at org.springframework.test.context.TestContextManager.afterTestMethod(TestContextManager.java:319)
	at org.springframework.test.context.junit4.statements.RunAfterTestMethodCallbacks.evaluate(RunAfterTestMethodCallbacks.java:94)
	at org.springframework.test.context.junit4.statements.SpringRepeat.evaluate(SpringRepeat.java:84)
	at org.junit.runners.ParentRunner.runLeaf(ParentRunner.java:325)
	at org.springframework.test.context.junit4.SpringJUnit4ClassRunner.runChild(SpringJUnit4ClassRunner.java:252)
	at org.springframework.test.context.junit4.SpringJUnit4ClassRunner.runChild(SpringJUnit4ClassRunner.java:94)
	at org.junit.runners.ParentRunner$3.run(ParentRunner.java:290)
	at org.junit.runners.ParentRunner$1.schedule(ParentRunner.java:71)
	at org.junit.runners.ParentRunner.runChildren(ParentRunner.java:288)
	at org.junit.runners.ParentRunner.access$000(ParentRunner.java:58)
	at org.junit.runners.ParentRunner$2.evaluate(ParentRunner.java:268)
	at org.springframework.test.context.junit4.statements.RunBeforeTestClassCallbacks.evaluate(RunBeforeTestClassCallbacks.java:61)
	at org.springframework.test.context.junit4.statements.RunAfterTestClassCallbacks.evaluate(RunAfterTestClassCallbacks.java:70)
	at org.junit.runners.ParentRunner.run(ParentRunner.java:363)
	at org.springframework.test.context.junit4.SpringJUnit4ClassRunner.run(SpringJUnit4ClassRunner.java:191)
	at org.apache.maven.surefire.junit4.JUnit4Provider.execute(JUnit4Provider.java:252)
	at org.apache.maven.surefire.junit4.JUnit4Provider.executeTestSet(JUnit4Provider.java:141)
	at org.apache.maven.surefire.junit4.JUnit4Provider.invoke(JUnit4Provider.java:112)
	at sun.reflect.NativeMethodAccessorImpl.invoke0(Native Method)
	at sun.reflect.NativeMethodAccessorImpl.invoke(NativeMethodAccessorImpl.java:62)
	at sun.reflect.DelegatingMethodAccessorImpl.invoke(DelegatingMethodAccessorImpl.java:43)
	at java.lang.reflect.Method.invoke(Method.java:498)
	at org.apache.maven.surefire.util.ReflectionUtils.invokeMethodWithArray(ReflectionUtils.java:189)
	at org.apache.maven.surefire.booter.ProviderFactory$ProviderProxy.invoke(ProviderFactory.java:165)
	at org.apache.maven.surefire.booter.ProviderFactory.invokeProvider(ProviderFactory.java:85)
	at org.apache.maven.surefire.booter.ForkedBooter.runSuitesInProcess(ForkedBooter.java:115)
	at org.apache.maven.surefire.booter.ForkedBooter.main(ForkedBooter.java:75)
Caused by: org.hibernate.TransactionException: Transaction was marked for rollback only; cannot commit
	at org.hibernate.resource.transaction.backend.jdbc.internal.JdbcResourceLocalTransactionCoordinatorImpl$TransactionDriverControlImpl.commit(JdbcResourceLocalTransactionCoordinatorImpl.java:217)
	at org.hibernate.engine.transaction.internal.TransactionImpl.commit(TransactionImpl.java:68)
	at org.springframework.orm.jpa.JpaTransactionManager.doCommit(JpaTransactionManager.java:517)
	... 31 more
</system-out>
  </testcase>
  <testcase classname="jp.bo.bocc.service.impl.UserServiceImplTest" name="testBlockuser" time="0.314">
    <error message="Transaction was marked for rollback only; cannot commit; nested exception is org.hibernate.TransactionException: Transaction was marked for rollback only; cannot commit" type="org.springframework.orm.jpa.JpaSystemException">org.springframework.orm.jpa.JpaSystemException: Transaction was marked for rollback only; cannot commit; nested exception is org.hibernate.TransactionException: Transaction was marked for rollback only; cannot commit
	at org.springframework.orm.jpa.vendor.HibernateJpaDialect.convertHibernateAccessException(HibernateJpaDialect.java:333)
	at org.springframework.orm.jpa.vendor.HibernateJpaDialect.translateExceptionIfPossible(HibernateJpaDialect.java:244)
	at org.springframework.orm.jpa.JpaTransactionManager.doCommit(JpaTransactionManager.java:521)
	at org.springframework.transaction.support.AbstractPlatformTransactionManager.processCommit(AbstractPlatformTransactionManager.java:761)
	at org.springframework.transaction.support.AbstractPlatformTransactionManager.commit(AbstractPlatformTransactionManager.java:730)
	at org.springframework.test.context.transaction.TransactionContext.endTransaction(TransactionContext.java:128)
	at org.springframework.test.context.transaction.TransactionalTestExecutionListener.afterTestMethod(TransactionalTestExecutionListener.java:227)
	at org.springframework.test.context.TestContextManager.afterTestMethod(TestContextManager.java:319)
	at org.springframework.test.context.junit4.statements.RunAfterTestMethodCallbacks.evaluate(RunAfterTestMethodCallbacks.java:94)
	at org.springframework.test.context.junit4.statements.SpringRepeat.evaluate(SpringRepeat.java:84)
	at org.junit.runners.ParentRunner.runLeaf(ParentRunner.java:325)
	at org.springframework.test.context.junit4.SpringJUnit4ClassRunner.runChild(SpringJUnit4ClassRunner.java:252)
	at org.springframework.test.context.junit4.SpringJUnit4ClassRunner.runChild(SpringJUnit4ClassRunner.java:94)
	at org.junit.runners.ParentRunner$3.run(ParentRunner.java:290)
	at org.junit.runners.ParentRunner$1.schedule(ParentRunner.java:71)
	at org.junit.runners.ParentRunner.runChildren(ParentRunner.java:288)
	at org.junit.runners.ParentRunner.access$000(ParentRunner.java:58)
	at org.junit.runners.ParentRunner$2.evaluate(ParentRunner.java:268)
	at org.springframework.test.context.junit4.statements.RunBeforeTestClassCallbacks.evaluate(RunBeforeTestClassCallbacks.java:61)
	at org.springframework.test.context.junit4.statements.RunAfterTestClassCallbacks.evaluate(RunAfterTestClassCallbacks.java:70)
	at org.junit.runners.ParentRunner.run(ParentRunner.java:363)
	at org.springframework.test.context.junit4.SpringJUnit4ClassRunner.run(SpringJUnit4ClassRunner.java:191)
	at org.apache.maven.surefire.junit4.JUnit4Provider.execute(JUnit4Provider.java:252)
	at org.apache.maven.surefire.junit4.JUnit4Provider.executeTestSet(JUnit4Provider.java:141)
	at org.apache.maven.surefire.junit4.JUnit4Provider.invoke(JUnit4Provider.java:112)
	at sun.reflect.NativeMethodAccessorImpl.invoke0(Native Method)
	at sun.reflect.NativeMethodAccessorImpl.invoke(NativeMethodAccessorImpl.java:62)
	at sun.reflect.DelegatingMethodAccessorImpl.invoke(DelegatingMethodAccessorImpl.java:43)
	at java.lang.reflect.Method.invoke(Method.java:498)
	at org.apache.maven.surefire.util.ReflectionUtils.invokeMethodWithArray(ReflectionUtils.java:189)
	at org.apache.maven.surefire.booter.ProviderFactory$ProviderProxy.invoke(ProviderFactory.java:165)
	at org.apache.maven.surefire.booter.ProviderFactory.invokeProvider(ProviderFactory.java:85)
	at org.apache.maven.surefire.booter.ForkedBooter.runSuitesInProcess(ForkedBooter.java:115)
	at org.apache.maven.surefire.booter.ForkedBooter.main(ForkedBooter.java:75)
Caused by: org.hibernate.TransactionException: Transaction was marked for rollback only; cannot commit
	at org.hibernate.resource.transaction.backend.jdbc.internal.JdbcResourceLocalTransactionCoordinatorImpl$TransactionDriverControlImpl.commit(JdbcResourceLocalTransactionCoordinatorImpl.java:217)
	at org.hibernate.engine.transaction.internal.TransactionImpl.commit(TransactionImpl.java:68)
	at org.springframework.orm.jpa.JpaTransactionManager.doCommit(JpaTransactionManager.java:517)
	... 31 more
</error>
  </testcase>
  <testcase classname="jp.bo.bocc.service.impl.UserServiceImplTest" name="testMuteuser" time="0.203">
    <error message="No entity found for query; nested exception is javax.persistence.NoResultException: No entity found for query" type="org.springframework.dao.EmptyResultDataAccessException">org.springframework.dao.EmptyResultDataAccessException: No entity found for query; nested exception is javax.persistence.NoResultException: No entity found for query
	at org.springframework.orm.jpa.EntityManagerFactoryUtils.convertJpaAccessExceptionIfPossible(EntityManagerFactoryUtils.java:392)
	at org.springframework.orm.jpa.vendor.HibernateJpaDialect.translateExceptionIfPossible(HibernateJpaDialect.java:246)
	at org.springframework.orm.jpa.AbstractEntityManagerFactoryBean.translateExceptionIfPossible(AbstractEntityManagerFactoryBean.java:491)
	at org.springframework.dao.support.ChainedPersistenceExceptionTranslator.translateExceptionIfPossible(ChainedPersistenceExceptionTranslator.java:59)
	at org.springframework.dao.support.DataAccessUtils.translateIfNecessary(DataAccessUtils.java:213)
	at org.springframework.dao.support.PersistenceExceptionTranslationInterceptor.invoke(PersistenceExceptionTranslationInterceptor.java:147)
	at org.springframework.aop.framework.ReflectiveMethodInvocation.proceed(ReflectiveMethodInvocation.java:179)
	at org.springframework.data.jpa.repository.support.CrudMethodMetadataPostProcessor$CrudMethodMetadataPopulatingMethodInterceptor.invoke(CrudMethodMetadataPostProcessor.java:133)
	at org.springframework.aop.framework.ReflectiveMethodInvocation.proceed(ReflectiveMethodInvocation.java:179)
	at org.springframework.aop.interceptor.ExposeInvocationInterceptor.invoke(ExposeInvocationInterceptor.java:92)
	at org.springframework.aop.framework.ReflectiveMethodInvocation.proceed(ReflectiveMethodInvocation.java:179)
	at org.springframework.aop.framework.JdkDynamicAopProxy.invoke(JdkDynamicAopProxy.java:213)
	at com.sun.proxy.$Proxy108.getTalkPurcById(Unknown Source)
	at jp.bo.bocc.service.impl.TalkPurcServiceImpl.getTalkPurcById(TalkPurcServiceImpl.java:293)
	at jp.bo.bocc.service.impl.TalkPurcServiceImpl$$FastClassBySpringCGLIB$$441faa6.invoke(&lt;generated&gt;)
	at org.springframework.cglib.proxy.MethodProxy.invoke(MethodProxy.java:204)
	at org.springframework.aop.framework.CglibAopProxy$CglibMethodInvocation.invokeJoinpoint(CglibAopProxy.java:721)
[...]
	at org.springframework.aop.framework.CglibAopProxy$CglibMethodInvocation.invokeJoinpoint(CglibAopProxy.java:721)
	at org.springframework.aop.framework.ReflectiveMethodInvocation.proceed(ReflectiveMethodInvocation.java:157)
	at org.springframework.transaction.interceptor.TransactionInterceptor$1.proceedWithInvocation(TransactionInterceptor.java:99)
	at org.springframework.transaction.interceptor.TransactionAspectSupport.invokeWithinTransaction(TransactionAspectSupport.java:282)
	at org.springframework.transaction.interceptor.TransactionInterceptor.invoke(TransactionInterceptor.java:96)
	at org.springframework.aop.framework.ReflectiveMethodInvocation.proceed(ReflectiveMethodInvocation.java:179)
	at org.springframework.aop.framework.CglibAopProxy$DynamicAdvisedInterceptor.intercept(CglibAopProxy.java:656)
	at jp.bo.bocc.service.impl.UserServiceImpl$$EnhancerBySpringCGLIB$$4e33adae.getUserProfile(&lt;generated&gt;)
	at jp.bo.bocc.service.impl.UserServiceImplTest.testGetUserProfile(UserServiceImplTest.java:240)
	at sun.reflect.NativeMethodAccessorImpl.invoke0(Native Method)
	at sun.reflect.NativeMethodAccessorImpl.invoke(NativeMethodAccessorImpl.java:62)
	at sun.reflect.DelegatingMethodAccessorImpl.invoke(DelegatingMethodAccessorImpl.java:43)
	at java.lang.reflect.Method.invoke(Method.java:498)
	at org.junit.runners.model.FrameworkMethod$1.runReflectiveCall(FrameworkMethod.java:50)
	at org.junit.internal.runners.model.ReflectiveCallable.run(ReflectiveCallable.java:12)
	at org.junit.runners.model.FrameworkMethod.invokeExplosively(FrameworkMethod.java:47)
	at org.junit.internal.runners.statements.InvokeMethod.evaluate(InvokeMethod.java:17)
	at org.springframework.test.context.junit4.statements.RunBeforeTestMethodCallbacks.evaluate(RunBeforeTestMethodCallbacks.java:75)
	at org.springframework.test.context.junit4.statements.RunAfterTestMethodCallbacks.evaluate(RunAfterTestMethodCallbacks.java:86)
	at org.springframework.test.context.junit4.statements.SpringRepeat.evaluate(SpringRepeat.java:84)
	at org.junit.runners.ParentRunner.runLeaf(ParentRunner.java:325)
	at org.springframework.test.context.junit4.SpringJUnit4ClassRunner.runChild(SpringJUnit4ClassRunner.java:252)
	at org.springframework.test.context.junit4.SpringJUnit4ClassRunner.runChild(SpringJUnit4ClassRunner.java:94)
	at org.junit.runners.ParentRunner$3.run(ParentRunner.java:290)
	at org.junit.runners.ParentRunner$1.schedule(ParentRunner.java:71)
	at org.junit.runners.ParentRunner.runChildren(ParentRunner.java:288)
	at org.junit.runners.ParentRunner.access$000(ParentRunner.java:58)
	at org.junit.runners.ParentRunner$2.evaluate(ParentRunner.java:268)
	at org.springframework.test.context.junit4.statements.RunBeforeTestClassCallbacks.evaluate(RunBeforeTestClassCallbacks.java:61)
	at org.springframework.test.context.junit4.statements.RunAfterTestClassCallbacks.evaluate(RunAfterTestClassCallbacks.java:70)
	at org.junit.runners.ParentRunner.run(ParentRunner.java:363)
	at org.springframework.test.context.junit4.SpringJUnit4ClassRunner.run(SpringJUnit4ClassRunner.java:191)
	at org.apache.maven.surefire.junit4.JUnit4Provider.execute(JUnit4Provider.java:252)
	at org.apache.maven.surefire.junit4.JUnit4Provider.executeTestSet(JUnit4Provider.java:141)
	at org.apache.maven.surefire.junit4.JUnit4Provider.invoke(JUnit4Provider.java:112)
	at sun.reflect.NativeMethodAccessorImpl.invoke0(Native Method)
	at sun.reflect.NativeMethodAccessorImpl.invoke(NativeMethodAccessorImpl.java:62)
	at sun.reflect.DelegatingMethodAccessorImpl.invoke(DelegatingMethodAccessorImpl.java:43)
	at java.lang.reflect.Method.invoke(Method.java:498)
	at org.apache.maven.surefire.util.ReflectionUtils.invokeMethodWithArray(ReflectionUtils.java:189)
	at org.apache.maven.surefire.booter.ProviderFactory$ProviderProxy.invoke(ProviderFactory.java:165)
	at org.apache.maven.surefire.booter.ProviderFactory.invokeProvider(ProviderFactory.java:85)
	at org.apache.maven.surefire.booter.ForkedBooter.runSuitesInProcess(ForkedBooter.java:115)
	at org.apache.maven.surefire.booter.ForkedBooter.main(ForkedBooter.java:75)
</error>
    <system-out>17/12/05 16:45:19 INFO TransactionContext: Began transaction (1) for test context [DefaultTestContext@3398ed12 testClass = UserServiceImplTest, testInstance = jp.bo.bocc.service.impl.UserServiceImplTest@31885b4b, testMethod = testGetUserProfile@UserServiceImplTest, testException = [null], mergedContextConfiguration = [MergedContextConfiguration@80b6098 testClass = UserServiceImplTest, locations = &apos;{}&apos;, classes = &apos;{class jp.bo.bocc.system.config.TestConfig}&apos;, contextInitializerClasses = &apos;[]&apos;, activeProfiles = &apos;{app, test}&apos;, propertySourceLocations = &apos;{}&apos;, propertySourceProperties = &apos;{}&apos;, contextCustomizers = set[[empty]], contextLoader = &apos;org.springframework.test.context.support.DelegatingSmartContextLoader&apos;, parent = [null]]]; transaction manager [org.springframework.orm.jpa.JpaTransactionManager@285ac40b]; rollback [true]
Hibernate: select shmuser0_.USER_ID as USER_ID1_5_0_, shmuser0_.CMN_ENTRY_DATE as CMN_ENTRY_DATE2_5_0_, shmuser0_.CMN_ENTRY_USER_NO as CMN_ENTRY_USER_NO3_5_0_, shmuser0_.CMN_ENTRY_USER_TYPE as CMN_ENTRY_USER_TYP4_5_0_, shmuser0_.CMN_DELETE_FLAG as CMN_DELETE_FLAG5_5_0_, shmuser0_.CMN_LAST_UPDT_DATE as CMN_LAST_UPDT_DATE6_5_0_, shmuser0_.CMN_LAST_UPDT_USER_NO as CMN_LAST_UPDT_USER7_5_0_, shmuser0_.CMN_LAST_UPDT_USER_TYPE as CMN_LAST_UPDT_USER8_5_0_, shmuser0_.USER_ADDRESS_ID as USER_ADDRESS_ID28_5_0_, shmuser0_.USER_AVTR as USER_AVTR29_5_0_, shmuser0_.USER_BSID as USER_BSID9_5_0_, shmuser0_.USER_CAREER as USER_CAREER10_5_0_, shmuser0_.USER_CTRL_STATUS as USER_CTRL_STATUS11_5_0_, shmuser0_.USER_DATE_OF_BIRTH as USER_DATE_OF_BIRT12_5_0_, shmuser0_.USER_DESCR as USER_DESCR13_5_0_, shmuser0_.USER_EMAIL as USER_EMAIL14_5_0_, shmuser0_.USER_FIRST_NAME as USER_FIRST_NAME15_5_0_, shmuser0_.USER_GENDER as USER_GENDER16_5_0_, shmuser0_.USER_IS_IN_PATROL as USER_IS_IN_PATROL17_5_0_, shmuser0_.USER_JOB as USER_JOB18_5_0_, shmuser0_.USER_LAST_NAME as USER_LAST_NAME19_5_0_, shmuser0_.LEFT_DATE as LEFT_DATE20_5_0_, shmuser0_.USER_NICK_NAME as USER_NICK_NAME21_5_0_, shmuser0_.USER_PWD as USER_PWD22_5_0_, shmuser0_.USER_PHONE as USER_PHONE23_5_0_, shmuser0_.USER_PTRL_STATUS as USER_PTRL_STATUS24_5_0_, shmuser0_.USER_STATUS as USER_STATUS25_5_0_, shmuser0_.USER_TIME_PATROL as USER_TIME_PATROL26_5_0_, shmuser0_.USER_UPDATE_AT as USER_UPDATE_AT27_5_0_, shmaddr1_.ADDR_ID as ADDR_ID1_0_1_, shmaddr1_.CMN_ENTRY_DATE as CMN_ENTRY_DATE2_0_1_, shmaddr1_.CMN_ENTRY_USER_NO as CMN_ENTRY_USER_NO3_0_1_, shmaddr1_.CMN_ENTRY_USER_TYPE as CMN_ENTRY_USER_TYP4_0_1_, shmaddr1_.CMN_DELETE_FLAG as CMN_DELETE_FLAG5_0_1_, shmaddr1_.CMN_LAST_UPDT_DATE as CMN_LAST_UPDT_DATE6_0_1_, shmaddr1_.CMN_LAST_UPDT_USER_NO as CMN_LAST_UPDT_USER7_0_1_, shmaddr1_.CMN_LAST_UPDT_USER_TYPE as CMN_LAST_UPDT_USER8_0_1_, shmaddr1_.ADDR_PARENT_ID as ADDR_PARENT_ID9_0_1_, shmaddr1_.ADDR_AREA_CODE as ADDR_AREA_CODE10_0_1_, shmaddr1_.ADDR_AREA_NAME as ADDR_AREA_NAME11_0_1_, shrfile2_.FILE_ID as FILE_ID1_6_2_, shrfile2_.CMN_ENTRY_DATE as CMN_ENTRY_DATE2_6_2_, shrfile2_.CMN_ENTRY_USER_NO as CMN_ENTRY_USER_NO3_6_2_, shrfile2_.CMN_ENTRY_USER_TYPE as CMN_ENTRY_USER_TYP4_6_2_, shrfile2_.CMN_DELETE_FLAG as CMN_DELETE_FLAG5_6_2_, shrfile2_.CMN_LAST_UPDT_DATE as CMN_LAST_UPDT_DATE6_6_2_, shrfile2_.CMN_LAST_UPDT_USER_NO as CMN_LAST_UPDT_USER7_6_2_, shrfile2_.CMN_LAST_UPDT_USER_TYPE as CMN_LAST_UPDT_USER8_6_2_, shrfile2_.FILE_DIR as FILE_DIR9_6_2_, shrfile2_.FILE_EXT as FILE_EXT10_6_2_, shrfile2_.FILE_HEIGHT as FILE_HEIGHT11_6_2_, shrfile2_.FILE_NAME as FILE_NAME12_6_2_, shrfile2_.FILE_ORG_NAME as FILE_ORG_NAME13_6_2_, shrfile2_.FILE_PROVIDER as FILE_PROVIDER14_6_2_, shrfile2_.FILE_SIZE as FILE_SIZE15_6_2_, shrfile2_.FILE_WIDTH as FILE_WIDTH16_6_2_ from SHM_USER shmuser0_ left outer join SHM_ADDR shmaddr1_ on shmuser0_.USER_ADDRESS_ID=shmaddr1_.ADDR_ID left outer join SHR_FILE shrfile2_ on shmuser0_.USER_AVTR=shrfile2_.FILE_ID where shmuser0_.USER_ID=? and ( shmuser0_.CMN_DELETE_FLAG=0)
17/12/05 16:45:19 INFO TransactionContext: Rolled back transaction for test context [DefaultTestContext@3398ed12 testClass = UserServiceImplTest, testInstance = jp.bo.bocc.service.impl.UserServiceImplTest@31885b4b, testMethod = testGetUserProfile@UserServiceImplTest, testException = jp.bo.bocc.system.exception.ServiceException: ?????????????, mergedContextConfiguration = [MergedContextConfiguration@80b6098 testClass = UserServiceImplTest, locations = &apos;{}&apos;, classes = &apos;{class jp.bo.bocc.system.config.TestConfig}&apos;, contextInitializerClasses = &apos;[]&apos;, activeProfiles = &apos;{app, test}&apos;, propertySourceLocations = &apos;{}&apos;, propertySourceProperties = &apos;{}&apos;, contextCustomizers = set[[empty]], contextLoader = &apos;org.springframework.test.context.support.DelegatingSmartContextLoader&apos;, parent = [null]]].
</system-out>
  </testcase>
  <testcase classname="jp.bo.bocc.service.impl.UserServiceImplTest" name="testResetPassword" time="0.824"/>
  <testcase classname="jp.bo.bocc.service.impl.UserServiceImplTest" name="testGetUserListForPatrolSite" time="0.268">
    <failure type="java.lang.AssertionError">java.lang.AssertionError
	at org.junit.Assert.fail(Assert.java:86)
	at org.junit.Assert.assertTrue(Assert.java:41)
	at org.junit.Assert.assertTrue(Assert.java:52)
	at jp.bo.bocc.service.impl.UserServiceImplTest.testGetUserListForPatrolSite(UserServiceImplTest.java:267)
	at sun.reflect.NativeMethodAccessorImpl.invoke0(Native Method)
	at sun.reflect.NativeMethodAccessorImpl.invoke(NativeMethodAccessorImpl.java:62)
	at sun.reflect.DelegatingMethodAccessorImpl.invoke(DelegatingMethodAccessorImpl.java:43)
	at java.lang.reflect.Method.invoke(Method.java:498)
	at org.junit.runners.model.FrameworkMethod$1.runReflectiveCall(FrameworkMethod.java:50)
	at org.junit.internal.runners.model.ReflectiveCallable.run(ReflectiveCallable.java:12)
	at org.junit.runners.model.FrameworkMethod.invokeExplosively(FrameworkMethod.java:47)
	at org.junit.internal.runners.statements.InvokeMethod.evaluate(InvokeMethod.java:17)
	at org.springframework.test.context.junit4.statements.RunBeforeTestMethodCallbacks.evaluate(RunBeforeTestMethodCallbacks.java:75)
	at org.springframework.test.context.junit4.statements.RunAfterTestMethodCallbacks.evaluate(RunAfterTestMethodCallbacks.java:86)
	at org.springframework.test.context.junit4.statements.SpringRepeat.evaluate(SpringRepeat.java:84)
	at org.junit.runners.ParentRunner.runLeaf(ParentRunner.java:325)
	at org.springframework.test.context.junit4.SpringJUnit4ClassRunner.runChild(SpringJUnit4ClassRunner.java:252)
	at org.springframework.test.context.junit4.SpringJUnit4ClassRunner.runChild(SpringJUnit4ClassRunner.java:94)
	at org.junit.runners.ParentRunner$3.run(ParentRunner.java:290)
	at org.junit.runners.ParentRunner$1.schedule(ParentRunner.java:71)
	at org.junit.runners.ParentRunner.runChildren(ParentRunner.java:288)
	at org.junit.runners.ParentRunner.access$000(ParentRunner.java:58)
	at org.junit.runners.ParentRunner$2.evaluate(ParentRunner.java:268)
	at org.springframework.test.context.junit4.statements.RunBeforeTestClassCallbacks.evaluate(RunBeforeTestClassCallbacks.java:61)
	at org.springframework.test.context.junit4.statements.RunAfterTestClassCallbacks.evaluate(RunAfterTestClassCallbacks.java:70)
	at org.junit.runners.ParentRunner.run(ParentRunner.java:363)
	at org.springframework.test.context.junit4.SpringJUnit4ClassRunner.run(SpringJUnit4ClassRunner.java:191)
	at org.apache.maven.surefire.junit4.JUnit4Provider.execute(JUnit4Provider.java:252)
	at org.apache.maven.surefire.junit4.JUnit4Provider.executeTestSet(JUnit4Provider.java:141)
	at org.apache.maven.surefire.junit4.JUnit4Provider.invoke(JUnit4Provider.java:112)
	at sun.reflect.NativeMethodAccessorImpl.invoke0(Native Method)
	at sun.reflect.NativeMethodAccessorImpl.invoke(NativeMethodAccessorImpl.java:62)
	at sun.reflect.DelegatingMethodAccessorImpl.invoke(DelegatingMethodAccessorImpl.java:43)
	at java.lang.reflect.Method.invoke(Method.java:498)
	at org.apache.maven.surefire.util.ReflectionUtils.invokeMethodWithArray(ReflectionUtils.java:189)
	at org.apache.maven.surefire.booter.ProviderFactory$ProviderProxy.invoke(ProviderFactory.java:165)
	at org.apache.maven.surefire.booter.ProviderFactory.invokeProvider(ProviderFactory.java:85)
	at org.apache.maven.surefire.booter.ForkedBooter.runSuitesInProcess(ForkedBooter.java:115)
	at org.apache.maven.surefire.booter.ForkedBooter.main(ForkedBooter.java:75)
</failure>
    <system-out>17/12/05 16:45:20 INFO TransactionContext: Began transaction (1) for test context [DefaultTestContext@3398ed12 testClass = UserServiceImplTest, testInstance = jp.bo.bocc.service.impl.UserServiceImplTest@40da1644, testMethod = testGetUserListForPatrolSite@UserServiceImplTest, testException = [null], mergedContextConfiguration = [MergedContextConfiguration@80b6098 testClass = UserServiceImplTest, locations = &apos;{}&apos;, classes = &apos;{class jp.bo.bocc.system.config.TestConfig}&apos;, contextInitializerClasses = &apos;[]&apos;, activeProfiles = &apos;{app, test}&apos;, propertySourceLocations = &apos;{}&apos;, propertySourceProperties = &apos;{}&apos;, contextCustomizers = set[[empty]], contextLoader = &apos;org.springframework.test.context.support.DelegatingSmartContextLoader&apos;, parent = [null]]]; transaction manager [org.springframework.orm.jpa.JpaTransactionManager@285ac40b]; rollback [true]
Hibernate: SELECT su.USER_ID, su.USER_AVTR, su.USER_NICK_NAME, su.USER_PTRL_STATUS, su.CMN_LAST_UPDT_DATE, su.USER_CTRL_STATUS, su.USER_TIME_PATROL, su.USER_UPDATE_AT FROM SHM_USER su WHERE su.USER_STATUS IN (4) AND su.CMN_DELETE_FLAG = 0 AND (su.USER_IS_IN_PATROL is null or su.USER_IS_IN_PATROL = 0)  AND su.USER_TIME_PATROL BETWEEN  ? AND ?  ORDER BY su.USER_UPDATE_AT DESC 
Hibernate: select * from ( SELECT su.USER_ID, su.USER_AVTR, su.USER_NICK_NAME, su.USER_PTRL_STATUS, su.CMN_LAST_UPDT_DATE, su.USER_CTRL_STATUS, su.USER_TIME_PATROL, su.USER_UPDATE_AT FROM SHM_USER su WHERE su.USER_STATUS IN (4) AND su.CMN_DELETE_FLAG = 0 AND (su.USER_IS_IN_PATROL is null or su.USER_IS_IN_PATROL = 0)  AND su.USER_TIME_PATROL BETWEEN  ? AND ?  ORDER BY su.USER_UPDATE_AT DESC ) where rownum &lt;= ?
17/12/05 16:45:20 INFO TransactionContext: Rolled back transaction for test context [DefaultTestContext@3398ed12 testClass = UserServiceImplTest, testInstance = jp.bo.bocc.service.impl.UserServiceImplTest@40da1644, testMethod = testGetUserListForPatrolSite@UserServiceImplTest, testException = java.lang.AssertionError, mergedContextConfiguration = [MergedContextConfiguration@80b6098 testClass = UserServiceImplTest, locations = &apos;{}&apos;, classes = &apos;{class jp.bo.bocc.system.config.TestConfig}&apos;, contextInitializerClasses = &apos;[]&apos;, activeProfiles = &apos;{app, test}&apos;, propertySourceLocations = &apos;{}&apos;, propertySourceProperties = &apos;{}&apos;, contextCustomizers = set[[empty]], contextLoader = &apos;org.springframework.test.context.support.DelegatingSmartContextLoader&apos;, parent = [null]]].
</system-out>
  </testcase>
  <testcase classname="jp.bo.bocc.service.impl.UserServiceImplTest" name="testGetUserBlocked" time="0.093"/>
  <testcase classname="jp.bo.bocc.service.impl.UserServiceImplTest" name="testVerifyBsAccountFail" time="0.244">
    <failure message="Expected exception: jp.bo.bocc.system.exception.ForbiddenException" type="java.lang.AssertionError">java.lang.AssertionError: Expected exception: jp.bo.bocc.system.exception.ForbiddenException
	at org.junit.internal.runners.statements.ExpectException.evaluate(ExpectException.java:32)
	at org.springframework.test.context.junit4.statements.RunBeforeTestMethodCallbacks.evaluate(RunBeforeTestMethodCallbacks.java:75)
	at org.springframework.test.context.junit4.statements.RunAfterTestMethodCallbacks.evaluate(RunAfterTestMethodCallbacks.java:86)
	at org.springframework.test.context.junit4.statements.SpringRepeat.evaluate(SpringRepeat.java:84)
	at org.junit.runners.ParentRunner.runLeaf(ParentRunner.java:325)
	at org.springframework.test.context.junit4.SpringJUnit4ClassRunner.runChild(SpringJUnit4ClassRunner.java:252)
	at org.springframework.test.context.junit4.SpringJUnit4ClassRunner.runChild(SpringJUnit4ClassRunner.java:94)
	at org.junit.runners.ParentRunner$3.run(ParentRunner.java:290)
	at org.junit.runners.ParentRunner$1.schedule(ParentRunner.java:71)
	at org.junit.runners.ParentRunner.runChildren(ParentRunner.java:288)
	at org.junit.runners.ParentRunner.access$000(ParentRunner.java:58)
	at org.junit.runners.ParentRunner$2.evaluate(ParentRunner.java:268)
	at org.springframework.test.context.junit4.statements.RunBeforeTestClassCallbacks.evaluate(RunBeforeTestClassCallbacks.java:61)
	at org.springframework.test.context.junit4.statements.RunAfterTestClassCallbacks.evaluate(RunAfterTestClassCallbacks.java:70)
	at org.junit.runners.ParentRunner.run(ParentRunner.java:363)
	at org.springframework.test.context.junit4.SpringJUnit4ClassRunner.run(SpringJUnit4ClassRunner.java:191)
	at org.apache.maven.surefire.junit4.JUnit4Provider.execute(JUnit4Provider.java:252)
	at org.apache.maven.surefire.junit4.JUnit4Provider.executeTestSet(JUnit4Provider.java:141)
	at org.apache.maven.surefire.junit4.JUnit4Provider.invoke(JUnit4Provider.java:112)
	at sun.reflect.NativeMethodAccessorImpl.invoke0(Native Method)
	at sun.reflect.NativeMethodAccessorImpl.invoke(NativeMethodAccessorImpl.java:62)
	at sun.reflect.DelegatingMethodAccessorImpl.invoke(DelegatingMethodAccessorImpl.java:43)
	at java.lang.reflect.Method.invoke(Method.java:498)
	at org.apache.maven.surefire.util.ReflectionUtils.invokeMethodWithArray(ReflectionUtils.java:189)
	at org.apache.maven.surefire.booter.ProviderFactory$ProviderProxy.invoke(ProviderFactory.java:165)
	at org.apache.maven.surefire.booter.ProviderFactory.invokeProvider(ProviderFactory.java:85)
	at org.apache.maven.surefire.booter.ForkedBooter.runSuitesInProcess(ForkedBooter.java:115)
	at org.apache.maven.surefire.booter.ForkedBooter.main(ForkedBooter.java:75)
</failure>
    <system-out>17/12/05 16:45:20 INFO TransactionContext: Began transaction (1) for test context [DefaultTestContext@3398ed12 testClass = UserServiceImplTest, testInstance = jp.bo.bocc.service.impl.UserServiceImplTest@54816d7a, testMethod = testVerifyBsAccountFail@UserServiceImplTest, testException = [null], mergedContextConfiguration = [MergedContextConfiguration@80b6098 testClass = UserServiceImplTest, locations = &apos;{}&apos;, classes = &apos;{class jp.bo.bocc.system.config.TestConfig}&apos;, contextInitializerClasses = &apos;[]&apos;, activeProfiles = &apos;{app, test}&apos;, propertySourceLocations = &apos;{}&apos;, propertySourceProperties = &apos;{}&apos;, contextCustomizers = set[[empty]], contextLoader = &apos;org.springframework.test.context.support.DelegatingSmartContextLoader&apos;, parent = [null]]]; transaction manager [org.springframework.orm.jpa.JpaTransactionManager@285ac40b]; rollback [true]
17/12/05 16:45:21 INFO TransactionContext: Rolled back transaction for test context [DefaultTestContext@3398ed12 testClass = UserServiceImplTest, testInstance = jp.bo.bocc.service.impl.UserServiceImplTest@54816d7a, testMethod = testVerifyBsAccountFail@UserServiceImplTest, testException = java.lang.AssertionError: Expected exception: jp.bo.bocc.system.exception.ForbiddenException, mergedContextConfiguration = [MergedContextConfiguration@80b6098 testClass = UserServiceImplTest, locations = &apos;{}&apos;, classes = &apos;{class jp.bo.bocc.system.config.TestConfig}&apos;, contextInitializerClasses = &apos;[]&apos;, activeProfiles = &apos;{app, test}&apos;, propertySourceLocations = &apos;{}&apos;, propertySourceProperties = &apos;{}&apos;, contextCustomizers = set[[empty]], contextLoader = &apos;org.springframework.test.context.support.DelegatingSmartContextLoader&apos;, parent = [null]]].
</system-out>
  </testcase>
</testsuite>